2025-05-07 15:34:36,162 - ArbitrageTrader - INFO - Logging initialized at 20250507_153436
2025-05-07 15:34:36,162 - ArbitrageTrader - INFO - Log file: ./logs/arbitrage_20250507_153436.log
2025-05-07 15:34:36,162 - ArbitrageTrader - INFO - Loaded configuration from config.json
2025-05-07 15:34:36,162 - ArbitrageTrader - INFO - OANDA Arbitrage Trading System
2025-05-07 15:34:36,162 - ArbitrageTrader - INFO - ----------------------------------------
2025-05-07 15:34:36,162 - ArbitrageTrader - INFO - Starting time: 2025-05-07 15:34:36.162689
2025-05-07 15:34:36,162 - ArbitrageTrader - INFO - Mode: Live trading
2025-05-07 15:34:36,162 - ArbitrageTrader - INFO - Environment: Practice
2025-05-07 15:34:36,162 - ArbitrageTrader - INFO - Check interval: 3 seconds
2025-05-07 15:34:36,162 - ArbitrageTrader - INFO - ----------------------------------------
2025-05-07 15:34:36,361 - ArbitrageTrader - INFO - Found 21 unique currencies
2025-05-07 15:34:36,361 - ArbitrageTrader - INFO - OANDA Arbitrage Trader initialized in practice mode
2025-05-07 15:34:36,361 - ArbitrageTrader - INFO - Account ID: 101-001-31395009-001
2025-05-07 15:34:36,361 - ArbitrageTrader - INFO - Starting balance: 100000.0
2025-05-07 15:34:36,361 - ArbitrageTrader - INFO - Monitoring 68 valid currency pairs
2025-05-07 15:34:36,361 - ArbitrageTrader - INFO - Starting arbitrage trading system with check interval 3s
2025-05-07 15:34:36,433 - ArbitrageTrader - INFO - Initial account balance: 100000.0
2025-05-07 15:34:36,433 - ArbitrageTrader - INFO - LIVE MODE: Executing real trades
2025-05-07 15:34:36,434 - ArbitrageTrader - INFO - Strategy adjusted for new_york session: profit threshold=0.100%, check interval=3s
2025-05-07 15:34:37,031 - ArbitrageTrader - INFO - Updated 136 exchange rates
2025-05-07 15:34:37,107 - ArbitrageTrader - INFO - Found arbitrage opportunity: 0.3007% profit
2025-05-07 15:34:37,206 - ArbitrageTrader - INFO - Executing arbitrage cycle with expected profit: 0.3007%
2025-05-07 15:34:37,206 - ArbitrageTrader - INFO - Cycle: JPY -> TRY -> USD -> JPY
2025-05-07 15:34:37,266 - ArbitrageTrader - WARNING - Error fetching price for JPY_TRY: 400, {"errorMessage":"Invalid value specified for 'instrument'"}
2025-05-07 15:34:37,267 - ArbitrageTrader - ERROR - Failed to get price for JPY_TRY
2025-05-07 15:34:37,267 - ArbitrageTrader - WARNING - Trade failed: Price data unavailable for JPY_TRY
2025-05-07 15:34:43,272 - ArbitrageTrader - INFO - Strategy adjusted for new_york session: profit threshold=0.100%, check interval=3s
2025-05-07 15:34:44,210 - ArbitrageTrader - INFO - Updated 136 exchange rates
2025-05-07 15:34:44,278 - ArbitrageTrader - INFO - Found arbitrage opportunity: 0.3076% profit
2025-05-07 15:34:44,369 - ArbitrageTrader - INFO - Executing arbitrage cycle with expected profit: 0.3076%
2025-05-07 15:34:44,370 - ArbitrageTrader - INFO - Cycle: USD -> JPY -> TRY -> USD
2025-05-07 15:34:44,526 - ArbitrageTrader - INFO - Order placed successfully: USD_JPY, 6000.0 units
2025-05-07 15:34:44,527 - ArbitrageTrader - ERROR - Invalid execution details for USD_JPY
2025-05-07 15:34:44,527 - ArbitrageTrader - WARNING - Trade failed: Invalid execution details
2025-05-07 15:34:50,529 - ArbitrageTrader - INFO - Strategy adjusted for new_york session: profit threshold=0.100%, check interval=3s
2025-05-07 15:34:51,721 - ArbitrageTrader - INFO - Updated 136 exchange rates
2025-05-07 15:34:51,823 - ArbitrageTrader - INFO - Found arbitrage opportunity: 0.3055% profit
2025-05-07 15:34:51,895 - ArbitrageTrader - INFO - Executing arbitrage cycle with expected profit: 0.3055%
2025-05-07 15:34:51,897 - ArbitrageTrader - INFO - Cycle: JPY -> TRY -> USD -> JPY
2025-05-07 15:34:51,975 - ArbitrageTrader - WARNING - Error fetching price for JPY_TRY: 400, {"errorMessage":"Invalid value specified for 'instrument'"}
2025-05-07 15:34:51,976 - ArbitrageTrader - ERROR - Failed to get price for JPY_TRY
2025-05-07 15:34:51,976 - ArbitrageTrader - WARNING - Trade failed: Price data unavailable for JPY_TRY
2025-05-07 15:34:57,981 - ArbitrageTrader - INFO - Strategy adjusted for new_york session: profit threshold=0.100%, check interval=3s
2025-05-07 15:34:58,742 - ArbitrageTrader - INFO - Updated 136 exchange rates
2025-05-07 15:34:58,826 - ArbitrageTrader - INFO - Found arbitrage opportunity: 0.3007% profit
2025-05-07 15:34:58,912 - ArbitrageTrader - INFO - Executing arbitrage cycle with expected profit: 0.3007%
2025-05-07 15:34:58,913 - ArbitrageTrader - INFO - Cycle: JPY -> TRY -> USD -> JPY
2025-05-07 15:34:58,980 - ArbitrageTrader - WARNING - Error fetching price for JPY_TRY: 400, {"errorMessage":"Invalid value specified for 'instrument'"}
2025-05-07 15:34:58,981 - ArbitrageTrader - ERROR - Failed to get price for JPY_TRY
2025-05-07 15:34:58,981 - ArbitrageTrader - WARNING - Trade failed: Price data unavailable for JPY_TRY
2025-05-07 15:35:04,983 - ArbitrageTrader - INFO - Strategy adjusted for new_york session: profit threshold=0.100%, check interval=3s
2025-05-07 15:35:05,662 - ArbitrageTrader - INFO - Updated 136 exchange rates
2025-05-07 15:35:05,763 - ArbitrageTrader - INFO - Found arbitrage opportunity: 0.3014% profit
2025-05-07 15:35:05,898 - ArbitrageTrader - INFO - Executing arbitrage cycle with expected profit: 0.3014%
2025-05-07 15:35:05,898 - ArbitrageTrader - INFO - Cycle: USD -> JPY -> TRY -> USD
2025-05-07 15:35:06,082 - ArbitrageTrader - INFO - Order placed successfully: USD_JPY, 6000.0 units
2025-05-07 15:35:06,083 - ArbitrageTrader - ERROR - Invalid execution details for USD_JPY
2025-05-07 15:35:06,083 - ArbitrageTrader - WARNING - Trade failed: Invalid execution details
2025-05-07 15:35:12,088 - ArbitrageTrader - INFO - Strategy adjusted for new_york session: profit threshold=0.100%, check interval=3s
2025-05-07 15:35:12,819 - ArbitrageTrader - INFO - Updated 136 exchange rates
2025-05-07 15:35:12,887 - ArbitrageTrader - INFO - Found arbitrage opportunity: 0.3174% profit
2025-05-07 15:35:12,951 - ArbitrageTrader - INFO - Executing arbitrage cycle with expected profit: 0.3174%
2025-05-07 15:35:12,951 - ArbitrageTrader - INFO - Cycle: JPY -> TRY -> USD -> JPY
2025-05-07 15:35:13,007 - ArbitrageTrader - WARNING - Error fetching price for JPY_TRY: 400, {"errorMessage":"Invalid value specified for 'instrument'"}
2025-05-07 15:35:13,008 - ArbitrageTrader - ERROR - Failed to get price for JPY_TRY
2025-05-07 15:35:13,008 - ArbitrageTrader - WARNING - Trade failed: Price data unavailable for JPY_TRY
2025-05-07 15:35:19,013 - ArbitrageTrader - INFO - Strategy adjusted for new_york session: profit threshold=0.100%, check interval=3s
2025-05-07 15:35:19,700 - ArbitrageTrader - INFO - Updated 136 exchange rates
2025-05-07 15:35:19,794 - ArbitrageTrader - INFO - Found arbitrage opportunity: 0.3167% profit
2025-05-07 15:35:19,892 - ArbitrageTrader - INFO - Executing arbitrage cycle with expected profit: 0.3167%
2025-05-07 15:35:19,892 - ArbitrageTrader - INFO - Cycle: USD -> JPY -> TRY -> USD
2025-05-07 15:35:20,096 - ArbitrageTrader - INFO - Order placed successfully: USD_JPY, 6000.0 units
2025-05-07 15:35:20,096 - ArbitrageTrader - ERROR - Invalid execution details for USD_JPY
2025-05-07 15:35:20,097 - ArbitrageTrader - WARNING - Trade failed: Invalid execution details
2025-05-07 15:35:26,102 - ArbitrageTrader - INFO - Strategy adjusted for new_york session: profit threshold=0.100%, check interval=3s
2025-05-07 15:35:26,847 - ArbitrageTrader - INFO - Updated 136 exchange rates
2025-05-07 15:35:26,992 - ArbitrageTrader - INFO - Found arbitrage opportunity: 0.3230% profit
2025-05-07 15:35:27,070 - ArbitrageTrader - INFO - Executing arbitrage cycle with expected profit: 0.3230%
2025-05-07 15:35:27,071 - ArbitrageTrader - INFO - Cycle: JPY -> TRY -> USD -> JPY
2025-05-07 15:35:27,146 - ArbitrageTrader - WARNING - Error fetching price for JPY_TRY: 400, {"errorMessage":"Invalid value specified for 'instrument'"}
2025-05-07 15:35:27,146 - ArbitrageTrader - ERROR - Failed to get price for JPY_TRY
2025-05-07 15:35:27,146 - ArbitrageTrader - WARNING - Trade failed: Price data unavailable for JPY_TRY
2025-05-07 15:35:33,156 - ArbitrageTrader - INFO - Strategy adjusted for new_york session: profit threshold=0.100%, check interval=3s
2025-05-07 15:35:34,042 - ArbitrageTrader - INFO - Updated 136 exchange rates
2025-05-07 15:35:34,436 - ArbitrageTrader - INFO - Found arbitrage opportunity: 0.3195% profit
2025-05-07 15:35:34,520 - ArbitrageTrader - INFO - Executing arbitrage cycle with expected profit: 0.3195%
2025-05-07 15:35:34,521 - ArbitrageTrader - INFO - Cycle: USD -> JPY -> TRY -> USD
2025-05-07 15:35:34,768 - ArbitrageTrader - INFO - Order placed successfully: USD_JPY, 6000.0 units
2025-05-07 15:35:34,769 - ArbitrageTrader - ERROR - Invalid execution details for USD_JPY
2025-05-07 15:35:34,771 - ArbitrageTrader - WARNING - Trade failed: Invalid execution details
2025-05-07 15:35:40,773 - ArbitrageTrader - INFO - Strategy adjusted for new_york session: profit threshold=0.100%, check interval=3s
2025-05-07 15:35:41,651 - ArbitrageTrader - INFO - Updated 136 exchange rates
2025-05-07 15:35:41,727 - ArbitrageTrader - INFO - Found arbitrage opportunity: 0.2800% profit
2025-05-07 15:35:41,817 - ArbitrageTrader - INFO - Executing arbitrage cycle with expected profit: 0.2800%
2025-05-07 15:35:41,817 - ArbitrageTrader - INFO - Cycle: USD -> JPY -> TRY -> USD
2025-05-07 15:35:41,950 - ArbitrageTrader - INFO - Order placed successfully: USD_JPY, 6000.0 units
2025-05-07 15:35:41,950 - ArbitrageTrader - ERROR - Invalid execution details for USD_JPY
2025-05-07 15:35:41,950 - ArbitrageTrader - WARNING - Trade failed: Invalid execution details
2025-05-07 15:35:47,953 - ArbitrageTrader - INFO - Strategy adjusted for new_york session: profit threshold=0.100%, check interval=3s
2025-05-07 15:35:48,758 - ArbitrageTrader - INFO - Updated 136 exchange rates
2025-05-07 15:35:48,844 - ArbitrageTrader - INFO - Found arbitrage opportunity: 0.2772% profit
2025-05-07 15:35:48,914 - ArbitrageTrader - INFO - Executing arbitrage cycle with expected profit: 0.2772%
2025-05-07 15:35:48,915 - ArbitrageTrader - INFO - Cycle: USD -> JPY -> TRY -> USD
2025-05-07 15:35:49,068 - ArbitrageTrader - INFO - Order placed successfully: USD_JPY, 6000.0 units
2025-05-07 15:35:49,068 - ArbitrageTrader - ERROR - Invalid execution details for USD_JPY
2025-05-07 15:35:49,068 - ArbitrageTrader - WARNING - Trade failed: Invalid execution details
2025-05-07 15:35:55,074 - ArbitrageTrader - INFO - Strategy adjusted for new_york session: profit threshold=0.100%, check interval=3s
2025-05-07 15:35:55,702 - ArbitrageTrader - INFO - Updated 136 exchange rates
2025-05-07 15:35:55,803 - ArbitrageTrader - INFO - Found arbitrage opportunity: 0.2765% profit
2025-05-07 15:35:55,886 - ArbitrageTrader - INFO - Executing arbitrage cycle with expected profit: 0.2765%
2025-05-07 15:35:55,886 - ArbitrageTrader - INFO - Cycle: USD -> JPY -> TRY -> USD
2025-05-07 15:35:56,074 - ArbitrageTrader - INFO - Order placed successfully: USD_JPY, 6000.0 units
2025-05-07 15:35:56,075 - ArbitrageTrader - ERROR - Invalid execution details for USD_JPY
2025-05-07 15:35:56,075 - ArbitrageTrader - WARNING - Trade failed: Invalid execution details
2025-05-07 15:36:02,076 - ArbitrageTrader - INFO - Strategy adjusted for new_york session: profit threshold=0.100%, check interval=3s
2025-05-07 15:36:02,754 - ArbitrageTrader - INFO - Updated 136 exchange rates
2025-05-07 15:36:02,829 - ArbitrageTrader - INFO - Found arbitrage opportunity: 0.2724% profit
2025-05-07 15:36:02,903 - ArbitrageTrader - INFO - Executing arbitrage cycle with expected profit: 0.2724%
2025-05-07 15:36:02,903 - ArbitrageTrader - INFO - Cycle: USD -> JPY -> TRY -> USD
2025-05-07 15:36:03,103 - ArbitrageTrader - INFO - Order placed successfully: USD_JPY, 6000.0 units
2025-05-07 15:36:03,104 - ArbitrageTrader - ERROR - Invalid execution details for USD_JPY
2025-05-07 15:36:03,104 - ArbitrageTrader - WARNING - Trade failed: Invalid execution details
2025-05-07 15:36:09,111 - ArbitrageTrader - INFO - Strategy adjusted for new_york session: profit threshold=0.100%, check interval=3s
2025-05-07 15:36:09,875 - ArbitrageTrader - INFO - Updated 136 exchange rates
2025-05-07 15:36:09,977 - ArbitrageTrader - INFO - Found arbitrage opportunity: 0.2814% profit
2025-05-07 15:36:10,069 - ArbitrageTrader - INFO - Executing arbitrage cycle with expected profit: 0.2814%
2025-05-07 15:36:10,069 - ArbitrageTrader - INFO - Cycle: USD -> JPY -> TRY -> USD
2025-05-07 15:36:10,231 - ArbitrageTrader - INFO - Order placed successfully: USD_JPY, 6000.0 units
2025-05-07 15:36:10,232 - ArbitrageTrader - ERROR - Invalid execution details for USD_JPY
2025-05-07 15:36:10,232 - ArbitrageTrader - WARNING - Trade failed: Invalid execution details
2025-05-07 15:36:16,235 - ArbitrageTrader - INFO - Strategy adjusted for new_york session: profit threshold=0.100%, check interval=3s
2025-05-07 15:36:16,878 - ArbitrageTrader - INFO - Updated 136 exchange rates
2025-05-07 15:36:16,973 - ArbitrageTrader - INFO - Found arbitrage opportunity: 0.2821% profit
2025-05-07 15:36:17,049 - ArbitrageTrader - INFO - Executing arbitrage cycle with expected profit: 0.2821%
2025-05-07 15:36:17,049 - ArbitrageTrader - INFO - Cycle: USD -> JPY -> TRY -> USD
2025-05-07 15:36:17,292 - ArbitrageTrader - INFO - Order placed successfully: USD_JPY, 6000.0 units
2025-05-07 15:36:17,293 - ArbitrageTrader - ERROR - Invalid execution details for USD_JPY
2025-05-07 15:36:17,293 - ArbitrageTrader - WARNING - Trade failed: Invalid execution details
2025-05-07 15:36:23,298 - ArbitrageTrader - INFO - Strategy adjusted for new_york session: profit threshold=0.100%, check interval=3s
2025-05-07 15:36:23,948 - ArbitrageTrader - INFO - Updated 136 exchange rates
2025-05-07 15:36:24,063 - ArbitrageTrader - INFO - Found arbitrage opportunity: 0.2891% profit
2025-05-07 15:36:24,148 - ArbitrageTrader - INFO - Executing arbitrage cycle with expected profit: 0.2891%
2025-05-07 15:36:24,148 - ArbitrageTrader - INFO - Cycle: USD -> JPY -> TRY -> USD
2025-05-07 15:36:24,323 - ArbitrageTrader - INFO - Order placed successfully: USD_JPY, 6000.0 units
2025-05-07 15:36:24,323 - ArbitrageTrader - ERROR - Invalid execution details for USD_JPY
2025-05-07 15:36:24,323 - ArbitrageTrader - WARNING - Trade failed: Invalid execution details
2025-05-07 15:36:30,329 - ArbitrageTrader - INFO - Strategy adjusted for new_york session: profit threshold=0.100%, check interval=3s
2025-05-07 15:36:30,942 - ArbitrageTrader - INFO - Updated 136 exchange rates
2025-05-07 15:36:31,026 - ArbitrageTrader - INFO - Found arbitrage opportunity: 0.2933% profit
2025-05-07 15:36:31,124 - ArbitrageTrader - INFO - Executing arbitrage cycle with expected profit: 0.2933%
2025-05-07 15:36:31,125 - ArbitrageTrader - INFO - Cycle: USD -> JPY -> TRY -> USD
2025-05-07 15:36:31,620 - ArbitrageTrader - INFO - Order placed successfully: USD_JPY, 6000.0 units
2025-05-07 15:36:31,623 - ArbitrageTrader - ERROR - Invalid execution details for USD_JPY
2025-05-07 15:36:31,624 - ArbitrageTrader - WARNING - Trade failed: Invalid execution details
2025-05-07 15:36:37,629 - ArbitrageTrader - INFO - Strategy adjusted for new_york session: profit threshold=0.100%, check interval=3s
2025-05-07 15:36:38,202 - ArbitrageTrader - INFO - Updated 136 exchange rates
2025-05-07 15:36:38,292 - ArbitrageTrader - INFO - Found arbitrage opportunity: 0.2828% profit
2025-05-07 15:36:38,377 - ArbitrageTrader - INFO - Executing arbitrage cycle with expected profit: 0.2828%
2025-05-07 15:36:38,377 - ArbitrageTrader - INFO - Cycle: USD -> JPY -> TRY -> USD
2025-05-07 15:36:38,527 - ArbitrageTrader - INFO - Order placed successfully: USD_JPY, 6000.0 units
2025-05-07 15:36:38,527 - ArbitrageTrader - ERROR - Invalid execution details for USD_JPY
2025-05-07 15:36:38,528 - ArbitrageTrader - WARNING - Trade failed: Invalid execution details
2025-05-07 15:36:44,540 - ArbitrageTrader - INFO - Strategy adjusted for new_york session: profit threshold=0.100%, check interval=3s
2025-05-07 15:36:45,307 - ArbitrageTrader - INFO - Updated 136 exchange rates
2025-05-07 15:36:45,417 - ArbitrageTrader - INFO - Found arbitrage opportunity: 0.2933% profit
2025-05-07 15:36:45,501 - ArbitrageTrader - INFO - Executing arbitrage cycle with expected profit: 0.2933%
2025-05-07 15:36:45,501 - ArbitrageTrader - INFO - Cycle: USD -> JPY -> TRY -> USD
2025-05-07 15:36:45,681 - ArbitrageTrader - INFO - Order placed successfully: USD_JPY, 6000.0 units
2025-05-07 15:36:45,683 - ArbitrageTrader - ERROR - Invalid execution details for USD_JPY
2025-05-07 15:36:45,683 - ArbitrageTrader - WARNING - Trade failed: Invalid execution details
2025-05-07 15:36:51,685 - ArbitrageTrader - INFO - Strategy adjusted for new_york session: profit threshold=0.100%, check interval=3s
2025-05-07 15:36:52,454 - ArbitrageTrader - INFO - Updated 136 exchange rates
2025-05-07 15:36:52,531 - ArbitrageTrader - INFO - Found arbitrage opportunity: 0.2991% profit
2025-05-07 15:36:52,936 - ArbitrageTrader - INFO - Executing arbitrage cycle with expected profit: 0.2991%
2025-05-07 15:36:52,936 - ArbitrageTrader - INFO - Cycle: USD -> JPY -> TRY -> USD
2025-05-07 15:36:53,145 - ArbitrageTrader - INFO - Order placed successfully: USD_JPY, 6000.0 units
2025-05-07 15:36:53,145 - ArbitrageTrader - ERROR - Invalid execution details for USD_JPY
2025-05-07 15:36:53,145 - ArbitrageTrader - WARNING - Trade failed: Invalid execution details
2025-05-07 15:36:59,151 - ArbitrageTrader - INFO - Strategy adjusted for new_york session: profit threshold=0.100%, check interval=3s
2025-05-07 15:36:59,768 - ArbitrageTrader - INFO - Updated 136 exchange rates
2025-05-07 15:36:59,940 - ArbitrageTrader - INFO - Found arbitrage opportunity: 0.3054% profit
2025-05-07 15:37:00,081 - ArbitrageTrader - INFO - Executing arbitrage cycle with expected profit: 0.3054%
2025-05-07 15:37:00,082 - ArbitrageTrader - INFO - Cycle: USD -> JPY -> TRY -> USD
2025-05-07 15:37:00,254 - ArbitrageTrader - INFO - Order placed successfully: USD_JPY, 6000.0 units
2025-05-07 15:37:00,254 - ArbitrageTrader - ERROR - Invalid execution details for USD_JPY
2025-05-07 15:37:00,254 - ArbitrageTrader - WARNING - Trade failed: Invalid execution details
2025-05-07 15:37:06,260 - ArbitrageTrader - INFO - Strategy adjusted for new_york session: profit threshold=0.100%, check interval=3s
2025-05-07 15:37:06,980 - ArbitrageTrader - INFO - Updated 136 exchange rates
2025-05-07 15:37:07,066 - ArbitrageTrader - INFO - Found arbitrage opportunity: 0.2998% profit
2025-05-07 15:37:07,176 - ArbitrageTrader - INFO - Executing arbitrage cycle with expected profit: 0.2998%
2025-05-07 15:37:07,177 - ArbitrageTrader - INFO - Cycle: USD -> JPY -> TRY -> USD
2025-05-07 15:37:07,344 - ArbitrageTrader - INFO - Order placed successfully: USD_JPY, 6000.0 units
2025-05-07 15:37:07,345 - ArbitrageTrader - ERROR - Invalid execution details for USD_JPY
2025-05-07 15:37:07,345 - ArbitrageTrader - WARNING - Trade failed: Invalid execution details
2025-05-07 15:37:13,350 - ArbitrageTrader - INFO - Strategy adjusted for new_york session: profit threshold=0.100%, check interval=3s
2025-05-07 15:37:14,729 - ArbitrageTrader - INFO - Updated 136 exchange rates
2025-05-07 15:37:14,823 - ArbitrageTrader - INFO - Found arbitrage opportunity: 0.2893% profit
2025-05-07 15:37:14,897 - ArbitrageTrader - INFO - Executing arbitrage cycle with expected profit: 0.2893%
2025-05-07 15:37:14,897 - ArbitrageTrader - INFO - Cycle: USD -> JPY -> TRY -> USD
2025-05-07 15:37:15,022 - ArbitrageTrader - INFO - Order placed successfully: USD_JPY, 6000.0 units
2025-05-07 15:37:15,022 - ArbitrageTrader - ERROR - Invalid execution details for USD_JPY
2025-05-07 15:37:15,023 - ArbitrageTrader - WARNING - Trade failed: Invalid execution details
2025-05-07 15:37:21,028 - ArbitrageTrader - INFO - Strategy adjusted for new_york session: profit threshold=0.100%, check interval=3s
2025-05-07 15:37:40,443 - ArbitrageTrader - INFO - Updated 136 exchange rates
2025-05-07 15:37:40,562 - ArbitrageTrader - INFO - Found arbitrage opportunity: 0.2880% profit
2025-05-07 15:37:40,680 - ArbitrageTrader - INFO - Executing arbitrage cycle with expected profit: 0.2880%
2025-05-07 15:37:40,680 - ArbitrageTrader - INFO - Cycle: USD -> JPY -> TRY -> USD
2025-05-07 15:37:40,829 - ArbitrageTrader - INFO - Order placed successfully: USD_JPY, 6000.0 units
2025-05-07 15:37:40,829 - ArbitrageTrader - ERROR - Invalid execution details for USD_JPY
2025-05-07 15:37:40,830 - ArbitrageTrader - WARNING - Trade failed: Invalid execution details
2025-05-07 15:37:47,032 - ArbitrageTrader - INFO - Strategy adjusted for new_york session: profit threshold=0.100%, check interval=3s
2025-05-07 15:37:48,423 - ArbitrageTrader - INFO - Updated 136 exchange rates
2025-05-07 15:37:48,533 - ArbitrageTrader - INFO - Found arbitrage opportunity: 0.3068% profit
2025-05-07 15:37:48,610 - ArbitrageTrader - INFO - Executing arbitrage cycle with expected profit: 0.3068%
2025-05-07 15:37:48,611 - ArbitrageTrader - INFO - Cycle: USD -> JPY -> TRY -> USD
2025-05-07 15:37:48,825 - ArbitrageTrader - INFO - Order placed successfully: USD_JPY, 6000.0 units
2025-05-07 15:37:48,825 - ArbitrageTrader - ERROR - Invalid execution details for USD_JPY
2025-05-07 15:37:48,825 - ArbitrageTrader - WARNING - Trade failed: Invalid execution details
2025-05-07 15:37:54,830 - ArbitrageTrader - INFO - Strategy adjusted for new_york session: profit threshold=0.100%, check interval=3s
2025-05-07 15:37:55,560 - ArbitrageTrader - INFO - Updated 136 exchange rates
2025-05-07 15:37:55,644 - ArbitrageTrader - INFO - Found arbitrage opportunity: 0.3131% profit
2025-05-07 15:37:55,717 - ArbitrageTrader - INFO - Executing arbitrage cycle with expected profit: 0.3131%
2025-05-07 15:37:55,717 - ArbitrageTrader - INFO - Cycle: USD -> JPY -> TRY -> USD
2025-05-07 15:37:55,843 - ArbitrageTrader - INFO - Order placed successfully: USD_JPY, 6000.0 units
2025-05-07 15:37:55,844 - ArbitrageTrader - ERROR - Invalid execution details for USD_JPY
2025-05-07 15:37:55,844 - ArbitrageTrader - WARNING - Trade failed: Invalid execution details
2025-05-07 15:38:01,849 - ArbitrageTrader - INFO - Strategy adjusted for new_york session: profit threshold=0.100%, check interval=3s
2025-05-07 15:38:02,585 - ArbitrageTrader - INFO - Updated 136 exchange rates
2025-05-07 15:38:02,676 - ArbitrageTrader - INFO - Found arbitrage opportunity: 0.3152% profit
2025-05-07 15:38:02,755 - ArbitrageTrader - INFO - Executing arbitrage cycle with expected profit: 0.3152%
2025-05-07 15:38:02,755 - ArbitrageTrader - INFO - Cycle: JPY -> TRY -> USD -> JPY
2025-05-07 15:38:02,884 - ArbitrageTrader - WARNING - Error fetching price for JPY_TRY: 400, {"errorMessage":"Invalid value specified for 'instrument'"}
2025-05-07 15:38:02,885 - ArbitrageTrader - ERROR - Failed to get price for JPY_TRY
2025-05-07 15:38:02,885 - ArbitrageTrader - WARNING - Trade failed: Price data unavailable for JPY_TRY
2025-05-07 15:38:08,892 - ArbitrageTrader - INFO - Strategy adjusted for new_york session: profit threshold=0.100%, check interval=3s
2025-05-07 15:38:09,525 - ArbitrageTrader - INFO - Updated 136 exchange rates
2025-05-07 15:38:09,601 - ArbitrageTrader - INFO - Found arbitrage opportunity: 0.3131% profit
2025-05-07 15:38:09,679 - ArbitrageTrader - INFO - Executing arbitrage cycle with expected profit: 0.3131%
2025-05-07 15:38:09,679 - ArbitrageTrader - INFO - Cycle: USD -> JPY -> TRY -> USD
2025-05-07 15:38:09,854 - ArbitrageTrader - INFO - Order placed successfully: USD_JPY, 6000.0 units
2025-05-07 15:38:09,854 - ArbitrageTrader - ERROR - Invalid execution details for USD_JPY
2025-05-07 15:38:09,855 - ArbitrageTrader - WARNING - Trade failed: Invalid execution details
2025-05-07 15:38:15,857 - ArbitrageTrader - INFO - Strategy adjusted for new_york session: profit threshold=0.100%, check interval=3s
2025-05-07 15:38:16,556 - ArbitrageTrader - INFO - Updated 136 exchange rates
2025-05-07 15:38:16,657 - ArbitrageTrader - INFO - Found arbitrage opportunity: 0.3082% profit
2025-05-07 15:38:16,751 - ArbitrageTrader - INFO - Executing arbitrage cycle with expected profit: 0.3082%
2025-05-07 15:38:16,751 - ArbitrageTrader - INFO - Cycle: USD -> JPY -> TRY -> USD
2025-05-07 15:38:16,884 - ArbitrageTrader - INFO - Order placed successfully: USD_JPY, 6000.0 units
2025-05-07 15:38:16,885 - ArbitrageTrader - ERROR - Invalid execution details for USD_JPY
2025-05-07 15:38:16,885 - ArbitrageTrader - WARNING - Trade failed: Invalid execution details
2025-05-07 15:38:22,889 - ArbitrageTrader - INFO - Strategy adjusted for new_york session: profit threshold=0.100%, check interval=3s
2025-05-07 15:38:42,510 - ArbitrageTrader - INFO - Updated 136 exchange rates
2025-05-07 15:38:42,614 - ArbitrageTrader - INFO - Found arbitrage opportunity: 0.3138% profit
2025-05-07 15:38:42,714 - ArbitrageTrader - INFO - Executing arbitrage cycle with expected profit: 0.3138%
2025-05-07 15:38:42,715 - ArbitrageTrader - INFO - Cycle: USD -> JPY -> TRY -> USD
2025-05-07 15:38:42,865 - ArbitrageTrader - INFO - Order placed successfully: USD_JPY, 6000.0 units
2025-05-07 15:38:42,866 - ArbitrageTrader - ERROR - Invalid execution details for USD_JPY
2025-05-07 15:38:42,866 - ArbitrageTrader - WARNING - Trade failed: Invalid execution details
2025-05-07 15:38:48,869 - ArbitrageTrader - INFO - Strategy adjusted for new_york session: profit threshold=0.100%, check interval=3s
2025-05-07 15:38:49,529 - ArbitrageTrader - INFO - Updated 136 exchange rates
2025-05-07 15:38:49,627 - ArbitrageTrader - INFO - Found arbitrage opportunity: 0.3026% profit
2025-05-07 15:38:49,715 - ArbitrageTrader - INFO - Executing arbitrage cycle with expected profit: 0.3026%
2025-05-07 15:38:49,716 - ArbitrageTrader - INFO - Cycle: USD -> JPY -> TRY -> USD
2025-05-07 15:38:49,873 - ArbitrageTrader - INFO - Order placed successfully: USD_JPY, 6000.0 units
2025-05-07 15:38:49,874 - ArbitrageTrader - ERROR - Invalid execution details for USD_JPY
2025-05-07 15:38:49,874 - ArbitrageTrader - WARNING - Trade failed: Invalid execution details
2025-05-07 15:38:55,876 - ArbitrageTrader - INFO - Strategy adjusted for new_york session: profit threshold=0.100%, check interval=3s
2025-05-07 15:38:56,449 - ArbitrageTrader - INFO - Updated 136 exchange rates
2025-05-07 15:38:56,534 - ArbitrageTrader - INFO - Found arbitrage opportunity: 0.3061% profit
2025-05-07 15:38:56,600 - ArbitrageTrader - INFO - Executing arbitrage cycle with expected profit: 0.3061%
2025-05-07 15:38:56,600 - ArbitrageTrader - INFO - Cycle: USD -> JPY -> TRY -> USD
2025-05-07 15:38:56,741 - ArbitrageTrader - INFO - Order placed successfully: USD_JPY, 6000.0 units
2025-05-07 15:38:56,742 - ArbitrageTrader - ERROR - Invalid execution details for USD_JPY
2025-05-07 15:38:56,743 - ArbitrageTrader - WARNING - Trade failed: Invalid execution details
2025-05-07 15:39:02,748 - ArbitrageTrader - INFO - Strategy adjusted for new_york session: profit threshold=0.100%, check interval=3s
2025-05-07 15:39:03,463 - ArbitrageTrader - INFO - Updated 136 exchange rates
2025-05-07 15:39:03,537 - ArbitrageTrader - INFO - Found arbitrage opportunity: 0.2991% profit
2025-05-07 15:39:03,611 - ArbitrageTrader - INFO - Executing arbitrage cycle with expected profit: 0.2991%
2025-05-07 15:39:03,611 - ArbitrageTrader - INFO - Cycle: USD -> JPY -> TRY -> USD
2025-05-07 15:39:03,761 - ArbitrageTrader - INFO - Order placed successfully: USD_JPY, 6000.0 units
2025-05-07 15:39:03,761 - ArbitrageTrader - ERROR - Invalid execution details for USD_JPY
2025-05-07 15:39:03,762 - ArbitrageTrader - WARNING - Trade failed: Invalid execution details
2025-05-07 15:39:09,765 - ArbitrageTrader - INFO - Strategy adjusted for new_york session: profit threshold=0.100%, check interval=3s
2025-05-07 15:39:10,379 - ArbitrageTrader - INFO - Updated 136 exchange rates
2025-05-07 15:39:10,461 - ArbitrageTrader - INFO - Found arbitrage opportunity: 0.3040% profit
2025-05-07 15:39:10,541 - ArbitrageTrader - INFO - Executing arbitrage cycle with expected profit: 0.3040%
2025-05-07 15:39:10,541 - ArbitrageTrader - INFO - Cycle: USD -> JPY -> TRY -> USD
2025-05-07 15:39:10,801 - ArbitrageTrader - INFO - Order placed successfully: USD_JPY, 6000.0 units
2025-05-07 15:39:10,802 - ArbitrageTrader - ERROR - Invalid execution details for USD_JPY
2025-05-07 15:39:10,802 - ArbitrageTrader - WARNING - Trade failed: Invalid execution details
2025-05-07 15:39:16,807 - ArbitrageTrader - INFO - Strategy adjusted for new_york session: profit threshold=0.100%, check interval=3s
2025-05-07 15:39:17,513 - ArbitrageTrader - INFO - Updated 136 exchange rates
2025-05-07 15:39:17,604 - ArbitrageTrader - INFO - Found arbitrage opportunity: 0.2893% profit
2025-05-07 15:39:17,666 - ArbitrageTrader - INFO - Executing arbitrage cycle with expected profit: 0.2893%
2025-05-07 15:39:17,666 - ArbitrageTrader - INFO - Cycle: USD -> JPY -> TRY -> USD
2025-05-07 15:39:17,796 - ArbitrageTrader - INFO - Order placed successfully: USD_JPY, 6000.0 units
2025-05-07 15:39:17,796 - ArbitrageTrader - ERROR - Invalid execution details for USD_JPY
2025-05-07 15:39:17,796 - ArbitrageTrader - WARNING - Trade failed: Invalid execution details
2025-05-07 15:39:23,802 - ArbitrageTrader - INFO - Strategy adjusted for new_york session: profit threshold=0.100%, check interval=3s
2025-05-07 15:39:24,674 - ArbitrageTrader - INFO - Updated 136 exchange rates
2025-05-07 15:39:24,750 - ArbitrageTrader - INFO - Found arbitrage opportunity: 0.2914% profit
2025-05-07 15:39:24,815 - ArbitrageTrader - INFO - Executing arbitrage cycle with expected profit: 0.2914%
2025-05-07 15:39:24,815 - ArbitrageTrader - INFO - Cycle: USD -> JPY -> TRY -> USD
2025-05-07 15:39:24,961 - ArbitrageTrader - INFO - Order placed successfully: USD_JPY, 6000.0 units
2025-05-07 15:39:24,961 - ArbitrageTrader - ERROR - Invalid execution details for USD_JPY
2025-05-07 15:39:24,962 - ArbitrageTrader - WARNING - Trade failed: Invalid execution details
2025-05-07 15:39:27,679 - ArbitrageTrader - INFO - Arbitrage trading stopped by user
2025-05-07 15:39:27,786 - ArbitrageTrader - INFO - Trading session complete. Final balance: 100000.0
2025-05-07 15:39:27,786 - ArbitrageTrader - INFO - Total profit/loss: 0.0 (0.00%)
2025-05-07 15:39:27,787 - ArbitrageTrader - INFO - Performance data saved to ./data/performance_20250507_153927.json
2025-05-07 15:39:27,788 - ArbitrageTrader - INFO - Performance report saved to ./data/summary_20250507_153927.txt
