2025-05-07 18:46:20,178 - ArbitrageTrader - INFO - Logging initialized at 20250507_184620
2025-05-07 18:46:20,178 - ArbitrageTrader - INFO - Log file: ./logs/arbitrage_20250507_184620.log
2025-05-07 18:46:20,178 - ArbitrageTrader - INFO - Loaded configuration from config.json
2025-05-07 18:46:20,178 - ArbitrageTrader - INFO - OANDA Arbitrage Trading System
2025-05-07 18:46:20,178 - ArbitrageTrader - INFO - ----------------------------------------
2025-05-07 18:46:20,178 - ArbitrageTrader - INFO - Starting time: 2025-05-07 18:46:20.178839
2025-05-07 18:46:20,178 - ArbitrageTrader - INFO - Mode: Live trading
2025-05-07 18:46:20,178 - ArbitrageTrader - INFO - Environment: Practice
2025-05-07 18:46:20,178 - ArbitrageTrader - INFO - Check interval: 3 seconds
2025-05-07 18:46:20,178 - ArbitrageTrader - INFO - ----------------------------------------
2025-05-07 18:46:20,469 - ArbitrageTrader - INFO - Found 21 unique currencies
2025-05-07 18:46:20,470 - ArbitrageTrader - WARNING - Currency pair USD_EUR not supported by OANDA - excluding from monitoring
2025-05-07 18:46:20,470 - ArbitrageTrader - WARNING - Currency pair USD_GBP not supported by OANDA - excluding from monitoring
2025-05-07 18:46:20,470 - ArbitrageTrader - WARNING - Currency pair JPY_USD not supported by OANDA - excluding from monitoring
2025-05-07 18:46:20,470 - ArbitrageTrader - WARNING - Currency pair GBP_EUR not supported by OANDA - excluding from monitoring
2025-05-07 18:46:20,470 - ArbitrageTrader - WARNING - Currency pair JPY_EUR not supported by OANDA - excluding from monitoring
2025-05-07 18:46:20,470 - ArbitrageTrader - WARNING - Currency pair JPY_GBP not supported by OANDA - excluding from monitoring
2025-05-07 18:46:20,470 - ArbitrageTrader - INFO - OANDA Arbitrage Trader initialized in practice mode
2025-05-07 18:46:20,470 - ArbitrageTrader - INFO - Account ID: 101-001-31395009-001
2025-05-07 18:46:20,470 - ArbitrageTrader - INFO - Starting balance: 100177.6106
2025-05-07 18:46:20,470 - ArbitrageTrader - INFO - Monitoring 68 valid currency pairs
2025-05-07 18:46:20,471 - ArbitrageTrader - INFO - Starting arbitrage trading system with check interval 3s
2025-05-07 18:46:20,572 - ArbitrageTrader - INFO - Initial account balance: 100177.6106
2025-05-07 18:46:20,572 - ArbitrageTrader - INFO - LIVE MODE: Executing real trades
2025-05-07 18:46:20,573 - ArbitrageTrader - INFO - Strategy adjusted for low_liquidity session: profit threshold=0.150%, check interval=5s
2025-05-07 18:46:21,330 - ArbitrageTrader - INFO - Updated 136 exchange rates
2025-05-07 18:46:21,417 - ArbitrageTrader - INFO - Trading conditions not optimal. Waiting...
2025-05-07 18:46:27,423 - ArbitrageTrader - INFO - Strategy adjusted for low_liquidity session: profit threshold=0.150%, check interval=5s
2025-05-07 18:46:28,332 - ArbitrageTrader - INFO - Updated 136 exchange rates
2025-05-07 18:46:28,414 - ArbitrageTrader - INFO - Trading conditions not optimal. Waiting...
