2025-05-07 15:26:13,807 - ArbitrageTrader - INFO - Logging initialized at 20250507_152613
2025-05-07 15:26:13,807 - ArbitrageTrader - INFO - Log file: ./logs/arbitrage_20250507_152613.log
2025-05-07 15:26:13,807 - ArbitrageTrader - INFO - Loaded configuration from config.json
2025-05-07 15:26:13,807 - ArbitrageTrader - INFO - OANDA Arbitrage Trading System
2025-05-07 15:26:13,808 - ArbitrageTrader - INFO - ----------------------------------------
2025-05-07 15:26:13,808 - ArbitrageTrader - INFO - Starting time: 2025-05-07 15:26:13.808050
2025-05-07 15:26:13,808 - ArbitrageTrader - INFO - Mode: Live trading
2025-05-07 15:26:13,808 - ArbitrageTrader - INFO - Environment: Practice
2025-05-07 15:26:13,808 - ArbitrageTrader - INFO - Check interval: 3 seconds
2025-05-07 15:26:13,808 - ArbitrageTrader - INFO - ----------------------------------------
2025-05-07 15:26:13,977 - ArbitrageTrader - INFO - Found 21 unique currencies
2025-05-07 15:26:13,977 - ArbitrageTrader - INFO - OANDA Arbitrage Trader initialized in practice mode
2025-05-07 15:26:13,977 - ArbitrageTrader - INFO - Account ID: 101-001-31395009-001
2025-05-07 15:26:13,977 - ArbitrageTrader - INFO - Starting balance: 100000.0
2025-05-07 15:26:13,977 - ArbitrageTrader - INFO - Monitoring 68 valid currency pairs
2025-05-07 15:26:13,977 - ArbitrageTrader - INFO - Starting arbitrage trading system with check interval 3s
2025-05-07 15:26:14,058 - ArbitrageTrader - INFO - Initial account balance: 100000.0
2025-05-07 15:26:14,058 - ArbitrageTrader - INFO - LIVE MODE: Executing real trades
2025-05-07 15:26:14,058 - ArbitrageTrader - INFO - Strategy adjusted for new_york session: profit threshold=0.100%, check interval=3s
2025-05-07 15:26:14,805 - ArbitrageTrader - INFO - Updated 136 exchange rates
2025-05-07 15:26:14,900 - ArbitrageTrader - INFO - Found arbitrage opportunity: 0.2875% profit
2025-05-07 15:26:14,969 - ArbitrageTrader - INFO - Executing arbitrage cycle with expected profit: 0.2875%
2025-05-07 15:26:14,970 - ArbitrageTrader - INFO - Cycle: USD -> JPY -> TRY -> USD
2025-05-07 15:26:15,135 - ArbitrageTrader - INFO - Order placed successfully: USD_JPY, 6000.0 units
2025-05-07 15:26:15,135 - ArbitrageTrader - INFO - Completed trade: USD -> JPY, Amount: 862302.00
2025-05-07 15:26:15,213 - ArbitrageTrader - WARNING - Error fetching price for JPY_TRY: 400, {"errorMessage":"Invalid value specified for 'instrument'"}
2025-05-07 15:26:15,214 - ArbitrageTrader - ERROR - Failed to get price for JPY_TRY
2025-05-07 15:26:15,214 - ArbitrageTrader - WARNING - Trade failed: Price data unavailable for JPY_TRY
2025-05-07 15:26:21,220 - ArbitrageTrader - INFO - Strategy adjusted for new_york session: profit threshold=0.100%, check interval=3s
2025-05-07 15:26:21,838 - ArbitrageTrader - INFO - Updated 136 exchange rates
2025-05-07 15:26:21,928 - ArbitrageTrader - INFO - Found arbitrage opportunity: 0.3015% profit
2025-05-07 15:26:22,093 - ArbitrageTrader - INFO - Executing arbitrage cycle with expected profit: 0.3015%
2025-05-07 15:26:22,094 - ArbitrageTrader - INFO - Cycle: USD -> JPY -> TRY -> USD
2025-05-07 15:26:22,264 - ArbitrageTrader - INFO - Order placed successfully: USD_JPY, 6000.0 units
2025-05-07 15:26:22,265 - ArbitrageTrader - INFO - Completed trade: USD -> JPY, Amount: 862440.00
2025-05-07 15:26:22,392 - ArbitrageTrader - WARNING - Error fetching price for JPY_TRY: 400, {"errorMessage":"Invalid value specified for 'instrument'"}
2025-05-07 15:26:22,393 - ArbitrageTrader - ERROR - Failed to get price for JPY_TRY
2025-05-07 15:26:22,393 - ArbitrageTrader - WARNING - Trade failed: Price data unavailable for JPY_TRY
2025-05-07 15:26:28,397 - ArbitrageTrader - INFO - Strategy adjusted for new_york session: profit threshold=0.100%, check interval=3s
2025-05-07 15:26:29,069 - ArbitrageTrader - INFO - Updated 136 exchange rates
2025-05-07 15:26:29,175 - ArbitrageTrader - INFO - Found arbitrage opportunity: 0.2952% profit
2025-05-07 15:26:29,263 - ArbitrageTrader - INFO - Executing arbitrage cycle with expected profit: 0.2952%
2025-05-07 15:26:29,264 - ArbitrageTrader - INFO - Cycle: USD -> JPY -> TRY -> USD
2025-05-07 15:26:29,427 - ArbitrageTrader - INFO - Order placed successfully: USD_JPY, 6000.0 units
2025-05-07 15:26:29,428 - ArbitrageTrader - INFO - Completed trade: USD -> JPY, Amount: 862380.00
2025-05-07 15:26:29,508 - ArbitrageTrader - WARNING - Error fetching price for JPY_TRY: 400, {"errorMessage":"Invalid value specified for 'instrument'"}
2025-05-07 15:26:29,509 - ArbitrageTrader - ERROR - Failed to get price for JPY_TRY
2025-05-07 15:26:29,509 - ArbitrageTrader - WARNING - Trade failed: Price data unavailable for JPY_TRY
2025-05-07 15:26:35,512 - ArbitrageTrader - INFO - Strategy adjusted for new_york session: profit threshold=0.100%, check interval=3s
2025-05-07 15:26:36,202 - ArbitrageTrader - INFO - Updated 136 exchange rates
2025-05-07 15:26:36,282 - ArbitrageTrader - INFO - Found arbitrage opportunity: 0.2924% profit
2025-05-07 15:26:36,356 - ArbitrageTrader - INFO - Executing arbitrage cycle with expected profit: 0.2924%
2025-05-07 15:26:36,357 - ArbitrageTrader - INFO - Cycle: USD -> JPY -> TRY -> USD
2025-05-07 15:26:36,573 - ArbitrageTrader - INFO - Order placed successfully: USD_JPY, 6000.0 units
2025-05-07 15:26:36,574 - ArbitrageTrader - INFO - Completed trade: USD -> JPY, Amount: 862386.00
2025-05-07 15:26:36,672 - ArbitrageTrader - WARNING - Error fetching price for JPY_TRY: 400, {"errorMessage":"Invalid value specified for 'instrument'"}
2025-05-07 15:26:36,673 - ArbitrageTrader - ERROR - Failed to get price for JPY_TRY
2025-05-07 15:26:36,673 - ArbitrageTrader - WARNING - Trade failed: Price data unavailable for JPY_TRY
2025-05-07 15:26:42,679 - ArbitrageTrader - INFO - Strategy adjusted for new_york session: profit threshold=0.100%, check interval=3s
2025-05-07 15:26:43,269 - ArbitrageTrader - INFO - Updated 136 exchange rates
2025-05-07 15:26:43,381 - ArbitrageTrader - INFO - Found arbitrage opportunity: 0.3015% profit
2025-05-07 15:26:43,456 - ArbitrageTrader - INFO - Executing arbitrage cycle with expected profit: 0.3015%
2025-05-07 15:26:43,457 - ArbitrageTrader - INFO - Cycle: USD -> JPY -> TRY -> USD
2025-05-07 15:26:43,651 - ArbitrageTrader - INFO - Order placed successfully: USD_JPY, 6000.0 units
2025-05-07 15:26:43,651 - ArbitrageTrader - INFO - Completed trade: USD -> JPY, Amount: 862428.00
2025-05-07 15:26:43,732 - ArbitrageTrader - WARNING - Error fetching price for JPY_TRY: 400, {"errorMessage":"Invalid value specified for 'instrument'"}
2025-05-07 15:26:43,735 - ArbitrageTrader - ERROR - Failed to get price for JPY_TRY
2025-05-07 15:26:43,735 - ArbitrageTrader - WARNING - Trade failed: Price data unavailable for JPY_TRY
2025-05-07 15:26:49,740 - ArbitrageTrader - INFO - Strategy adjusted for new_york session: profit threshold=0.100%, check interval=3s
2025-05-07 15:26:50,386 - ArbitrageTrader - INFO - Updated 136 exchange rates
2025-05-07 15:26:50,474 - ArbitrageTrader - INFO - Found arbitrage opportunity: 0.2861% profit
2025-05-07 15:26:50,554 - ArbitrageTrader - INFO - Executing arbitrage cycle with expected profit: 0.2861%
2025-05-07 15:26:50,555 - ArbitrageTrader - INFO - Cycle: USD -> JPY -> TRY -> USD
2025-05-07 15:26:50,785 - ArbitrageTrader - INFO - Order placed successfully: USD_JPY, 6000.0 units
2025-05-07 15:26:50,786 - ArbitrageTrader - INFO - Completed trade: USD -> JPY, Amount: 862296.00
2025-05-07 15:26:50,923 - ArbitrageTrader - WARNING - Error fetching price for JPY_TRY: 400, {"errorMessage":"Invalid value specified for 'instrument'"}
2025-05-07 15:26:50,924 - ArbitrageTrader - ERROR - Failed to get price for JPY_TRY
2025-05-07 15:26:50,924 - ArbitrageTrader - WARNING - Trade failed: Price data unavailable for JPY_TRY
2025-05-07 15:26:56,929 - ArbitrageTrader - INFO - Strategy adjusted for new_york session: profit threshold=0.100%, check interval=3s
2025-05-07 15:26:57,652 - ArbitrageTrader - INFO - Updated 136 exchange rates
2025-05-07 15:26:57,735 - ArbitrageTrader - INFO - Found arbitrage opportunity: 0.2743% profit
2025-05-07 15:26:57,813 - ArbitrageTrader - INFO - Executing arbitrage cycle with expected profit: 0.2743%
2025-05-07 15:26:57,813 - ArbitrageTrader - INFO - Cycle: USD -> JPY -> TRY -> USD
2025-05-07 15:26:57,963 - ArbitrageTrader - INFO - Order placed successfully: USD_JPY, 6000.0 units
2025-05-07 15:26:57,964 - ArbitrageTrader - ERROR - Invalid execution details for USD_JPY
2025-05-07 15:26:57,964 - ArbitrageTrader - WARNING - Trade failed: Invalid execution details
2025-05-07 15:27:03,968 - ArbitrageTrader - INFO - Strategy adjusted for new_york session: profit threshold=0.100%, check interval=3s
2025-05-07 15:27:05,181 - ArbitrageTrader - INFO - Updated 136 exchange rates
2025-05-07 15:27:05,252 - ArbitrageTrader - INFO - Found arbitrage opportunity: 0.2764% profit
2025-05-07 15:27:05,340 - ArbitrageTrader - INFO - Executing arbitrage cycle with expected profit: 0.2764%
2025-05-07 15:27:05,340 - ArbitrageTrader - INFO - Cycle: USD -> JPY -> TRY -> USD
2025-05-07 15:27:05,506 - ArbitrageTrader - INFO - Order placed successfully: USD_JPY, 6000.0 units
2025-05-07 15:27:05,507 - ArbitrageTrader - ERROR - Invalid execution details for USD_JPY
2025-05-07 15:27:05,507 - ArbitrageTrader - WARNING - Trade failed: Invalid execution details
2025-05-07 15:27:11,512 - ArbitrageTrader - INFO - Strategy adjusted for new_york session: profit threshold=0.100%, check interval=3s
2025-05-07 15:27:12,266 - ArbitrageTrader - INFO - Updated 136 exchange rates
2025-05-07 15:27:12,337 - ArbitrageTrader - INFO - Found arbitrage opportunity: 0.2785% profit
2025-05-07 15:27:12,416 - ArbitrageTrader - INFO - Executing arbitrage cycle with expected profit: 0.2785%
2025-05-07 15:27:12,417 - ArbitrageTrader - INFO - Cycle: USD -> JPY -> TRY -> USD
2025-05-07 15:27:12,611 - ArbitrageTrader - INFO - Order placed successfully: USD_JPY, 6000.0 units
2025-05-07 15:27:12,612 - ArbitrageTrader - ERROR - Invalid execution details for USD_JPY
2025-05-07 15:27:12,612 - ArbitrageTrader - WARNING - Trade failed: Invalid execution details
2025-05-07 15:27:18,614 - ArbitrageTrader - INFO - Strategy adjusted for new_york session: profit threshold=0.100%, check interval=3s
2025-05-07 15:27:19,238 - ArbitrageTrader - INFO - Updated 136 exchange rates
2025-05-07 15:27:19,305 - ArbitrageTrader - INFO - Found arbitrage opportunity: 0.2881% profit
2025-05-07 15:27:19,376 - ArbitrageTrader - INFO - Executing arbitrage cycle with expected profit: 0.2881%
2025-05-07 15:27:19,376 - ArbitrageTrader - INFO - Cycle: EUR -> TRY -> JPY -> EUR
2025-05-07 15:27:19,519 - ArbitrageTrader - INFO - Order placed successfully: EUR_TRY, 137.02340405415714 units
2025-05-07 15:27:19,520 - ArbitrageTrader - ERROR - Invalid execution details for EUR_TRY
2025-05-07 15:27:19,520 - ArbitrageTrader - WARNING - Trade failed: Invalid execution details
2025-05-07 15:27:25,522 - ArbitrageTrader - INFO - Strategy adjusted for new_york session: profit threshold=0.100%, check interval=3s
2025-05-07 15:27:26,387 - ArbitrageTrader - INFO - Updated 136 exchange rates
2025-05-07 15:27:26,479 - ArbitrageTrader - INFO - Found arbitrage opportunity: 0.2806% profit
2025-05-07 15:27:26,570 - ArbitrageTrader - INFO - Executing arbitrage cycle with expected profit: 0.2806%
2025-05-07 15:27:26,570 - ArbitrageTrader - INFO - Cycle: EUR -> TRY -> JPY -> EUR
2025-05-07 15:27:26,733 - ArbitrageTrader - INFO - Order placed successfully: EUR_TRY, 137.0358595437254 units
2025-05-07 15:27:26,734 - ArbitrageTrader - ERROR - Invalid execution details for EUR_TRY
2025-05-07 15:27:26,734 - ArbitrageTrader - WARNING - Trade failed: Invalid execution details
2025-05-07 15:27:32,738 - ArbitrageTrader - INFO - Strategy adjusted for new_york session: profit threshold=0.100%, check interval=3s
2025-05-07 15:27:33,304 - ArbitrageTrader - INFO - Updated 136 exchange rates
2025-05-07 15:27:33,403 - ArbitrageTrader - INFO - Found arbitrage opportunity: 0.2830% profit
2025-05-07 15:27:33,469 - ArbitrageTrader - INFO - Executing arbitrage cycle with expected profit: 0.2830%
2025-05-07 15:27:33,469 - ArbitrageTrader - INFO - Cycle: JPY -> EUR -> TRY -> JPY
2025-05-07 15:27:33,569 - ArbitrageTrader - WARNING - Error fetching price for JPY_EUR: 400, {"errorMessage":"Invalid value specified for 'instrument'"}
2025-05-07 15:27:33,570 - ArbitrageTrader - ERROR - Failed to get price for JPY_EUR
2025-05-07 15:27:33,570 - ArbitrageTrader - WARNING - Trade failed: Price data unavailable for JPY_EUR
2025-05-07 15:27:39,575 - ArbitrageTrader - INFO - Strategy adjusted for new_york session: profit threshold=0.100%, check interval=3s
2025-05-07 15:27:40,170 - ArbitrageTrader - INFO - Updated 136 exchange rates
2025-05-07 15:27:40,260 - ArbitrageTrader - INFO - Found arbitrage opportunity: 0.2984% profit
2025-05-07 15:27:40,327 - ArbitrageTrader - INFO - Executing arbitrage cycle with expected profit: 0.2984%
2025-05-07 15:27:40,328 - ArbitrageTrader - INFO - Cycle: USD -> JPY -> TRY -> USD
2025-05-07 15:27:40,497 - ArbitrageTrader - INFO - Order placed successfully: USD_JPY, 6000.0 units
2025-05-07 15:27:40,498 - ArbitrageTrader - ERROR - Invalid execution details for USD_JPY
2025-05-07 15:27:40,499 - ArbitrageTrader - WARNING - Trade failed: Invalid execution details
2025-05-07 15:27:46,504 - ArbitrageTrader - INFO - Strategy adjusted for new_york session: profit threshold=0.100%, check interval=3s
2025-05-07 15:27:47,659 - ArbitrageTrader - INFO - Updated 136 exchange rates
2025-05-07 15:27:47,752 - ArbitrageTrader - INFO - Found arbitrage opportunity: 0.3095% profit
2025-05-07 15:27:47,908 - ArbitrageTrader - INFO - Executing arbitrage cycle with expected profit: 0.3095%
2025-05-07 15:27:47,908 - ArbitrageTrader - INFO - Cycle: JPY -> TRY -> USD -> JPY
2025-05-07 15:27:48,050 - ArbitrageTrader - WARNING - Error fetching price for JPY_TRY: 400, {"errorMessage":"Invalid value specified for 'instrument'"}
2025-05-07 15:27:48,051 - ArbitrageTrader - ERROR - Failed to get price for JPY_TRY
2025-05-07 15:27:48,051 - ArbitrageTrader - WARNING - Trade failed: Price data unavailable for JPY_TRY
2025-05-07 15:27:54,056 - ArbitrageTrader - INFO - Strategy adjusted for new_york session: profit threshold=0.100%, check interval=3s
2025-05-07 15:27:54,921 - ArbitrageTrader - INFO - Updated 136 exchange rates
2025-05-07 15:27:54,999 - ArbitrageTrader - INFO - Found arbitrage opportunity: 0.3165% profit
2025-05-07 15:27:55,069 - ArbitrageTrader - INFO - Executing arbitrage cycle with expected profit: 0.3165%
2025-05-07 15:27:55,069 - ArbitrageTrader - INFO - Cycle: JPY -> TRY -> USD -> JPY
2025-05-07 15:27:55,194 - ArbitrageTrader - WARNING - Error fetching price for JPY_TRY: 400, {"errorMessage":"Invalid value specified for 'instrument'"}
2025-05-07 15:27:55,195 - ArbitrageTrader - ERROR - Failed to get price for JPY_TRY
2025-05-07 15:27:55,195 - ArbitrageTrader - WARNING - Trade failed: Price data unavailable for JPY_TRY
2025-05-07 15:28:01,200 - ArbitrageTrader - INFO - Strategy adjusted for new_york session: profit threshold=0.100%, check interval=3s
2025-05-07 15:28:02,019 - ArbitrageTrader - INFO - Updated 136 exchange rates
2025-05-07 15:28:02,114 - ArbitrageTrader - INFO - Found arbitrage opportunity: 0.3256% profit
2025-05-07 15:28:02,200 - ArbitrageTrader - INFO - Executing arbitrage cycle with expected profit: 0.3256%
2025-05-07 15:28:02,200 - ArbitrageTrader - INFO - Cycle: USD -> JPY -> TRY -> USD
2025-05-07 15:28:02,539 - ArbitrageTrader - INFO - Order placed successfully: USD_JPY, 6000.0 units
2025-05-07 15:28:02,540 - ArbitrageTrader - ERROR - Invalid execution details for USD_JPY
2025-05-07 15:28:02,541 - ArbitrageTrader - WARNING - Trade failed: Invalid execution details
2025-05-07 15:28:08,547 - ArbitrageTrader - INFO - Strategy adjusted for new_york session: profit threshold=0.100%, check interval=3s
2025-05-07 15:28:09,162 - ArbitrageTrader - INFO - Updated 136 exchange rates
2025-05-07 15:28:09,246 - ArbitrageTrader - INFO - Found arbitrage opportunity: 0.3191% profit
2025-05-07 15:28:09,331 - ArbitrageTrader - INFO - Executing arbitrage cycle with expected profit: 0.3191%
2025-05-07 15:28:09,332 - ArbitrageTrader - INFO - Cycle: USD -> JPY -> TRY -> USD
2025-05-07 15:28:09,476 - ArbitrageTrader - INFO - Order placed successfully: USD_JPY, 6000.0 units
2025-05-07 15:28:09,477 - ArbitrageTrader - ERROR - Invalid execution details for USD_JPY
2025-05-07 15:28:09,477 - ArbitrageTrader - WARNING - Trade failed: Invalid execution details
2025-05-07 15:28:15,483 - ArbitrageTrader - INFO - Strategy adjusted for new_york session: profit threshold=0.100%, check interval=3s
2025-05-07 15:28:16,207 - ArbitrageTrader - INFO - Updated 136 exchange rates
2025-05-07 15:28:16,299 - ArbitrageTrader - INFO - Found arbitrage opportunity: 0.3191% profit
2025-05-07 15:28:16,387 - ArbitrageTrader - INFO - Executing arbitrage cycle with expected profit: 0.3191%
2025-05-07 15:28:16,387 - ArbitrageTrader - INFO - Cycle: USD -> JPY -> TRY -> USD
2025-05-07 15:28:16,524 - ArbitrageTrader - INFO - Order placed successfully: USD_JPY, 6000.0 units
2025-05-07 15:28:16,524 - ArbitrageTrader - ERROR - Invalid execution details for USD_JPY
2025-05-07 15:28:16,524 - ArbitrageTrader - WARNING - Trade failed: Invalid execution details
2025-05-07 15:28:22,530 - ArbitrageTrader - INFO - Strategy adjusted for new_york session: profit threshold=0.100%, check interval=3s
2025-05-07 15:28:23,242 - ArbitrageTrader - INFO - Updated 136 exchange rates
2025-05-07 15:28:23,324 - ArbitrageTrader - INFO - Found arbitrage opportunity: 0.3121% profit
2025-05-07 15:28:23,394 - ArbitrageTrader - INFO - Executing arbitrage cycle with expected profit: 0.3121%
2025-05-07 15:28:23,394 - ArbitrageTrader - INFO - Cycle: USD -> JPY -> TRY -> USD
2025-05-07 15:28:23,540 - ArbitrageTrader - INFO - Order placed successfully: USD_JPY, 6000.0 units
2025-05-07 15:28:23,541 - ArbitrageTrader - ERROR - Invalid execution details for USD_JPY
2025-05-07 15:28:23,541 - ArbitrageTrader - WARNING - Trade failed: Invalid execution details
2025-05-07 15:28:29,546 - ArbitrageTrader - INFO - Strategy adjusted for new_york session: profit threshold=0.100%, check interval=3s
2025-05-07 15:28:30,897 - ArbitrageTrader - INFO - Updated 136 exchange rates
2025-05-07 15:28:31,082 - ArbitrageTrader - INFO - Found arbitrage opportunity: 0.3142% profit
2025-05-07 15:28:31,333 - ArbitrageTrader - INFO - Executing arbitrage cycle with expected profit: 0.3142%
2025-05-07 15:28:31,334 - ArbitrageTrader - INFO - Cycle: JPY -> TRY -> USD -> JPY
2025-05-07 15:28:31,508 - ArbitrageTrader - WARNING - Error fetching price for JPY_TRY: 400, {"errorMessage":"Invalid value specified for 'instrument'"}
2025-05-07 15:28:31,509 - ArbitrageTrader - ERROR - Failed to get price for JPY_TRY
2025-05-07 15:28:31,509 - ArbitrageTrader - WARNING - Trade failed: Price data unavailable for JPY_TRY
2025-05-07 15:28:37,513 - ArbitrageTrader - INFO - Strategy adjusted for new_york session: profit threshold=0.100%, check interval=3s
2025-05-07 15:28:38,161 - ArbitrageTrader - INFO - Updated 136 exchange rates
2025-05-07 15:28:38,253 - ArbitrageTrader - INFO - Found arbitrage opportunity: 0.3093% profit
2025-05-07 15:28:38,352 - ArbitrageTrader - INFO - Executing arbitrage cycle with expected profit: 0.3093%
2025-05-07 15:28:38,352 - ArbitrageTrader - INFO - Cycle: JPY -> TRY -> USD -> JPY
2025-05-07 15:28:38,419 - ArbitrageTrader - WARNING - Error fetching price for JPY_TRY: 400, {"errorMessage":"Invalid value specified for 'instrument'"}
2025-05-07 15:28:38,419 - ArbitrageTrader - ERROR - Failed to get price for JPY_TRY
2025-05-07 15:28:38,420 - ArbitrageTrader - WARNING - Trade failed: Price data unavailable for JPY_TRY
2025-05-07 15:28:44,425 - ArbitrageTrader - INFO - Strategy adjusted for new_york session: profit threshold=0.100%, check interval=3s
2025-05-07 15:29:06,526 - ArbitrageTrader - INFO - Updated 136 exchange rates
2025-05-07 15:29:06,709 - ArbitrageTrader - INFO - Found arbitrage opportunity: 0.3093% profit
2025-05-07 15:29:06,777 - ArbitrageTrader - INFO - Executing arbitrage cycle with expected profit: 0.3093%
2025-05-07 15:29:06,777 - ArbitrageTrader - INFO - Cycle: JPY -> TRY -> USD -> JPY
2025-05-07 15:29:06,991 - ArbitrageTrader - WARNING - Error fetching price for JPY_TRY: 400, {"errorMessage":"Invalid value specified for 'instrument'"}
2025-05-07 15:29:06,991 - ArbitrageTrader - ERROR - Failed to get price for JPY_TRY
2025-05-07 15:29:06,992 - ArbitrageTrader - WARNING - Trade failed: Price data unavailable for JPY_TRY
2025-05-07 15:29:13,005 - ArbitrageTrader - INFO - Strategy adjusted for new_york session: profit threshold=0.100%, check interval=3s
2025-05-07 15:29:13,744 - ArbitrageTrader - INFO - Updated 136 exchange rates
2025-05-07 15:29:13,831 - ArbitrageTrader - INFO - Found arbitrage opportunity: 0.3088% profit
2025-05-07 15:29:13,905 - ArbitrageTrader - INFO - Executing arbitrage cycle with expected profit: 0.3088%
2025-05-07 15:29:13,905 - ArbitrageTrader - INFO - Cycle: USD -> JPY -> TRY -> USD
2025-05-07 15:29:14,056 - ArbitrageTrader - INFO - Order placed successfully: USD_JPY, 6000.0 units
2025-05-07 15:29:14,057 - ArbitrageTrader - ERROR - Invalid execution details for USD_JPY
2025-05-07 15:29:14,057 - ArbitrageTrader - WARNING - Trade failed: Invalid execution details
2025-05-07 15:29:20,058 - ArbitrageTrader - INFO - Strategy adjusted for new_york session: profit threshold=0.100%, check interval=3s
2025-05-07 15:29:20,718 - ArbitrageTrader - INFO - Updated 136 exchange rates
2025-05-07 15:29:20,810 - ArbitrageTrader - INFO - Found arbitrage opportunity: 0.3005% profit
2025-05-07 15:29:20,891 - ArbitrageTrader - INFO - Executing arbitrage cycle with expected profit: 0.3005%
2025-05-07 15:29:20,892 - ArbitrageTrader - INFO - Cycle: USD -> JPY -> TRY -> USD
2025-05-07 15:29:21,049 - ArbitrageTrader - INFO - Order placed successfully: USD_JPY, 6000.0 units
2025-05-07 15:29:21,050 - ArbitrageTrader - ERROR - Invalid execution details for USD_JPY
2025-05-07 15:29:21,050 - ArbitrageTrader - WARNING - Trade failed: Invalid execution details
2025-05-07 15:29:27,051 - ArbitrageTrader - INFO - Strategy adjusted for new_york session: profit threshold=0.100%, check interval=3s
2025-05-07 15:29:28,249 - ArbitrageTrader - INFO - Updated 136 exchange rates
2025-05-07 15:29:28,366 - ArbitrageTrader - INFO - Found arbitrage opportunity: 0.2942% profit
2025-05-07 15:29:28,445 - ArbitrageTrader - INFO - Executing arbitrage cycle with expected profit: 0.2942%
2025-05-07 15:29:28,445 - ArbitrageTrader - INFO - Cycle: USD -> JPY -> TRY -> USD
2025-05-07 15:29:28,640 - ArbitrageTrader - INFO - Order placed successfully: USD_JPY, 6000.0 units
2025-05-07 15:29:28,643 - ArbitrageTrader - ERROR - Invalid execution details for USD_JPY
2025-05-07 15:29:28,643 - ArbitrageTrader - WARNING - Trade failed: Invalid execution details
2025-05-07 15:29:34,646 - ArbitrageTrader - INFO - Strategy adjusted for new_york session: profit threshold=0.100%, check interval=3s
2025-05-07 15:29:54,139 - ArbitrageTrader - INFO - Updated 136 exchange rates
2025-05-07 15:29:54,284 - ArbitrageTrader - INFO - Found arbitrage opportunity: 0.2865% profit
2025-05-07 15:29:54,431 - ArbitrageTrader - INFO - Executing arbitrage cycle with expected profit: 0.2865%
2025-05-07 15:29:54,432 - ArbitrageTrader - INFO - Cycle: USD -> JPY -> TRY -> USD
2025-05-07 15:29:54,828 - ArbitrageTrader - INFO - Order placed successfully: USD_JPY, 6000.0 units
2025-05-07 15:29:54,829 - ArbitrageTrader - ERROR - Invalid execution details for USD_JPY
2025-05-07 15:29:54,829 - ArbitrageTrader - WARNING - Trade failed: Invalid execution details
2025-05-07 15:30:00,836 - ArbitrageTrader - INFO - Strategy adjusted for new_york session: profit threshold=0.100%, check interval=3s
2025-05-07 15:30:01,811 - ArbitrageTrader - INFO - Updated 136 exchange rates
2025-05-07 15:30:01,905 - ArbitrageTrader - INFO - Found arbitrage opportunity: 0.3012% profit
2025-05-07 15:30:01,985 - ArbitrageTrader - INFO - Executing arbitrage cycle with expected profit: 0.3012%
2025-05-07 15:30:01,985 - ArbitrageTrader - INFO - Cycle: USD -> JPY -> TRY -> USD
2025-05-07 15:30:02,159 - ArbitrageTrader - INFO - Order placed successfully: USD_JPY, 6000.0 units
2025-05-07 15:30:02,159 - ArbitrageTrader - ERROR - Invalid execution details for USD_JPY
2025-05-07 15:30:02,160 - ArbitrageTrader - WARNING - Trade failed: Invalid execution details
2025-05-07 15:30:08,161 - ArbitrageTrader - INFO - Strategy adjusted for new_york session: profit threshold=0.100%, check interval=3s
2025-05-07 15:30:08,944 - ArbitrageTrader - INFO - Updated 136 exchange rates
2025-05-07 15:30:09,034 - ArbitrageTrader - INFO - Found arbitrage opportunity: 0.3095% profit
2025-05-07 15:30:09,122 - ArbitrageTrader - INFO - Executing arbitrage cycle with expected profit: 0.3095%
2025-05-07 15:30:09,123 - ArbitrageTrader - INFO - Cycle: USD -> JPY -> TRY -> USD
2025-05-07 15:30:09,288 - ArbitrageTrader - INFO - Order placed successfully: USD_JPY, 6000.0 units
2025-05-07 15:30:09,289 - ArbitrageTrader - ERROR - Invalid execution details for USD_JPY
2025-05-07 15:30:09,289 - ArbitrageTrader - WARNING - Trade failed: Invalid execution details
2025-05-07 15:30:15,290 - ArbitrageTrader - INFO - Strategy adjusted for new_york session: profit threshold=0.100%, check interval=3s
2025-05-07 15:30:16,092 - ArbitrageTrader - INFO - Updated 136 exchange rates
2025-05-07 15:30:16,189 - ArbitrageTrader - INFO - Found arbitrage opportunity: 0.3054% profit
2025-05-07 15:30:16,276 - ArbitrageTrader - INFO - Executing arbitrage cycle with expected profit: 0.3054%
2025-05-07 15:30:16,277 - ArbitrageTrader - INFO - Cycle: USD -> JPY -> TRY -> USD
2025-05-07 15:30:16,419 - ArbitrageTrader - INFO - Order placed successfully: USD_JPY, 6000.0 units
2025-05-07 15:30:16,420 - ArbitrageTrader - ERROR - Invalid execution details for USD_JPY
2025-05-07 15:30:16,420 - ArbitrageTrader - WARNING - Trade failed: Invalid execution details
2025-05-07 15:30:22,423 - ArbitrageTrader - INFO - Strategy adjusted for new_york session: profit threshold=0.100%, check interval=3s
2025-05-07 15:30:23,250 - ArbitrageTrader - INFO - Updated 136 exchange rates
2025-05-07 15:30:23,329 - ArbitrageTrader - INFO - Found arbitrage opportunity: 0.3179% profit
2025-05-07 15:30:23,404 - ArbitrageTrader - INFO - Executing arbitrage cycle with expected profit: 0.3179%
2025-05-07 15:30:23,405 - ArbitrageTrader - INFO - Cycle: USD -> JPY -> TRY -> USD
2025-05-07 15:30:23,617 - ArbitrageTrader - INFO - Order placed successfully: USD_JPY, 6000.0 units
2025-05-07 15:30:23,618 - ArbitrageTrader - ERROR - Invalid execution details for USD_JPY
2025-05-07 15:30:23,618 - ArbitrageTrader - WARNING - Trade failed: Invalid execution details
2025-05-07 15:30:29,620 - ArbitrageTrader - INFO - Strategy adjusted for new_york session: profit threshold=0.100%, check interval=3s
2025-05-07 15:30:30,958 - ArbitrageTrader - INFO - Updated 136 exchange rates
2025-05-07 15:30:31,121 - ArbitrageTrader - INFO - Found arbitrage opportunity: 0.2778% profit
2025-05-07 15:30:31,267 - ArbitrageTrader - INFO - Executing arbitrage cycle with expected profit: 0.2778%
2025-05-07 15:30:31,267 - ArbitrageTrader - INFO - Cycle: USD -> JPY -> TRY -> USD
2025-05-07 15:30:31,406 - ArbitrageTrader - INFO - Order placed successfully: USD_JPY, 6000.0 units
2025-05-07 15:30:31,407 - ArbitrageTrader - ERROR - Invalid execution details for USD_JPY
2025-05-07 15:30:31,407 - ArbitrageTrader - WARNING - Trade failed: Invalid execution details
2025-05-07 15:30:37,412 - ArbitrageTrader - INFO - Strategy adjusted for new_york session: profit threshold=0.100%, check interval=3s
2025-05-07 15:30:39,975 - ArbitrageTrader - INFO - Updated 136 exchange rates
2025-05-07 15:30:40,063 - ArbitrageTrader - INFO - Found arbitrage opportunity: 0.2694% profit
2025-05-07 15:30:40,555 - ArbitrageTrader - INFO - Executing arbitrage cycle with expected profit: 0.2694%
2025-05-07 15:30:40,556 - ArbitrageTrader - INFO - Cycle: USD -> JPY -> TRY -> USD
2025-05-07 15:30:41,069 - ArbitrageTrader - INFO - Order placed successfully: USD_JPY, 6000.0 units
2025-05-07 15:30:41,070 - ArbitrageTrader - ERROR - Invalid execution details for USD_JPY
2025-05-07 15:30:41,070 - ArbitrageTrader - WARNING - Trade failed: Invalid execution details
2025-05-07 15:30:47,075 - ArbitrageTrader - INFO - Strategy adjusted for new_york session: profit threshold=0.100%, check interval=3s
2025-05-07 15:30:47,926 - ArbitrageTrader - INFO - Updated 136 exchange rates
2025-05-07 15:30:48,045 - ArbitrageTrader - INFO - Found arbitrage opportunity: 0.2727% profit
2025-05-07 15:30:48,221 - ArbitrageTrader - INFO - Executing arbitrage cycle with expected profit: 0.2727%
2025-05-07 15:30:48,221 - ArbitrageTrader - INFO - Cycle: EUR -> TRY -> JPY -> EUR
2025-05-07 15:30:48,395 - ArbitrageTrader - INFO - Order placed successfully: EUR_TRY, 137.0709536368922 units
2025-05-07 15:30:48,396 - ArbitrageTrader - ERROR - Invalid execution details for EUR_TRY
2025-05-07 15:30:48,396 - ArbitrageTrader - WARNING - Trade failed: Invalid execution details
2025-05-07 15:30:54,396 - ArbitrageTrader - INFO - Strategy adjusted for new_york session: profit threshold=0.100%, check interval=3s
2025-05-07 15:30:55,325 - ArbitrageTrader - INFO - Updated 136 exchange rates
2025-05-07 15:30:55,407 - ArbitrageTrader - INFO - Found arbitrage opportunity: 0.2936% profit
2025-05-07 15:30:55,565 - ArbitrageTrader - INFO - Executing arbitrage cycle with expected profit: 0.2936%
2025-05-07 15:30:55,565 - ArbitrageTrader - INFO - Cycle: USD -> JPY -> TRY -> USD
2025-05-07 15:30:55,744 - ArbitrageTrader - INFO - Order placed successfully: USD_JPY, 6000.0 units
2025-05-07 15:30:55,744 - ArbitrageTrader - ERROR - Invalid execution details for USD_JPY
2025-05-07 15:30:55,744 - ArbitrageTrader - WARNING - Trade failed: Invalid execution details
2025-05-07 15:31:01,750 - ArbitrageTrader - INFO - Strategy adjusted for new_york session: profit threshold=0.100%, check interval=3s
2025-05-07 15:31:02,626 - ArbitrageTrader - INFO - Updated 136 exchange rates
2025-05-07 15:31:02,734 - ArbitrageTrader - INFO - Found arbitrage opportunity: 0.2886% profit
2025-05-07 15:31:02,947 - ArbitrageTrader - INFO - Executing arbitrage cycle with expected profit: 0.2886%
2025-05-07 15:31:02,947 - ArbitrageTrader - INFO - Cycle: EUR -> TRY -> JPY -> EUR
2025-05-07 15:31:03,109 - ArbitrageTrader - INFO - Order placed successfully: EUR_TRY, 137.0507590327871 units
2025-05-07 15:31:03,110 - ArbitrageTrader - ERROR - Invalid execution details for EUR_TRY
2025-05-07 15:31:03,110 - ArbitrageTrader - WARNING - Trade failed: Invalid execution details
2025-05-07 15:31:09,113 - ArbitrageTrader - INFO - Strategy adjusted for new_york session: profit threshold=0.100%, check interval=3s
2025-05-07 15:31:10,083 - ArbitrageTrader - INFO - Updated 136 exchange rates
2025-05-07 15:31:10,262 - ArbitrageTrader - INFO - Found arbitrage opportunity: 0.2969% profit
2025-05-07 15:31:10,333 - ArbitrageTrader - INFO - Executing arbitrage cycle with expected profit: 0.2969%
2025-05-07 15:31:10,333 - ArbitrageTrader - INFO - Cycle: EUR -> TRY -> JPY -> EUR
2025-05-07 15:31:10,518 - ArbitrageTrader - INFO - Order placed successfully: EUR_TRY, 137.032667217538 units
2025-05-07 15:31:10,518 - ArbitrageTrader - ERROR - Invalid execution details for EUR_TRY
2025-05-07 15:31:10,519 - ArbitrageTrader - WARNING - Trade failed: Invalid execution details
2025-05-07 15:31:16,523 - ArbitrageTrader - INFO - Strategy adjusted for new_york session: profit threshold=0.100%, check interval=3s
2025-05-07 15:31:17,308 - ArbitrageTrader - INFO - Updated 136 exchange rates
2025-05-07 15:31:17,381 - ArbitrageTrader - INFO - Found arbitrage opportunity: 0.2949% profit
2025-05-07 15:31:17,513 - ArbitrageTrader - INFO - Executing arbitrage cycle with expected profit: 0.2949%
2025-05-07 15:31:17,513 - ArbitrageTrader - INFO - Cycle: USD -> JPY -> TRY -> USD
2025-05-07 15:31:17,729 - ArbitrageTrader - INFO - Order placed successfully: USD_JPY, 6000.0 units
2025-05-07 15:31:17,731 - ArbitrageTrader - ERROR - Invalid execution details for USD_JPY
2025-05-07 15:31:17,731 - ArbitrageTrader - WARNING - Trade failed: Invalid execution details
2025-05-07 15:31:23,733 - ArbitrageTrader - INFO - Strategy adjusted for new_york session: profit threshold=0.100%, check interval=3s
2025-05-07 15:31:24,506 - ArbitrageTrader - INFO - Updated 136 exchange rates
2025-05-07 15:31:24,600 - ArbitrageTrader - INFO - Found arbitrage opportunity: 0.3033% profit
2025-05-07 15:31:24,677 - ArbitrageTrader - INFO - Executing arbitrage cycle with expected profit: 0.3033%
2025-05-07 15:31:24,678 - ArbitrageTrader - INFO - Cycle: USD -> JPY -> TRY -> USD
2025-05-07 15:31:24,954 - ArbitrageTrader - INFO - Order placed successfully: USD_JPY, 6000.0 units
2025-05-07 15:31:24,954 - ArbitrageTrader - ERROR - Invalid execution details for USD_JPY
2025-05-07 15:31:24,955 - ArbitrageTrader - WARNING - Trade failed: Invalid execution details
2025-05-07 15:31:30,960 - ArbitrageTrader - INFO - Strategy adjusted for new_york session: profit threshold=0.100%, check interval=3s
2025-05-07 15:31:31,819 - ArbitrageTrader - INFO - Updated 136 exchange rates
2025-05-07 15:31:31,907 - ArbitrageTrader - INFO - Found arbitrage opportunity: 0.3040% profit
2025-05-07 15:31:32,021 - ArbitrageTrader - INFO - Executing arbitrage cycle with expected profit: 0.3040%
2025-05-07 15:31:32,021 - ArbitrageTrader - INFO - Cycle: USD -> JPY -> TRY -> USD
2025-05-07 15:31:32,271 - ArbitrageTrader - INFO - Order placed successfully: USD_JPY, 6000.0 units
2025-05-07 15:31:32,272 - ArbitrageTrader - ERROR - Invalid execution details for USD_JPY
2025-05-07 15:31:32,272 - ArbitrageTrader - WARNING - Trade failed: Invalid execution details
2025-05-07 15:31:38,277 - ArbitrageTrader - INFO - Strategy adjusted for new_york session: profit threshold=0.100%, check interval=3s
2025-05-07 15:31:39,197 - ArbitrageTrader - INFO - Updated 136 exchange rates
2025-05-07 15:31:39,306 - ArbitrageTrader - INFO - Found arbitrage opportunity: 0.3054% profit
2025-05-07 15:31:39,387 - ArbitrageTrader - INFO - Executing arbitrage cycle with expected profit: 0.3054%
2025-05-07 15:31:39,387 - ArbitrageTrader - INFO - Cycle: USD -> JPY -> TRY -> USD
2025-05-07 15:31:39,629 - ArbitrageTrader - INFO - Order placed successfully: USD_JPY, 6000.0 units
2025-05-07 15:31:39,630 - ArbitrageTrader - ERROR - Invalid execution details for USD_JPY
2025-05-07 15:31:39,630 - ArbitrageTrader - WARNING - Trade failed: Invalid execution details
2025-05-07 15:31:45,635 - ArbitrageTrader - INFO - Strategy adjusted for new_york session: profit threshold=0.100%, check interval=3s
2025-05-07 15:31:47,214 - ArbitrageTrader - INFO - Updated 136 exchange rates
2025-05-07 15:31:47,753 - ArbitrageTrader - INFO - Found arbitrage opportunity: 0.3151% profit
2025-05-07 15:31:47,922 - ArbitrageTrader - INFO - Executing arbitrage cycle with expected profit: 0.3151%
2025-05-07 15:31:47,922 - ArbitrageTrader - INFO - Cycle: USD -> JPY -> TRY -> USD
2025-05-07 15:31:48,397 - ArbitrageTrader - INFO - Order placed successfully: USD_JPY, 6000.0 units
2025-05-07 15:31:48,399 - ArbitrageTrader - ERROR - Invalid execution details for USD_JPY
2025-05-07 15:31:48,399 - ArbitrageTrader - WARNING - Trade failed: Invalid execution details
2025-05-07 15:31:54,403 - ArbitrageTrader - INFO - Strategy adjusted for new_york session: profit threshold=0.100%, check interval=3s
2025-05-07 15:31:55,247 - ArbitrageTrader - INFO - Updated 136 exchange rates
2025-05-07 15:31:55,353 - ArbitrageTrader - INFO - Found arbitrage opportunity: 0.3144% profit
2025-05-07 15:31:55,428 - ArbitrageTrader - INFO - Executing arbitrage cycle with expected profit: 0.3144%
2025-05-07 15:31:55,428 - ArbitrageTrader - INFO - Cycle: USD -> JPY -> TRY -> USD
2025-05-07 15:31:55,631 - ArbitrageTrader - INFO - Order placed successfully: USD_JPY, 6000.0 units
2025-05-07 15:31:55,631 - ArbitrageTrader - ERROR - Invalid execution details for USD_JPY
2025-05-07 15:31:55,631 - ArbitrageTrader - WARNING - Trade failed: Invalid execution details
2025-05-07 15:32:01,636 - ArbitrageTrader - INFO - Strategy adjusted for new_york session: profit threshold=0.100%, check interval=3s
2025-05-07 15:32:02,255 - ArbitrageTrader - INFO - Updated 136 exchange rates
2025-05-07 15:32:02,371 - ArbitrageTrader - INFO - Found arbitrage opportunity: 0.3081% profit
2025-05-07 15:32:02,521 - ArbitrageTrader - INFO - Executing arbitrage cycle with expected profit: 0.3081%
2025-05-07 15:32:02,521 - ArbitrageTrader - INFO - Cycle: USD -> JPY -> TRY -> USD
2025-05-07 15:32:02,792 - ArbitrageTrader - INFO - Order placed successfully: USD_JPY, 6000.0 units
2025-05-07 15:32:02,793 - ArbitrageTrader - ERROR - Invalid execution details for USD_JPY
2025-05-07 15:32:02,793 - ArbitrageTrader - WARNING - Trade failed: Invalid execution details
2025-05-07 15:32:08,799 - ArbitrageTrader - INFO - Strategy adjusted for new_york session: profit threshold=0.100%, check interval=3s
2025-05-07 15:32:09,394 - ArbitrageTrader - INFO - Updated 136 exchange rates
2025-05-07 15:32:09,477 - ArbitrageTrader - INFO - Found arbitrage opportunity: 0.3047% profit
2025-05-07 15:32:09,551 - ArbitrageTrader - INFO - Executing arbitrage cycle with expected profit: 0.3047%
2025-05-07 15:32:09,551 - ArbitrageTrader - INFO - Cycle: USD -> JPY -> TRY -> USD
2025-05-07 15:32:09,747 - ArbitrageTrader - INFO - Order placed successfully: USD_JPY, 6000.0 units
2025-05-07 15:32:09,749 - ArbitrageTrader - ERROR - Invalid execution details for USD_JPY
2025-05-07 15:32:09,749 - ArbitrageTrader - WARNING - Trade failed: Invalid execution details
2025-05-07 15:32:15,754 - ArbitrageTrader - INFO - Strategy adjusted for new_york session: profit threshold=0.100%, check interval=3s
2025-05-07 15:32:16,483 - ArbitrageTrader - INFO - Updated 136 exchange rates
2025-05-07 15:32:16,570 - ArbitrageTrader - INFO - Found arbitrage opportunity: 0.3165% profit
2025-05-07 15:32:16,666 - ArbitrageTrader - INFO - Executing arbitrage cycle with expected profit: 0.3165%
2025-05-07 15:32:16,666 - ArbitrageTrader - INFO - Cycle: USD -> JPY -> TRY -> USD
2025-05-07 15:32:16,824 - ArbitrageTrader - INFO - Order placed successfully: USD_JPY, 6000.0 units
2025-05-07 15:32:16,825 - ArbitrageTrader - ERROR - Invalid execution details for USD_JPY
2025-05-07 15:32:16,826 - ArbitrageTrader - WARNING - Trade failed: Invalid execution details
2025-05-07 15:32:22,827 - ArbitrageTrader - INFO - Strategy adjusted for new_york session: profit threshold=0.100%, check interval=3s
2025-05-07 15:32:23,407 - ArbitrageTrader - INFO - Updated 136 exchange rates
2025-05-07 15:32:23,543 - ArbitrageTrader - INFO - Found arbitrage opportunity: 0.3137% profit
2025-05-07 15:32:23,611 - ArbitrageTrader - INFO - Executing arbitrage cycle with expected profit: 0.3137%
2025-05-07 15:32:23,611 - ArbitrageTrader - INFO - Cycle: USD -> JPY -> TRY -> USD
2025-05-07 15:32:23,804 - ArbitrageTrader - INFO - Order placed successfully: USD_JPY, 6000.0 units
2025-05-07 15:32:23,805 - ArbitrageTrader - ERROR - Invalid execution details for USD_JPY
2025-05-07 15:32:23,805 - ArbitrageTrader - WARNING - Trade failed: Invalid execution details
2025-05-07 15:32:29,811 - ArbitrageTrader - INFO - Strategy adjusted for new_york session: profit threshold=0.100%, check interval=3s
2025-05-07 15:32:30,548 - ArbitrageTrader - INFO - Updated 136 exchange rates
2025-05-07 15:32:30,637 - ArbitrageTrader - INFO - Found arbitrage opportunity: 0.3186% profit
2025-05-07 15:32:30,863 - ArbitrageTrader - INFO - Executing arbitrage cycle with expected profit: 0.3186%
2025-05-07 15:32:30,863 - ArbitrageTrader - INFO - Cycle: USD -> JPY -> TRY -> USD
2025-05-07 15:32:31,036 - ArbitrageTrader - INFO - Order placed successfully: USD_JPY, 6000.0 units
2025-05-07 15:32:31,037 - ArbitrageTrader - ERROR - Invalid execution details for USD_JPY
2025-05-07 15:32:31,037 - ArbitrageTrader - WARNING - Trade failed: Invalid execution details
2025-05-07 15:32:37,041 - ArbitrageTrader - INFO - Strategy adjusted for new_york session: profit threshold=0.100%, check interval=3s
2025-05-07 15:32:37,803 - ArbitrageTrader - INFO - Updated 136 exchange rates
2025-05-07 15:32:37,893 - ArbitrageTrader - INFO - Found arbitrage opportunity: 0.3172% profit
2025-05-07 15:32:37,960 - ArbitrageTrader - INFO - Executing arbitrage cycle with expected profit: 0.3172%
2025-05-07 15:32:37,961 - ArbitrageTrader - INFO - Cycle: USD -> JPY -> TRY -> USD
2025-05-07 15:32:38,145 - ArbitrageTrader - INFO - Order placed successfully: USD_JPY, 6000.0 units
2025-05-07 15:32:38,145 - ArbitrageTrader - ERROR - Invalid execution details for USD_JPY
2025-05-07 15:32:38,145 - ArbitrageTrader - WARNING - Trade failed: Invalid execution details
2025-05-07 15:32:44,155 - ArbitrageTrader - INFO - Strategy adjusted for new_york session: profit threshold=0.100%, check interval=3s
2025-05-07 15:32:44,906 - ArbitrageTrader - INFO - Updated 136 exchange rates
2025-05-07 15:32:44,996 - ArbitrageTrader - INFO - Found arbitrage opportunity: 0.3151% profit
2025-05-07 15:32:45,104 - ArbitrageTrader - INFO - Executing arbitrage cycle with expected profit: 0.3151%
2025-05-07 15:32:45,104 - ArbitrageTrader - INFO - Cycle: USD -> JPY -> TRY -> USD
2025-05-07 15:32:45,259 - ArbitrageTrader - INFO - Order placed successfully: USD_JPY, 6000.0 units
2025-05-07 15:32:45,260 - ArbitrageTrader - ERROR - Invalid execution details for USD_JPY
2025-05-07 15:32:45,260 - ArbitrageTrader - WARNING - Trade failed: Invalid execution details
2025-05-07 15:32:51,265 - ArbitrageTrader - INFO - Strategy adjusted for new_york session: profit threshold=0.100%, check interval=3s
2025-05-07 15:32:51,868 - ArbitrageTrader - INFO - Updated 136 exchange rates
2025-05-07 15:32:51,968 - ArbitrageTrader - INFO - Found arbitrage opportunity: 0.3033% profit
2025-05-07 15:32:52,045 - ArbitrageTrader - INFO - Executing arbitrage cycle with expected profit: 0.3033%
2025-05-07 15:32:52,045 - ArbitrageTrader - INFO - Cycle: USD -> JPY -> TRY -> USD
2025-05-07 15:32:52,195 - ArbitrageTrader - INFO - Order placed successfully: USD_JPY, 6000.0 units
2025-05-07 15:32:52,197 - ArbitrageTrader - ERROR - Invalid execution details for USD_JPY
2025-05-07 15:32:52,197 - ArbitrageTrader - WARNING - Trade failed: Invalid execution details
2025-05-07 15:32:58,202 - ArbitrageTrader - INFO - Strategy adjusted for new_york session: profit threshold=0.100%, check interval=3s
2025-05-07 15:33:15,228 - ArbitrageTrader - INFO - Updated 136 exchange rates
2025-05-07 15:33:15,357 - ArbitrageTrader - INFO - Found arbitrage opportunity: 0.3033% profit
2025-05-07 15:33:15,433 - ArbitrageTrader - INFO - Executing arbitrage cycle with expected profit: 0.3033%
2025-05-07 15:33:15,434 - ArbitrageTrader - INFO - Cycle: USD -> JPY -> TRY -> USD
2025-05-07 15:33:15,588 - ArbitrageTrader - INFO - Order placed successfully: USD_JPY, 6000.0 units
2025-05-07 15:33:15,589 - ArbitrageTrader - ERROR - Invalid execution details for USD_JPY
2025-05-07 15:33:15,589 - ArbitrageTrader - WARNING - Trade failed: Invalid execution details
2025-05-07 15:33:21,593 - ArbitrageTrader - INFO - Strategy adjusted for new_york session: profit threshold=0.100%, check interval=3s
2025-05-07 15:33:22,346 - ArbitrageTrader - INFO - Updated 136 exchange rates
2025-05-07 15:33:22,447 - ArbitrageTrader - INFO - Found arbitrage opportunity: 0.2891% profit
2025-05-07 15:33:22,519 - ArbitrageTrader - INFO - Executing arbitrage cycle with expected profit: 0.2891%
2025-05-07 15:33:22,520 - ArbitrageTrader - INFO - Cycle: EUR -> TRY -> JPY -> EUR
2025-05-07 15:33:22,690 - ArbitrageTrader - INFO - Order placed successfully: EUR_TRY, 137.0070088218813 units
2025-05-07 15:33:22,691 - ArbitrageTrader - ERROR - Invalid execution details for EUR_TRY
2025-05-07 15:33:22,691 - ArbitrageTrader - WARNING - Trade failed: Invalid execution details
2025-05-07 15:33:28,695 - ArbitrageTrader - INFO - Strategy adjusted for new_york session: profit threshold=0.100%, check interval=3s
2025-05-07 15:33:28,784 - ArbitrageTrader - WARNING - Exception fetching price for AUD_HKD: HTTPSConnectionPool(host='api-fxpractice.oanda.com', port=443): Max retries exceeded with url: /v3/instruments/AUD_HKD/candles?count=1&price=MBA&granularity=S5 (Caused by NewConnectionError('<urllib3.connection.HTTPSConnection object at 0x1079097c0>: Failed to establish a new connection: [Errno 8] nodename nor servname provided, or not known'))
2025-05-07 15:33:29,369 - ArbitrageTrader - INFO - Updated 134 exchange rates
2025-05-07 15:33:29,442 - ArbitrageTrader - INFO - Found arbitrage opportunity: 0.3179% profit
2025-05-07 15:33:29,514 - ArbitrageTrader - INFO - Executing arbitrage cycle with expected profit: 0.3179%
2025-05-07 15:33:29,515 - ArbitrageTrader - INFO - Cycle: USD -> JPY -> TRY -> USD
2025-05-07 15:33:29,688 - ArbitrageTrader - INFO - Order placed successfully: USD_JPY, 6000.0 units
2025-05-07 15:33:29,690 - ArbitrageTrader - ERROR - Invalid execution details for USD_JPY
2025-05-07 15:33:29,690 - ArbitrageTrader - WARNING - Trade failed: Invalid execution details
2025-05-07 15:33:35,691 - ArbitrageTrader - INFO - Strategy adjusted for new_york session: profit threshold=0.100%, check interval=3s
2025-05-07 15:33:36,442 - ArbitrageTrader - INFO - Updated 136 exchange rates
2025-05-07 15:33:36,530 - ArbitrageTrader - INFO - Found arbitrage opportunity: 0.3047% profit
2025-05-07 15:33:36,591 - ArbitrageTrader - INFO - Executing arbitrage cycle with expected profit: 0.3047%
2025-05-07 15:33:36,591 - ArbitrageTrader - INFO - Cycle: USD -> JPY -> TRY -> USD
2025-05-07 15:33:36,765 - ArbitrageTrader - INFO - Order placed successfully: USD_JPY, 6000.0 units
2025-05-07 15:33:36,765 - ArbitrageTrader - ERROR - Invalid execution details for USD_JPY
2025-05-07 15:33:36,766 - ArbitrageTrader - WARNING - Trade failed: Invalid execution details
2025-05-07 15:33:42,772 - ArbitrageTrader - INFO - Strategy adjusted for new_york session: profit threshold=0.100%, check interval=3s
2025-05-07 15:33:43,398 - ArbitrageTrader - INFO - Updated 136 exchange rates
2025-05-07 15:33:43,535 - ArbitrageTrader - INFO - Found arbitrage opportunity: 0.3047% profit
2025-05-07 15:33:43,602 - ArbitrageTrader - INFO - Executing arbitrage cycle with expected profit: 0.3047%
2025-05-07 15:33:43,602 - ArbitrageTrader - INFO - Cycle: USD -> JPY -> TRY -> USD
2025-05-07 15:33:43,864 - ArbitrageTrader - INFO - Order placed successfully: USD_JPY, 6000.0 units
2025-05-07 15:33:43,865 - ArbitrageTrader - ERROR - Invalid execution details for USD_JPY
2025-05-07 15:33:43,865 - ArbitrageTrader - WARNING - Trade failed: Invalid execution details
2025-05-07 15:33:49,870 - ArbitrageTrader - INFO - Strategy adjusted for new_york session: profit threshold=0.100%, check interval=3s
2025-05-07 15:33:50,507 - ArbitrageTrader - INFO - Updated 136 exchange rates
2025-05-07 15:33:50,608 - ArbitrageTrader - INFO - Found arbitrage opportunity: 0.2970% profit
2025-05-07 15:33:50,688 - ArbitrageTrader - INFO - Executing arbitrage cycle with expected profit: 0.2970%
2025-05-07 15:33:50,688 - ArbitrageTrader - INFO - Cycle: USD -> JPY -> TRY -> USD
2025-05-07 15:33:50,840 - ArbitrageTrader - INFO - Order placed successfully: USD_JPY, 6000.0 units
2025-05-07 15:33:50,840 - ArbitrageTrader - ERROR - Invalid execution details for USD_JPY
2025-05-07 15:33:50,840 - ArbitrageTrader - WARNING - Trade failed: Invalid execution details
2025-05-07 15:33:56,846 - ArbitrageTrader - INFO - Strategy adjusted for new_york session: profit threshold=0.100%, check interval=3s
2025-05-07 15:33:57,607 - ArbitrageTrader - INFO - Updated 136 exchange rates
2025-05-07 15:33:57,718 - ArbitrageTrader - INFO - Found arbitrage opportunity: 0.2914% profit
2025-05-07 15:33:57,782 - ArbitrageTrader - INFO - Executing arbitrage cycle with expected profit: 0.2914%
2025-05-07 15:33:57,783 - ArbitrageTrader - INFO - Cycle: USD -> JPY -> TRY -> USD
2025-05-07 15:33:57,976 - ArbitrageTrader - INFO - Order placed successfully: USD_JPY, 6000.0 units
2025-05-07 15:33:57,977 - ArbitrageTrader - ERROR - Invalid execution details for USD_JPY
2025-05-07 15:33:57,977 - ArbitrageTrader - WARNING - Trade failed: Invalid execution details
2025-05-07 15:34:03,981 - ArbitrageTrader - INFO - Strategy adjusted for new_york session: profit threshold=0.100%, check interval=3s
2025-05-07 15:34:05,116 - ArbitrageTrader - INFO - Updated 136 exchange rates
2025-05-07 15:34:05,189 - ArbitrageTrader - INFO - Found arbitrage opportunity: 0.2882% profit
2025-05-07 15:34:05,254 - ArbitrageTrader - INFO - Executing arbitrage cycle with expected profit: 0.2882%
2025-05-07 15:34:05,254 - ArbitrageTrader - INFO - Cycle: JPY -> TRY -> USD -> JPY
2025-05-07 15:34:05,319 - ArbitrageTrader - WARNING - Error fetching price for JPY_TRY: 400, {"errorMessage":"Invalid value specified for 'instrument'"}
2025-05-07 15:34:05,319 - ArbitrageTrader - ERROR - Failed to get price for JPY_TRY
2025-05-07 15:34:05,319 - ArbitrageTrader - WARNING - Trade failed: Price data unavailable for JPY_TRY
2025-05-07 15:34:11,322 - ArbitrageTrader - INFO - Strategy adjusted for new_york session: profit threshold=0.100%, check interval=3s
2025-05-07 15:34:12,052 - ArbitrageTrader - INFO - Updated 136 exchange rates
2025-05-07 15:34:12,123 - ArbitrageTrader - INFO - Found arbitrage opportunity: 0.2945% profit
2025-05-07 15:34:12,185 - ArbitrageTrader - INFO - Executing arbitrage cycle with expected profit: 0.2945%
2025-05-07 15:34:12,185 - ArbitrageTrader - INFO - Cycle: USD -> JPY -> TRY -> USD
2025-05-07 15:34:12,329 - ArbitrageTrader - INFO - Order placed successfully: USD_JPY, 6000.0 units
2025-05-07 15:34:12,329 - ArbitrageTrader - ERROR - Invalid execution details for USD_JPY
2025-05-07 15:34:12,329 - ArbitrageTrader - WARNING - Trade failed: Invalid execution details
2025-05-07 15:34:18,334 - ArbitrageTrader - INFO - Strategy adjusted for new_york session: profit threshold=0.100%, check interval=3s
2025-05-07 15:34:19,051 - ArbitrageTrader - INFO - Updated 136 exchange rates
2025-05-07 15:34:19,125 - ArbitrageTrader - INFO - Found arbitrage opportunity: 0.2883% profit
2025-05-07 15:34:19,202 - ArbitrageTrader - INFO - Executing arbitrage cycle with expected profit: 0.2883%
2025-05-07 15:34:19,202 - ArbitrageTrader - INFO - Cycle: JPY -> EUR -> TRY -> JPY
2025-05-07 15:34:19,281 - ArbitrageTrader - WARNING - Error fetching price for JPY_EUR: 400, {"errorMessage":"Invalid value specified for 'instrument'"}
2025-05-07 15:34:19,282 - ArbitrageTrader - ERROR - Failed to get price for JPY_EUR
2025-05-07 15:34:19,282 - ArbitrageTrader - WARNING - Trade failed: Price data unavailable for JPY_EUR
2025-05-07 15:34:25,285 - ArbitrageTrader - INFO - Strategy adjusted for new_york session: profit threshold=0.100%, check interval=3s
2025-05-07 15:34:25,932 - ArbitrageTrader - INFO - Updated 136 exchange rates
2025-05-07 15:34:26,115 - ArbitrageTrader - INFO - Found arbitrage opportunity: 0.2910% profit
2025-05-07 15:34:26,210 - ArbitrageTrader - INFO - Executing arbitrage cycle with expected profit: 0.2910%
2025-05-07 15:34:26,210 - ArbitrageTrader - INFO - Cycle: USD -> JPY -> TRY -> USD
2025-05-07 15:34:26,344 - ArbitrageTrader - INFO - Order placed successfully: USD_JPY, 6000.0 units
2025-05-07 15:34:26,345 - ArbitrageTrader - ERROR - Invalid execution details for USD_JPY
2025-05-07 15:34:26,345 - ArbitrageTrader - WARNING - Trade failed: Invalid execution details
2025-05-07 15:34:32,350 - ArbitrageTrader - INFO - Strategy adjusted for new_york session: profit threshold=0.100%, check interval=3s
2025-05-07 15:34:32,972 - ArbitrageTrader - INFO - Updated 136 exchange rates
2025-05-07 15:34:33,054 - ArbitrageTrader - INFO - Found arbitrage opportunity: 0.3012% profit
2025-05-07 15:34:33,144 - ArbitrageTrader - INFO - Executing arbitrage cycle with expected profit: 0.3012%
2025-05-07 15:34:33,145 - ArbitrageTrader - INFO - Cycle: EUR -> TRY -> JPY -> EUR
2025-05-07 15:34:33,361 - ArbitrageTrader - INFO - Order placed successfully: EUR_TRY, 136.99774912698183 units
2025-05-07 15:34:33,362 - ArbitrageTrader - ERROR - Invalid execution details for EUR_TRY
2025-05-07 15:34:33,362 - ArbitrageTrader - WARNING - Trade failed: Invalid execution details
2025-05-07 15:34:35,667 - ArbitrageTrader - INFO - Arbitrage trading stopped by user
2025-05-07 15:34:35,743 - ArbitrageTrader - INFO - Trading session complete. Final balance: 100000.0
2025-05-07 15:34:35,743 - ArbitrageTrader - INFO - Total profit/loss: 0.0 (0.00%)
2025-05-07 15:34:35,744 - ArbitrageTrader - INFO - Performance data saved to ./data/performance_20250507_153435.json
2025-05-07 15:34:35,745 - ArbitrageTrader - INFO - Performance report saved to ./data/summary_20250507_153435.txt
