2025-05-08 09:58:13,963 - ArbitrageTrader - INFO - Logging initialized at 20250508_095813
2025-05-08 09:58:13,963 - ArbitrageTrader - INFO - Log file: ./logs/arbitrage_20250508_095813.log
2025-05-08 09:58:13,963 - ArbitrageTrader - INFO - Loaded configuration from config.json
2025-05-08 09:58:13,963 - ArbitrageTrader - INFO - OANDA Arbitrage Trading System
2025-05-08 09:58:13,963 - ArbitrageTrader - INFO - ----------------------------------------
2025-05-08 09:58:13,963 - ArbitrageTrader - INFO - Starting time: 2025-05-08 09:58:13.963262
2025-05-08 09:58:13,963 - ArbitrageTrader - INFO - Mode: Live trading
2025-05-08 09:58:13,963 - ArbitrageTrader - INFO - Environment: Practice
2025-05-08 09:58:13,963 - ArbitrageTrader - INFO - Check interval: 3 seconds
2025-05-08 09:58:13,963 - ArbitrageTrader - INFO - ----------------------------------------
2025-05-08 09:58:14,137 - ArbitrageTrader - INFO - Found 21 unique currencies
2025-05-08 09:58:14,137 - ArbitrageTrader - INFO - OANDA Arbitrage Trader initialized in practice mode
2025-05-08 09:58:14,137 - ArbitrageTrader - INFO - Account ID: 101-001-31395009-001
2025-05-08 09:58:14,137 - ArbitrageTrader - INFO - Starting balance: 100177.6106
2025-05-08 09:58:14,137 - ArbitrageTrader - INFO - Monitoring 68 valid currency pairs
2025-05-08 09:58:14,137 - ArbitrageTrader - INFO - Starting arbitrage trading system with check interval 3s
2025-05-08 09:58:14,235 - ArbitrageTrader - INFO - Initial account balance: 100177.6106
2025-05-08 09:58:14,235 - ArbitrageTrader - INFO - LIVE MODE: Executing real trades
2025-05-08 09:58:14,235 - ArbitrageTrader - INFO - Strategy adjusted for london_ny_overlap session: profit threshold=0.080%, check interval=1s
2025-05-08 09:58:15,040 - ArbitrageTrader - INFO - Updated 136 exchange rates
2025-05-08 09:58:15,128 - ArbitrageTrader - INFO - Found arbitrage opportunity: 0.4671% profit
2025-05-08 09:58:15,213 - ArbitrageTrader - INFO - Executing arbitrage cycle with expected profit: 0.4671%
2025-05-08 09:58:15,214 - ArbitrageTrader - INFO - Cycle: USD -> JPY -> TRY -> USD
2025-05-08 09:58:15,354 - ArbitrageTrader - INFO - Order placed successfully: USD_JPY, 7212.7879631999995 units
2025-05-08 09:58:15,355 - ArbitrageTrader - ERROR - Invalid execution details for USD_JPY
2025-05-08 09:58:15,356 - ArbitrageTrader - WARNING - Trade failed: Invalid execution details
2025-05-08 09:58:21,357 - ArbitrageTrader - INFO - Strategy adjusted for london_ny_overlap session: profit threshold=0.080%, check interval=1s
2025-05-08 09:58:22,969 - ArbitrageTrader - INFO - Updated 136 exchange rates
2025-05-08 09:58:23,054 - ArbitrageTrader - INFO - Found arbitrage opportunity: 0.4629% profit
2025-05-08 09:58:23,119 - ArbitrageTrader - INFO - Executing arbitrage cycle with expected profit: 0.4629%
2025-05-08 09:58:23,119 - ArbitrageTrader - INFO - Cycle: USD -> JPY -> TRY -> USD
2025-05-08 09:58:23,284 - ArbitrageTrader - INFO - Order placed successfully: USD_JPY, 7212.7879631999995 units
2025-05-08 09:58:23,284 - ArbitrageTrader - ERROR - Invalid execution details for USD_JPY
2025-05-08 09:58:23,285 - ArbitrageTrader - WARNING - Trade failed: Invalid execution details
2025-05-08 09:58:29,288 - ArbitrageTrader - INFO - Strategy adjusted for london_ny_overlap session: profit threshold=0.080%, check interval=1s
2025-05-08 09:58:30,438 - ArbitrageTrader - INFO - Updated 136 exchange rates
2025-05-08 09:58:30,607 - ArbitrageTrader - INFO - Found arbitrage opportunity: 0.4523% profit
2025-05-08 09:58:30,747 - ArbitrageTrader - INFO - Executing arbitrage cycle with expected profit: 0.4523%
2025-05-08 09:58:30,749 - ArbitrageTrader - INFO - Cycle: USD -> JPY -> TRY -> USD
2025-05-08 09:58:30,909 - ArbitrageTrader - INFO - Order placed successfully: USD_JPY, 7212.7879631999995 units
2025-05-08 09:58:30,910 - ArbitrageTrader - ERROR - Invalid execution details for USD_JPY
2025-05-08 09:58:30,910 - ArbitrageTrader - WARNING - Trade failed: Invalid execution details
2025-05-08 09:58:36,915 - ArbitrageTrader - INFO - Strategy adjusted for london_ny_overlap session: profit threshold=0.080%, check interval=1s
2025-05-08 09:58:37,714 - ArbitrageTrader - INFO - Updated 136 exchange rates
2025-05-08 09:58:37,802 - ArbitrageTrader - INFO - Found arbitrage opportunity: 0.4729% profit
2025-05-08 09:58:37,875 - ArbitrageTrader - INFO - Executing arbitrage cycle with expected profit: 0.4729%
2025-05-08 09:58:37,875 - ArbitrageTrader - INFO - Cycle: USD -> JPY -> TRY -> USD
2025-05-08 09:58:38,037 - ArbitrageTrader - INFO - Order placed successfully: USD_JPY, 7212.7879631999995 units
2025-05-08 09:58:38,038 - ArbitrageTrader - ERROR - Invalid execution details for USD_JPY
2025-05-08 09:58:38,039 - ArbitrageTrader - WARNING - Trade failed: Invalid execution details
2025-05-08 09:58:44,043 - ArbitrageTrader - INFO - Strategy adjusted for london_ny_overlap session: profit threshold=0.080%, check interval=1s
2025-05-08 09:58:44,759 - ArbitrageTrader - INFO - Updated 136 exchange rates
2025-05-08 09:58:44,841 - ArbitrageTrader - INFO - Found arbitrage opportunity: 0.4459% profit
2025-05-08 09:58:44,939 - ArbitrageTrader - INFO - Executing arbitrage cycle with expected profit: 0.4459%
2025-05-08 09:58:44,939 - ArbitrageTrader - INFO - Cycle: USD -> JPY -> TRY -> USD
2025-05-08 09:58:45,158 - ArbitrageTrader - INFO - Order placed successfully: USD_JPY, 7212.7879631999995 units
2025-05-08 09:58:45,159 - ArbitrageTrader - ERROR - Invalid execution details for USD_JPY
2025-05-08 09:58:45,159 - ArbitrageTrader - WARNING - Trade failed: Invalid execution details
2025-05-08 09:58:51,160 - ArbitrageTrader - INFO - Strategy adjusted for london_ny_overlap session: profit threshold=0.080%, check interval=1s
2025-05-08 09:58:51,779 - ArbitrageTrader - INFO - Updated 136 exchange rates
2025-05-08 09:58:51,868 - ArbitrageTrader - INFO - Found arbitrage opportunity: 0.4549% profit
2025-05-08 09:58:51,942 - ArbitrageTrader - INFO - Executing arbitrage cycle with expected profit: 0.4549%
2025-05-08 09:58:51,942 - ArbitrageTrader - INFO - Cycle: USD -> JPY -> TRY -> USD
2025-05-08 09:58:52,105 - ArbitrageTrader - INFO - Order placed successfully: USD_JPY, 7212.7879631999995 units
2025-05-08 09:58:52,105 - ArbitrageTrader - ERROR - Invalid execution details for USD_JPY
2025-05-08 09:58:52,105 - ArbitrageTrader - WARNING - Trade failed: Invalid execution details
2025-05-08 09:58:58,111 - ArbitrageTrader - INFO - Strategy adjusted for london_ny_overlap session: profit threshold=0.080%, check interval=1s
2025-05-08 09:58:59,006 - ArbitrageTrader - INFO - Updated 136 exchange rates
2025-05-08 09:58:59,088 - ArbitrageTrader - INFO - Found arbitrage opportunity: 0.4562% profit
2025-05-08 09:58:59,174 - ArbitrageTrader - INFO - Executing arbitrage cycle with expected profit: 0.4562%
2025-05-08 09:58:59,174 - ArbitrageTrader - INFO - Cycle: USD -> JPY -> TRY -> USD
2025-05-08 09:58:59,321 - ArbitrageTrader - INFO - Order placed successfully: USD_JPY, 7212.7879631999995 units
2025-05-08 09:58:59,322 - ArbitrageTrader - ERROR - Invalid execution details for USD_JPY
2025-05-08 09:58:59,322 - ArbitrageTrader - WARNING - Trade failed: Invalid execution details
