2025-05-01 17:49:49,070 - ArbitrageTrader - INFO - Logging initialized at 20250501_174949
2025-05-01 17:49:49,071 - ArbitrageTrader - INFO - Log file: ./logs/arbitrage_20250501_174949.log
2025-05-01 17:49:49,071 - ArbitrageTrader - INFO - Loaded configuration from config.json
2025-05-01 17:49:49,071 - ArbitrageTrader - INFO - OANDA Arbitrage Trading System
2025-05-01 17:49:49,071 - ArbitrageTrader - INFO - ----------------------------------------
2025-05-01 17:49:49,071 - ArbitrageTrader - INFO - Starting time: 2025-05-01 17:49:49.071168
2025-05-01 17:49:49,071 - ArbitrageTrader - INFO - Mode: Live trading
2025-05-01 17:49:49,071 - ArbitrageTrader - INFO - Environment: Practice
2025-05-01 17:49:49,071 - ArbitrageTrader - INFO - Check interval: 3 seconds
2025-05-01 17:49:49,071 - ArbitrageTrader - INFO - ----------------------------------------
2025-05-01 17:49:49,193 - ArbitrageTrader - ERROR - Failed to get account balance: 401, {"errorMessage":"Insufficient authorization to perform request."}
2025-05-01 17:49:49,279 - ArbitrageTrader - ERROR - Failed to get instruments: 401, {"errorMessage":"Insufficient authorization to perform request."}
2025-05-01 17:49:49,280 - ArbitrageTrader - INFO - Found 0 unique currencies
2025-05-01 17:49:49,280 - ArbitrageTrader - INFO - OANDA Arbitrage Trader initialized in practice mode
2025-05-01 17:49:49,280 - ArbitrageTrader - INFO - Account ID: 001-001-13604949-002
2025-05-01 17:49:49,280 - ArbitrageTrader - INFO - Starting balance: 10000.0
2025-05-01 17:49:49,280 - ArbitrageTrader - INFO - Monitoring 0 valid currency pairs
2025-05-01 17:49:49,280 - ArbitrageTrader - INFO - Starting arbitrage trading system with check interval 3s
2025-05-01 17:49:49,362 - ArbitrageTrader - ERROR - Failed to get account balance: 401, {"errorMessage":"Insufficient authorization to perform request."}
2025-05-01 17:49:49,363 - ArbitrageTrader - INFO - Initial account balance: 10000.0
2025-05-01 17:49:49,363 - ArbitrageTrader - INFO - LIVE MODE: Executing real trades
2025-05-01 17:49:49,363 - ArbitrageTrader - INFO - Strategy adjusted for new_york session: profit threshold=0.100%, check interval=3s
2025-05-01 17:49:49,365 - ArbitrageTrader - INFO - Updated 0 exchange rates
2025-05-01 17:49:49,471 - ArbitrageTrader - ERROR - Failed to get account balance: 401, {"errorMessage":"Insufficient authorization to perform request."}
2025-05-01 17:49:49,472 - ArbitrageTrader - INFO - No profitable arbitrage opportunities found
2025-05-01 17:49:50,675 - ArbitrageTrader - INFO - Arbitrage trading stopped by user
2025-05-01 17:49:50,768 - ArbitrageTrader - ERROR - Failed to get account balance: 401, {"errorMessage":"Insufficient authorization to perform request."}
2025-05-01 17:49:50,769 - ArbitrageTrader - INFO - Trading session complete. Final balance: 10000.0
2025-05-01 17:49:50,769 - ArbitrageTrader - INFO - Total profit/loss: 0.0 (0.00%)
2025-05-01 17:49:50,770 - ArbitrageTrader - INFO - Performance data saved to ./data/performance_20250501_174950.json
2025-05-01 17:49:50,771 - ArbitrageTrader - INFO - Performance report saved to ./data/summary_20250501_174950.txt
