2025-05-08 09:22:02,724 - ArbitrageTrader - INFO - Logging initialized at 20250508_092202
2025-05-08 09:22:02,724 - ArbitrageTrader - INFO - Log file: ./logs/arbitrage_20250508_092202.log
2025-05-08 09:22:02,725 - ArbitrageTrader - INFO - Loaded configuration from config.json
2025-05-08 09:22:02,725 - ArbitrageTrader - INFO - OANDA Arbitrage Trading System
2025-05-08 09:22:02,725 - ArbitrageTrader - INFO - ----------------------------------------
2025-05-08 09:22:02,725 - ArbitrageTrader - INFO - Starting time: 2025-05-08 09:22:02.725200
2025-05-08 09:22:02,725 - ArbitrageTrader - INFO - Mode: Live trading
2025-05-08 09:22:02,725 - ArbitrageTrader - INFO - Environment: Practice
2025-05-08 09:22:02,725 - ArbitrageTrader - INFO - Check interval: 3 seconds
2025-05-08 09:22:02,725 - ArbitrageTrader - INFO - ----------------------------------------
2025-05-08 09:22:02,969 - ArbitrageTrader - INFO - Found 21 unique currencies
2025-05-08 09:22:02,969 - ArbitrageTrader - WARNING - Currency pair USD_EUR not supported by OANDA - excluding from monitoring
2025-05-08 09:22:02,969 - ArbitrageTrader - WARNING - Currency pair JPY_USD not supported by OANDA - excluding from monitoring
2025-05-08 09:22:02,969 - ArbitrageTrader - WARNING - Currency pair USD_GBP not supported by OANDA - excluding from monitoring
2025-05-08 09:22:02,969 - ArbitrageTrader - WARNING - Currency pair CHF_USD not supported by OANDA - excluding from monitoring
2025-05-08 09:22:02,969 - ArbitrageTrader - WARNING - Currency pair CAD_USD not supported by OANDA - excluding from monitoring
2025-05-08 09:22:02,969 - ArbitrageTrader - WARNING - Currency pair USD_AUD not supported by OANDA - excluding from monitoring
2025-05-08 09:22:02,969 - ArbitrageTrader - WARNING - Currency pair USD_NZD not supported by OANDA - excluding from monitoring
2025-05-08 09:22:02,970 - ArbitrageTrader - WARNING - Currency pair GBP_EUR not supported by OANDA - excluding from monitoring
2025-05-08 09:22:02,970 - ArbitrageTrader - WARNING - Currency pair JPY_EUR not supported by OANDA - excluding from monitoring
2025-05-08 09:22:02,970 - ArbitrageTrader - WARNING - Currency pair CHF_EUR not supported by OANDA - excluding from monitoring
2025-05-08 09:22:02,970 - ArbitrageTrader - WARNING - Currency pair CAD_EUR not supported by OANDA - excluding from monitoring
2025-05-08 09:22:02,970 - ArbitrageTrader - WARNING - Currency pair AUD_EUR not supported by OANDA - excluding from monitoring
2025-05-08 09:22:02,970 - ArbitrageTrader - WARNING - Currency pair NZD_EUR not supported by OANDA - excluding from monitoring
2025-05-08 09:22:02,970 - ArbitrageTrader - WARNING - Currency pair JPY_GBP not supported by OANDA - excluding from monitoring
2025-05-08 09:22:02,970 - ArbitrageTrader - WARNING - Currency pair CHF_GBP not supported by OANDA - excluding from monitoring
2025-05-08 09:22:02,970 - ArbitrageTrader - WARNING - Currency pair CAD_GBP not supported by OANDA - excluding from monitoring
2025-05-08 09:22:02,970 - ArbitrageTrader - WARNING - Currency pair AUD_GBP not supported by OANDA - excluding from monitoring
2025-05-08 09:22:02,970 - ArbitrageTrader - WARNING - Currency pair NZD_GBP not supported by OANDA - excluding from monitoring
2025-05-08 09:22:02,971 - ArbitrageTrader - WARNING - Currency pair JPY_CHF not supported by OANDA - excluding from monitoring
2025-05-08 09:22:02,971 - ArbitrageTrader - WARNING - Currency pair JPY_CAD not supported by OANDA - excluding from monitoring
2025-05-08 09:22:02,971 - ArbitrageTrader - WARNING - Currency pair JPY_AUD not supported by OANDA - excluding from monitoring
2025-05-08 09:22:02,971 - ArbitrageTrader - WARNING - Currency pair JPY_NZD not supported by OANDA - excluding from monitoring
2025-05-08 09:22:02,971 - ArbitrageTrader - WARNING - Currency pair CHF_CAD not supported by OANDA - excluding from monitoring
2025-05-08 09:22:02,971 - ArbitrageTrader - WARNING - Currency pair CHF_AUD not supported by OANDA - excluding from monitoring
2025-05-08 09:22:02,971 - ArbitrageTrader - WARNING - Currency pair CHF_NZD not supported by OANDA - excluding from monitoring
2025-05-08 09:22:02,971 - ArbitrageTrader - WARNING - Currency pair CAD_AUD not supported by OANDA - excluding from monitoring
2025-05-08 09:22:02,971 - ArbitrageTrader - WARNING - Currency pair CAD_NZD not supported by OANDA - excluding from monitoring
2025-05-08 09:22:02,971 - ArbitrageTrader - WARNING - Currency pair NZD_AUD not supported by OANDA - excluding from monitoring
2025-05-08 09:22:03,043 - ArbitrageTrader - INFO - OANDA Arbitrage Trader initialized in practice mode
2025-05-08 09:22:03,043 - ArbitrageTrader - INFO - Account ID: 101-001-31395009-001
2025-05-08 09:22:03,043 - ArbitrageTrader - INFO - Starting balance: 100177.6106
2025-05-08 09:22:03,044 - ArbitrageTrader - INFO - Monitoring 68 valid currency pairs
2025-05-08 09:22:03,151 - ArbitrageTrader - INFO - Starting arbitrage trading system with check interval 3s
2025-05-08 09:22:03,245 - ArbitrageTrader - INFO - Initial account balance: 100177.6106
2025-05-08 09:22:03,246 - ArbitrageTrader - INFO - LIVE MODE: Executing real trades
2025-05-08 09:22:03,246 - ArbitrageTrader - INFO - Strategy adjusted for london_ny_overlap session: profit threshold=0.080%, check interval=1s
2025-05-08 09:22:04,007 - ArbitrageTrader - INFO - Updated 136 exchange rates
2025-05-08 09:22:04,091 - ArbitrageTrader - INFO - Found arbitrage opportunity: 0.4635% profit
2025-05-08 09:22:04,156 - ArbitrageTrader - INFO - Executing arbitrage cycle with expected profit: 0.4635%
2025-05-08 09:22:04,156 - ArbitrageTrader - INFO - Cycle: USD -> JPY -> TRY -> USD
2025-05-08 09:22:04,299 - ArbitrageTrader - INFO - Order placed successfully: USD_JPY, 7212.7879631999995 units
2025-05-08 09:22:04,300 - ArbitrageTrader - INFO - Completed trade: USD -> JPY, Amount: 1042912.90
2025-05-08 09:22:04,358 - ArbitrageTrader - WARNING - Error fetching price for JPY_TRY: 400, {"errorMessage":"Invalid value specified for 'instrument'"}
2025-05-08 09:22:04,359 - ArbitrageTrader - ERROR - Failed to get price for JPY_TRY
2025-05-08 09:22:04,359 - ArbitrageTrader - WARNING - Trade failed: Price data unavailable for JPY_TRY
2025-05-08 09:22:10,362 - ArbitrageTrader - INFO - Strategy adjusted for london_ny_overlap session: profit threshold=0.080%, check interval=1s
2025-05-08 09:22:11,055 - ArbitrageTrader - INFO - Updated 136 exchange rates
2025-05-08 09:22:11,141 - ArbitrageTrader - INFO - Found arbitrage opportunity: 0.4663% profit
2025-05-08 09:22:11,223 - ArbitrageTrader - INFO - Executing arbitrage cycle with expected profit: 0.4663%
2025-05-08 09:22:11,223 - ArbitrageTrader - INFO - Cycle: USD -> JPY -> TRY -> USD
2025-05-08 09:22:11,394 - ArbitrageTrader - INFO - Order placed successfully: USD_JPY, 7212.7879631999995 units
2025-05-08 09:22:11,395 - ArbitrageTrader - INFO - Completed trade: USD -> JPY, Amount: 1042941.74
2025-05-08 09:22:11,487 - ArbitrageTrader - WARNING - Error fetching price for JPY_TRY: 400, {"errorMessage":"Invalid value specified for 'instrument'"}
2025-05-08 09:22:11,488 - ArbitrageTrader - ERROR - Failed to get price for JPY_TRY
2025-05-08 09:22:11,488 - ArbitrageTrader - WARNING - Trade failed: Price data unavailable for JPY_TRY
2025-05-08 09:22:17,493 - ArbitrageTrader - INFO - Strategy adjusted for london_ny_overlap session: profit threshold=0.080%, check interval=1s
2025-05-08 09:22:18,108 - ArbitrageTrader - INFO - Updated 136 exchange rates
2025-05-08 09:22:18,234 - ArbitrageTrader - INFO - Found arbitrage opportunity: 0.4704% profit
2025-05-08 09:22:18,295 - ArbitrageTrader - INFO - Executing arbitrage cycle with expected profit: 0.4704%
2025-05-08 09:22:18,295 - ArbitrageTrader - INFO - Cycle: USD -> JPY -> TRY -> USD
2025-05-08 09:22:18,486 - ArbitrageTrader - INFO - Order placed successfully: USD_JPY, 7212.7879631999995 units
2025-05-08 09:22:18,487 - ArbitrageTrader - INFO - Completed trade: USD -> JPY, Amount: 1042963.38
2025-05-08 09:22:18,828 - ArbitrageTrader - WARNING - Error fetching price for JPY_TRY: 400, {"errorMessage":"Invalid value specified for 'instrument'"}
2025-05-08 09:22:18,829 - ArbitrageTrader - ERROR - Failed to get price for JPY_TRY
2025-05-08 09:22:18,829 - ArbitrageTrader - WARNING - Trade failed: Price data unavailable for JPY_TRY
2025-05-08 09:22:24,835 - ArbitrageTrader - INFO - Strategy adjusted for london_ny_overlap session: profit threshold=0.080%, check interval=1s
2025-05-08 09:22:25,444 - ArbitrageTrader - INFO - Updated 136 exchange rates
2025-05-08 09:22:25,550 - ArbitrageTrader - INFO - Found arbitrage opportunity: 0.4612% profit
2025-05-08 09:22:25,615 - ArbitrageTrader - INFO - Executing arbitrage cycle with expected profit: 0.4612%
2025-05-08 09:22:25,615 - ArbitrageTrader - INFO - Cycle: USD -> JPY -> TRY -> USD
2025-05-08 09:22:25,865 - ArbitrageTrader - INFO - Order placed successfully: USD_JPY, 7212.7879631999995 units
2025-05-08 09:22:25,866 - ArbitrageTrader - INFO - Completed trade: USD -> JPY, Amount: 1042970.59
2025-05-08 09:22:25,949 - ArbitrageTrader - WARNING - Error fetching price for JPY_TRY: 400, {"errorMessage":"Invalid value specified for 'instrument'"}
2025-05-08 09:22:25,950 - ArbitrageTrader - ERROR - Failed to get price for JPY_TRY
2025-05-08 09:22:25,950 - ArbitrageTrader - WARNING - Trade failed: Price data unavailable for JPY_TRY
2025-05-08 09:22:31,955 - ArbitrageTrader - INFO - Strategy adjusted for london_ny_overlap session: profit threshold=0.080%, check interval=1s
2025-05-08 09:22:32,526 - ArbitrageTrader - WARNING - Exception fetching price for USD_SEK: HTTPSConnectionPool(host='api-fxpractice.oanda.com', port=443): Max retries exceeded with url: /v3/instruments/USD_SEK/candles?count=1&price=MBA&granularity=S5 (Caused by NewConnectionError('<urllib3.connection.HTTPSConnection object at 0x105f0d580>: Failed to establish a new connection: [Errno 8] nodename nor servname provided, or not known'))
2025-05-08 09:22:32,650 - ArbitrageTrader - INFO - Updated 134 exchange rates
2025-05-08 09:22:32,728 - ArbitrageTrader - INFO - Found arbitrage opportunity: 0.4633% profit
2025-05-08 09:22:32,803 - ArbitrageTrader - INFO - Executing arbitrage cycle with expected profit: 0.4633%
2025-05-08 09:22:32,803 - ArbitrageTrader - INFO - Cycle: JPY -> TRY -> USD -> JPY
2025-05-08 09:22:32,899 - ArbitrageTrader - WARNING - Error fetching price for JPY_TRY: 400, {"errorMessage":"Invalid value specified for 'instrument'"}
2025-05-08 09:22:32,900 - ArbitrageTrader - ERROR - Failed to get price for JPY_TRY
2025-05-08 09:22:32,900 - ArbitrageTrader - WARNING - Trade failed: Price data unavailable for JPY_TRY
2025-05-08 09:22:38,902 - ArbitrageTrader - INFO - Strategy adjusted for london_ny_overlap session: profit threshold=0.080%, check interval=1s
2025-05-08 09:22:39,486 - ArbitrageTrader - INFO - Updated 136 exchange rates
2025-05-08 09:22:39,599 - ArbitrageTrader - INFO - Found arbitrage opportunity: 0.4641% profit
2025-05-08 09:22:39,667 - ArbitrageTrader - INFO - Executing arbitrage cycle with expected profit: 0.4641%
2025-05-08 09:22:39,667 - ArbitrageTrader - INFO - Cycle: USD -> JPY -> TRY -> USD
2025-05-08 09:22:39,873 - ArbitrageTrader - INFO - Order placed successfully: USD_JPY, 7212.7879631999995 units
2025-05-08 09:22:39,874 - ArbitrageTrader - INFO - Completed trade: USD -> JPY, Amount: 1042999.44
2025-05-08 09:22:40,085 - ArbitrageTrader - WARNING - Error fetching price for JPY_TRY: 400, {"errorMessage":"Invalid value specified for 'instrument'"}
2025-05-08 09:22:40,085 - ArbitrageTrader - ERROR - Failed to get price for JPY_TRY
2025-05-08 09:22:40,086 - ArbitrageTrader - WARNING - Trade failed: Price data unavailable for JPY_TRY
2025-05-08 09:22:46,091 - ArbitrageTrader - INFO - Strategy adjusted for london_ny_overlap session: profit threshold=0.080%, check interval=1s
2025-05-08 09:22:46,889 - ArbitrageTrader - INFO - Updated 136 exchange rates
2025-05-08 09:22:46,983 - ArbitrageTrader - INFO - Found arbitrage opportunity: 0.4544% profit
2025-05-08 09:22:47,111 - ArbitrageTrader - INFO - Executing arbitrage cycle with expected profit: 0.4544%
2025-05-08 09:22:47,111 - ArbitrageTrader - INFO - Cycle: USD -> JPY -> TRY -> USD
2025-05-08 09:22:47,269 - ArbitrageTrader - INFO - Order placed successfully: USD_JPY, 7212.7879631999995 units
2025-05-08 09:22:47,270 - ArbitrageTrader - INFO - Completed trade: USD -> JPY, Amount: 1042898.47
2025-05-08 09:22:47,366 - ArbitrageTrader - WARNING - Error fetching price for JPY_TRY: 400, {"errorMessage":"Invalid value specified for 'instrument'"}
2025-05-08 09:22:47,366 - ArbitrageTrader - ERROR - Failed to get price for JPY_TRY
2025-05-08 09:22:47,367 - ArbitrageTrader - WARNING - Trade failed: Price data unavailable for JPY_TRY
2025-05-08 09:22:53,370 - ArbitrageTrader - INFO - Strategy adjusted for london_ny_overlap session: profit threshold=0.080%, check interval=1s
2025-05-08 09:22:54,159 - ArbitrageTrader - INFO - Updated 136 exchange rates
2025-05-08 09:22:54,261 - ArbitrageTrader - INFO - Found arbitrage opportunity: 0.4547% profit
2025-05-08 09:22:54,338 - ArbitrageTrader - INFO - Executing arbitrage cycle with expected profit: 0.4547%
2025-05-08 09:22:54,338 - ArbitrageTrader - INFO - Cycle: USD -> JPY -> TRY -> USD
2025-05-08 09:22:54,507 - ArbitrageTrader - INFO - Order placed successfully: USD_JPY, 7212.7879631999995 units
2025-05-08 09:22:54,507 - ArbitrageTrader - INFO - Completed trade: USD -> JPY, Amount: 1042898.47
2025-05-08 09:22:54,596 - ArbitrageTrader - WARNING - Error fetching price for JPY_TRY: 400, {"errorMessage":"Invalid value specified for 'instrument'"}
2025-05-08 09:22:54,596 - ArbitrageTrader - ERROR - Failed to get price for JPY_TRY
2025-05-08 09:22:54,596 - ArbitrageTrader - WARNING - Trade failed: Price data unavailable for JPY_TRY
2025-05-08 09:23:00,602 - ArbitrageTrader - INFO - Strategy adjusted for london_ny_overlap session: profit threshold=0.080%, check interval=1s
2025-05-08 09:23:01,393 - ArbitrageTrader - INFO - Updated 136 exchange rates
2025-05-08 09:23:01,487 - ArbitrageTrader - INFO - Found arbitrage opportunity: 0.4589% profit
2025-05-08 09:23:01,572 - ArbitrageTrader - INFO - Executing arbitrage cycle with expected profit: 0.4589%
2025-05-08 09:23:01,572 - ArbitrageTrader - INFO - Cycle: USD -> JPY -> TRY -> USD
2025-05-08 09:23:01,788 - ArbitrageTrader - INFO - Order placed successfully: USD_JPY, 7212.7879631999995 units
2025-05-08 09:23:01,789 - ArbitrageTrader - INFO - Completed trade: USD -> JPY, Amount: 1042956.17
2025-05-08 09:23:01,875 - ArbitrageTrader - WARNING - Error fetching price for JPY_TRY: 400, {"errorMessage":"Invalid value specified for 'instrument'"}
2025-05-08 09:23:01,876 - ArbitrageTrader - ERROR - Failed to get price for JPY_TRY
2025-05-08 09:23:01,876 - ArbitrageTrader - WARNING - Trade failed: Price data unavailable for JPY_TRY
2025-05-08 09:23:07,882 - ArbitrageTrader - INFO - Strategy adjusted for london_ny_overlap session: profit threshold=0.080%, check interval=1s
2025-05-08 09:23:08,633 - ArbitrageTrader - INFO - Updated 136 exchange rates
2025-05-08 09:23:08,704 - ArbitrageTrader - INFO - Found arbitrage opportunity: 0.4659% profit
2025-05-08 09:23:08,804 - ArbitrageTrader - INFO - Executing arbitrage cycle with expected profit: 0.4659%
2025-05-08 09:23:08,804 - ArbitrageTrader - INFO - Cycle: USD -> JPY -> TRY -> USD
2025-05-08 09:23:09,072 - ArbitrageTrader - INFO - Order placed successfully: USD_JPY, 7212.7879631999995 units
2025-05-08 09:23:09,072 - ArbitrageTrader - INFO - Completed trade: USD -> JPY, Amount: 1043021.08
2025-05-08 09:23:09,260 - ArbitrageTrader - WARNING - Error fetching price for JPY_TRY: 400, {"errorMessage":"Invalid value specified for 'instrument'"}
2025-05-08 09:23:09,260 - ArbitrageTrader - ERROR - Failed to get price for JPY_TRY
2025-05-08 09:23:09,260 - ArbitrageTrader - WARNING - Trade failed: Price data unavailable for JPY_TRY
2025-05-08 09:23:15,265 - ArbitrageTrader - INFO - Strategy adjusted for london_ny_overlap session: profit threshold=0.080%, check interval=1s
2025-05-08 09:23:15,829 - ArbitrageTrader - INFO - Updated 136 exchange rates
2025-05-08 09:23:15,901 - ArbitrageTrader - INFO - Found arbitrage opportunity: 0.4638% profit
2025-05-08 09:23:15,960 - ArbitrageTrader - INFO - Executing arbitrage cycle with expected profit: 0.4638%
2025-05-08 09:23:15,961 - ArbitrageTrader - INFO - Cycle: JPY -> TRY -> USD -> JPY
2025-05-08 09:23:16,063 - ArbitrageTrader - WARNING - Error fetching price for JPY_TRY: 400, {"errorMessage":"Invalid value specified for 'instrument'"}
2025-05-08 09:23:16,065 - ArbitrageTrader - ERROR - Failed to get price for JPY_TRY
2025-05-08 09:23:16,067 - ArbitrageTrader - WARNING - Trade failed: Price data unavailable for JPY_TRY
2025-05-08 09:23:22,071 - ArbitrageTrader - INFO - Strategy adjusted for london_ny_overlap session: profit threshold=0.080%, check interval=1s
2025-05-08 09:23:22,681 - ArbitrageTrader - INFO - Updated 136 exchange rates
2025-05-08 09:23:22,780 - ArbitrageTrader - INFO - Found arbitrage opportunity: 0.4576% profit
2025-05-08 09:23:22,841 - ArbitrageTrader - INFO - Executing arbitrage cycle with expected profit: 0.4576%
2025-05-08 09:23:22,841 - ArbitrageTrader - INFO - Cycle: USD -> JPY -> TRY -> USD
2025-05-08 09:23:22,977 - ArbitrageTrader - INFO - Order placed successfully: USD_JPY, 7212.7879631999995 units
2025-05-08 09:23:22,977 - ArbitrageTrader - INFO - Completed trade: USD -> JPY, Amount: 1042927.32
2025-05-08 09:23:23,076 - ArbitrageTrader - WARNING - Error fetching price for JPY_TRY: 400, {"errorMessage":"Invalid value specified for 'instrument'"}
2025-05-08 09:23:23,076 - ArbitrageTrader - ERROR - Failed to get price for JPY_TRY
2025-05-08 09:23:23,076 - ArbitrageTrader - WARNING - Trade failed: Price data unavailable for JPY_TRY
2025-05-08 09:23:29,082 - ArbitrageTrader - INFO - Strategy adjusted for london_ny_overlap session: profit threshold=0.080%, check interval=1s
2025-05-08 09:23:29,806 - ArbitrageTrader - INFO - Updated 136 exchange rates
2025-05-08 09:23:29,893 - ArbitrageTrader - INFO - Found arbitrage opportunity: 0.4550% profit
2025-05-08 09:23:29,969 - ArbitrageTrader - INFO - Executing arbitrage cycle with expected profit: 0.4550%
2025-05-08 09:23:29,969 - ArbitrageTrader - INFO - Cycle: USD -> JPY -> TRY -> USD
2025-05-08 09:23:30,138 - ArbitrageTrader - INFO - Order placed successfully: USD_JPY, 7212.7879631999995 units
2025-05-08 09:23:30,138 - ArbitrageTrader - INFO - Completed trade: USD -> JPY, Amount: 1042884.05
2025-05-08 09:23:30,243 - ArbitrageTrader - WARNING - Error fetching price for JPY_TRY: 400, {"errorMessage":"Invalid value specified for 'instrument'"}
2025-05-08 09:23:30,244 - ArbitrageTrader - ERROR - Failed to get price for JPY_TRY
2025-05-08 09:23:30,244 - ArbitrageTrader - WARNING - Trade failed: Price data unavailable for JPY_TRY
2025-05-08 09:23:36,249 - ArbitrageTrader - INFO - Strategy adjusted for london_ny_overlap session: profit threshold=0.080%, check interval=1s
2025-05-08 09:23:36,906 - ArbitrageTrader - INFO - Updated 136 exchange rates
2025-05-08 09:23:37,001 - ArbitrageTrader - INFO - Found arbitrage opportunity: 0.4432% profit
2025-05-08 09:23:37,103 - ArbitrageTrader - INFO - Executing arbitrage cycle with expected profit: 0.4432%
2025-05-08 09:23:37,104 - ArbitrageTrader - INFO - Cycle: USD -> JPY -> TRY -> USD
2025-05-08 09:23:37,271 - ArbitrageTrader - INFO - Order placed successfully: USD_JPY, 7212.7879631999995 units
2025-05-08 09:23:37,272 - ArbitrageTrader - INFO - Completed trade: USD -> JPY, Amount: 1042783.08
2025-05-08 09:23:37,575 - ArbitrageTrader - WARNING - Error fetching price for JPY_TRY: 400, {"errorMessage":"Invalid value specified for 'instrument'"}
2025-05-08 09:23:37,576 - ArbitrageTrader - ERROR - Failed to get price for JPY_TRY
2025-05-08 09:23:37,576 - ArbitrageTrader - WARNING - Trade failed: Price data unavailable for JPY_TRY
2025-05-08 09:23:43,578 - ArbitrageTrader - INFO - Strategy adjusted for london_ny_overlap session: profit threshold=0.080%, check interval=1s
2025-05-08 09:23:44,166 - ArbitrageTrader - INFO - Updated 136 exchange rates
2025-05-08 09:23:44,236 - ArbitrageTrader - INFO - Found arbitrage opportunity: 0.4474% profit
2025-05-08 09:23:44,329 - ArbitrageTrader - INFO - Executing arbitrage cycle with expected profit: 0.4474%
2025-05-08 09:23:44,329 - ArbitrageTrader - INFO - Cycle: USD -> JPY -> TRY -> USD
2025-05-08 09:23:44,515 - ArbitrageTrader - INFO - Order placed successfully: USD_JPY, 7212.7879631999995 units
2025-05-08 09:23:44,516 - ArbitrageTrader - INFO - Completed trade: USD -> JPY, Amount: 1042797.50
2025-05-08 09:23:44,595 - ArbitrageTrader - WARNING - Error fetching price for JPY_TRY: 400, {"errorMessage":"Invalid value specified for 'instrument'"}
2025-05-08 09:23:44,596 - ArbitrageTrader - ERROR - Failed to get price for JPY_TRY
2025-05-08 09:23:44,596 - ArbitrageTrader - WARNING - Trade failed: Price data unavailable for JPY_TRY
2025-05-08 09:23:50,601 - ArbitrageTrader - INFO - Strategy adjusted for london_ny_overlap session: profit threshold=0.080%, check interval=1s
2025-05-08 09:23:51,309 - ArbitrageTrader - INFO - Updated 136 exchange rates
2025-05-08 09:23:51,385 - ArbitrageTrader - INFO - Found arbitrage opportunity: 0.4633% profit
2025-05-08 09:23:51,463 - ArbitrageTrader - INFO - Executing arbitrage cycle with expected profit: 0.4633%
2025-05-08 09:23:51,463 - ArbitrageTrader - INFO - Cycle: USD -> JPY -> TRY -> USD
2025-05-08 09:23:51,632 - ArbitrageTrader - INFO - Order placed successfully: USD_JPY, 7212.7879631999995 units
2025-05-08 09:23:51,633 - ArbitrageTrader - INFO - Completed trade: USD -> JPY, Amount: 1042653.26
2025-05-08 09:23:51,734 - ArbitrageTrader - WARNING - Error fetching price for JPY_TRY: 400, {"errorMessage":"Invalid value specified for 'instrument'"}
2025-05-08 09:23:51,735 - ArbitrageTrader - ERROR - Failed to get price for JPY_TRY
2025-05-08 09:23:51,735 - ArbitrageTrader - WARNING - Trade failed: Price data unavailable for JPY_TRY
2025-05-08 09:23:57,738 - ArbitrageTrader - INFO - Strategy adjusted for london_ny_overlap session: profit threshold=0.080%, check interval=1s
2025-05-08 09:23:58,439 - ArbitrageTrader - INFO - Updated 136 exchange rates
2025-05-08 09:23:58,542 - ArbitrageTrader - INFO - Found arbitrage opportunity: 0.4584% profit
2025-05-08 09:23:58,614 - ArbitrageTrader - INFO - Executing arbitrage cycle with expected profit: 0.4584%
2025-05-08 09:23:58,614 - ArbitrageTrader - INFO - Cycle: USD -> JPY -> TRY -> USD
2025-05-08 09:23:58,772 - ArbitrageTrader - INFO - Order placed successfully: USD_JPY, 7212.7879631999995 units
2025-05-08 09:23:58,773 - ArbitrageTrader - INFO - Completed trade: USD -> JPY, Amount: 1042667.69
2025-05-08 09:23:58,876 - ArbitrageTrader - WARNING - Error fetching price for JPY_TRY: 400, {"errorMessage":"Invalid value specified for 'instrument'"}
2025-05-08 09:23:58,877 - ArbitrageTrader - ERROR - Failed to get price for JPY_TRY
2025-05-08 09:23:58,878 - ArbitrageTrader - WARNING - Trade failed: Price data unavailable for JPY_TRY
2025-05-08 09:24:04,883 - ArbitrageTrader - INFO - Strategy adjusted for london_ny_overlap session: profit threshold=0.080%, check interval=1s
2025-05-08 09:24:05,666 - ArbitrageTrader - INFO - Updated 136 exchange rates
2025-05-08 09:24:05,766 - ArbitrageTrader - INFO - Found arbitrage opportunity: 0.4584% profit
2025-05-08 09:24:05,842 - ArbitrageTrader - INFO - Executing arbitrage cycle with expected profit: 0.4584%
2025-05-08 09:24:05,842 - ArbitrageTrader - INFO - Cycle: USD -> JPY -> TRY -> USD
2025-05-08 09:24:06,019 - ArbitrageTrader - INFO - Order placed successfully: USD_JPY, 7212.7879631999995 units
2025-05-08 09:24:06,019 - ArbitrageTrader - INFO - Completed trade: USD -> JPY, Amount: 1042718.17
2025-05-08 09:24:06,114 - ArbitrageTrader - WARNING - Error fetching price for JPY_TRY: 400, {"errorMessage":"Invalid value specified for 'instrument'"}
2025-05-08 09:24:06,115 - ArbitrageTrader - ERROR - Failed to get price for JPY_TRY
2025-05-08 09:24:06,115 - ArbitrageTrader - WARNING - Trade failed: Price data unavailable for JPY_TRY
2025-05-08 09:24:12,121 - ArbitrageTrader - INFO - Strategy adjusted for london_ny_overlap session: profit threshold=0.080%, check interval=1s
2025-05-08 09:24:12,755 - ArbitrageTrader - INFO - Updated 136 exchange rates
2025-05-08 09:24:12,864 - ArbitrageTrader - INFO - Found arbitrage opportunity: 0.4612% profit
2025-05-08 09:24:12,944 - ArbitrageTrader - INFO - Executing arbitrage cycle with expected profit: 0.4612%
2025-05-08 09:24:12,945 - ArbitrageTrader - INFO - Cycle: USD -> JPY -> TRY -> USD
2025-05-08 09:24:13,104 - ArbitrageTrader - INFO - Order placed successfully: USD_JPY, 7212.7879631999995 units
2025-05-08 09:24:13,105 - ArbitrageTrader - INFO - Completed trade: USD -> JPY, Amount: 1042682.11
2025-05-08 09:24:13,185 - ArbitrageTrader - WARNING - Error fetching price for JPY_TRY: 400, {"errorMessage":"Invalid value specified for 'instrument'"}
2025-05-08 09:24:13,185 - ArbitrageTrader - ERROR - Failed to get price for JPY_TRY
2025-05-08 09:24:13,185 - ArbitrageTrader - WARNING - Trade failed: Price data unavailable for JPY_TRY
2025-05-08 09:24:19,191 - ArbitrageTrader - INFO - Strategy adjusted for london_ny_overlap session: profit threshold=0.080%, check interval=1s
2025-05-08 09:24:19,948 - ArbitrageTrader - INFO - Updated 136 exchange rates
2025-05-08 09:24:20,055 - ArbitrageTrader - INFO - Found arbitrage opportunity: 0.4598% profit
2025-05-08 09:24:20,156 - ArbitrageTrader - INFO - Executing arbitrage cycle with expected profit: 0.4598%
2025-05-08 09:24:20,157 - ArbitrageTrader - INFO - Cycle: USD -> JPY -> TRY -> USD
2025-05-08 09:24:20,348 - ArbitrageTrader - INFO - Order placed successfully: USD_JPY, 7212.7879631999995 units
2025-05-08 09:24:20,349 - ArbitrageTrader - INFO - Completed trade: USD -> JPY, Amount: 1042682.11
2025-05-08 09:24:20,411 - ArbitrageTrader - WARNING - Error fetching price for JPY_TRY: 400, {"errorMessage":"Invalid value specified for 'instrument'"}
2025-05-08 09:24:20,412 - ArbitrageTrader - ERROR - Failed to get price for JPY_TRY
2025-05-08 09:24:20,412 - ArbitrageTrader - WARNING - Trade failed: Price data unavailable for JPY_TRY
2025-05-08 09:24:26,418 - ArbitrageTrader - INFO - Strategy adjusted for london_ny_overlap session: profit threshold=0.080%, check interval=1s
2025-05-08 09:24:27,273 - ArbitrageTrader - INFO - Updated 136 exchange rates
2025-05-08 09:24:27,343 - ArbitrageTrader - INFO - Found arbitrage opportunity: 0.4688% profit
2025-05-08 09:24:27,410 - ArbitrageTrader - INFO - Executing arbitrage cycle with expected profit: 0.4688%
2025-05-08 09:24:27,410 - ArbitrageTrader - INFO - Cycle: JPY -> TRY -> USD -> JPY
2025-05-08 09:24:27,497 - ArbitrageTrader - WARNING - Error fetching price for JPY_TRY: 400, {"errorMessage":"Invalid value specified for 'instrument'"}
2025-05-08 09:24:27,498 - ArbitrageTrader - ERROR - Failed to get price for JPY_TRY
2025-05-08 09:24:27,498 - ArbitrageTrader - WARNING - Trade failed: Price data unavailable for JPY_TRY
2025-05-08 09:24:33,499 - ArbitrageTrader - INFO - Strategy adjusted for london_ny_overlap session: profit threshold=0.080%, check interval=1s
2025-05-08 09:24:34,159 - ArbitrageTrader - INFO - Updated 136 exchange rates
2025-05-08 09:24:34,254 - ArbitrageTrader - INFO - Found arbitrage opportunity: 0.4461% profit
2025-05-08 09:24:34,343 - ArbitrageTrader - INFO - Executing arbitrage cycle with expected profit: 0.4461%
2025-05-08 09:24:34,343 - ArbitrageTrader - INFO - Cycle: USD -> JPY -> TRY -> USD
2025-05-08 09:24:34,505 - ArbitrageTrader - INFO - Order placed successfully: USD_JPY, 7212.7879631999995 units
2025-05-08 09:24:34,506 - ArbitrageTrader - INFO - Completed trade: USD -> JPY, Amount: 1042804.72
2025-05-08 09:24:34,598 - ArbitrageTrader - WARNING - Error fetching price for JPY_TRY: 400, {"errorMessage":"Invalid value specified for 'instrument'"}
2025-05-08 09:24:34,599 - ArbitrageTrader - ERROR - Failed to get price for JPY_TRY
2025-05-08 09:24:34,599 - ArbitrageTrader - WARNING - Trade failed: Price data unavailable for JPY_TRY
2025-05-08 09:24:40,603 - ArbitrageTrader - INFO - Strategy adjusted for london_ny_overlap session: profit threshold=0.080%, check interval=1s
2025-05-08 09:24:41,315 - ArbitrageTrader - INFO - Updated 136 exchange rates
2025-05-08 09:24:41,393 - ArbitrageTrader - INFO - Found arbitrage opportunity: 0.4461% profit
2025-05-08 09:24:41,480 - ArbitrageTrader - INFO - Executing arbitrage cycle with expected profit: 0.4461%
2025-05-08 09:24:41,481 - ArbitrageTrader - INFO - Cycle: USD -> JPY -> TRY -> USD
2025-05-08 09:24:41,612 - ArbitrageTrader - INFO - Order placed successfully: USD_JPY, 7212.7879631999995 units
2025-05-08 09:24:41,613 - ArbitrageTrader - INFO - Completed trade: USD -> JPY, Amount: 1042811.93
2025-05-08 09:24:41,725 - ArbitrageTrader - WARNING - Error fetching price for JPY_TRY: 400, {"errorMessage":"Invalid value specified for 'instrument'"}
2025-05-08 09:24:41,725 - ArbitrageTrader - ERROR - Failed to get price for JPY_TRY
2025-05-08 09:24:41,725 - ArbitrageTrader - WARNING - Trade failed: Price data unavailable for JPY_TRY
2025-05-08 09:24:47,730 - ArbitrageTrader - INFO - Strategy adjusted for london_ny_overlap session: profit threshold=0.080%, check interval=1s
2025-05-08 09:24:48,488 - ArbitrageTrader - INFO - Updated 136 exchange rates
2025-05-08 09:24:48,589 - ArbitrageTrader - INFO - Found arbitrage opportunity: 0.4387% profit
2025-05-08 09:24:48,671 - ArbitrageTrader - INFO - Executing arbitrage cycle with expected profit: 0.4387%
2025-05-08 09:24:48,671 - ArbitrageTrader - INFO - Cycle: USD -> JPY -> TRY -> USD
2025-05-08 09:24:48,797 - ArbitrageTrader - INFO - Order placed successfully: USD_JPY, 7212.7879631999995 units
2025-05-08 09:24:48,798 - ArbitrageTrader - INFO - Completed trade: USD -> JPY, Amount: 1042739.81
2025-05-08 09:24:48,890 - ArbitrageTrader - WARNING - Error fetching price for JPY_TRY: 400, {"errorMessage":"Invalid value specified for 'instrument'"}
2025-05-08 09:24:48,890 - ArbitrageTrader - ERROR - Failed to get price for JPY_TRY
2025-05-08 09:24:48,890 - ArbitrageTrader - WARNING - Trade failed: Price data unavailable for JPY_TRY
2025-05-08 09:24:54,892 - ArbitrageTrader - INFO - Strategy adjusted for london_ny_overlap session: profit threshold=0.080%, check interval=1s
2025-05-08 09:24:55,556 - ArbitrageTrader - INFO - Updated 136 exchange rates
2025-05-08 09:24:55,655 - ArbitrageTrader - INFO - Found arbitrage opportunity: 0.4642% profit
2025-05-08 09:24:55,782 - ArbitrageTrader - INFO - Executing arbitrage cycle with expected profit: 0.4642%
2025-05-08 09:24:55,783 - ArbitrageTrader - INFO - Cycle: USD -> JPY -> TRY -> USD
2025-05-08 09:24:56,011 - ArbitrageTrader - INFO - Order placed successfully: USD_JPY, 7212.7879631999995 units
2025-05-08 09:24:56,011 - ArbitrageTrader - INFO - Completed trade: USD -> JPY, Amount: 1042696.54
2025-05-08 09:24:56,086 - ArbitrageTrader - WARNING - Error fetching price for JPY_TRY: 400, {"errorMessage":"Invalid value specified for 'instrument'"}
2025-05-08 09:24:56,086 - ArbitrageTrader - ERROR - Failed to get price for JPY_TRY
2025-05-08 09:24:56,086 - ArbitrageTrader - WARNING - Trade failed: Price data unavailable for JPY_TRY
2025-05-08 09:25:02,091 - ArbitrageTrader - INFO - Strategy adjusted for london_ny_overlap session: profit threshold=0.080%, check interval=1s
2025-05-08 09:25:02,810 - ArbitrageTrader - INFO - Updated 136 exchange rates
2025-05-08 09:25:02,888 - ArbitrageTrader - INFO - Found arbitrage opportunity: 0.4574% profit
2025-05-08 09:25:02,965 - ArbitrageTrader - INFO - Executing arbitrage cycle with expected profit: 0.4574%
2025-05-08 09:25:02,966 - ArbitrageTrader - INFO - Cycle: JPY -> TRY -> USD -> JPY
2025-05-08 09:25:03,046 - ArbitrageTrader - WARNING - Error fetching price for JPY_TRY: 400, {"errorMessage":"Invalid value specified for 'instrument'"}
2025-05-08 09:25:03,046 - ArbitrageTrader - ERROR - Failed to get price for JPY_TRY
2025-05-08 09:25:03,046 - ArbitrageTrader - WARNING - Trade failed: Price data unavailable for JPY_TRY
2025-05-08 09:25:09,052 - ArbitrageTrader - INFO - Strategy adjusted for london_ny_overlap session: profit threshold=0.080%, check interval=1s
2025-05-08 09:25:10,053 - ArbitrageTrader - INFO - Updated 136 exchange rates
2025-05-08 09:25:10,133 - ArbitrageTrader - INFO - Found arbitrage opportunity: 0.4637% profit
2025-05-08 09:25:10,249 - ArbitrageTrader - INFO - Executing arbitrage cycle with expected profit: 0.4637%
2025-05-08 09:25:10,249 - ArbitrageTrader - INFO - Cycle: USD -> JPY -> TRY -> USD
2025-05-08 09:25:10,392 - ArbitrageTrader - INFO - Order placed successfully: USD_JPY, 7212.7879631999995 units
2025-05-08 09:25:10,393 - ArbitrageTrader - INFO - Completed trade: USD -> JPY, Amount: 1042718.17
2025-05-08 09:25:10,485 - ArbitrageTrader - WARNING - Error fetching price for JPY_TRY: 400, {"errorMessage":"Invalid value specified for 'instrument'"}
2025-05-08 09:25:10,485 - ArbitrageTrader - ERROR - Failed to get price for JPY_TRY
2025-05-08 09:25:10,485 - ArbitrageTrader - WARNING - Trade failed: Price data unavailable for JPY_TRY
2025-05-08 09:25:16,490 - ArbitrageTrader - INFO - Strategy adjusted for london_ny_overlap session: profit threshold=0.080%, check interval=1s
2025-05-08 09:25:17,246 - ArbitrageTrader - INFO - Updated 136 exchange rates
2025-05-08 09:25:17,731 - ArbitrageTrader - INFO - Found arbitrage opportunity: 0.4706% profit
2025-05-08 09:25:17,903 - ArbitrageTrader - INFO - Executing arbitrage cycle with expected profit: 0.4706%
2025-05-08 09:25:17,903 - ArbitrageTrader - INFO - Cycle: USD -> JPY -> TRY -> USD
2025-05-08 09:25:18,078 - ArbitrageTrader - INFO - Order placed successfully: USD_JPY, 7212.7879631999995 units
2025-05-08 09:25:18,079 - ArbitrageTrader - INFO - Completed trade: USD -> JPY, Amount: 1042790.29
2025-05-08 09:25:18,164 - ArbitrageTrader - WARNING - Error fetching price for JPY_TRY: 400, {"errorMessage":"Invalid value specified for 'instrument'"}
2025-05-08 09:25:18,165 - ArbitrageTrader - ERROR - Failed to get price for JPY_TRY
2025-05-08 09:25:18,165 - ArbitrageTrader - WARNING - Trade failed: Price data unavailable for JPY_TRY
2025-05-08 09:25:24,170 - ArbitrageTrader - INFO - Strategy adjusted for london_ny_overlap session: profit threshold=0.080%, check interval=1s
2025-05-08 09:25:24,948 - ArbitrageTrader - INFO - Updated 136 exchange rates
2025-05-08 09:25:25,034 - ArbitrageTrader - INFO - Found arbitrage opportunity: 0.4671% profit
2025-05-08 09:25:25,142 - ArbitrageTrader - INFO - Executing arbitrage cycle with expected profit: 0.4671%
2025-05-08 09:25:25,142 - ArbitrageTrader - INFO - Cycle: USD -> JPY -> TRY -> USD
2025-05-08 09:25:25,303 - ArbitrageTrader - INFO - Order placed successfully: USD_JPY, 7212.7879631999995 units
2025-05-08 09:25:25,303 - ArbitrageTrader - INFO - Completed trade: USD -> JPY, Amount: 1042754.23
2025-05-08 09:25:25,369 - ArbitrageTrader - WARNING - Error fetching price for JPY_TRY: 400, {"errorMessage":"Invalid value specified for 'instrument'"}
2025-05-08 09:25:25,370 - ArbitrageTrader - ERROR - Failed to get price for JPY_TRY
2025-05-08 09:25:25,370 - ArbitrageTrader - WARNING - Trade failed: Price data unavailable for JPY_TRY
2025-05-08 09:25:31,371 - ArbitrageTrader - INFO - Strategy adjusted for london_ny_overlap session: profit threshold=0.080%, check interval=1s
2025-05-08 09:25:32,182 - ArbitrageTrader - INFO - Updated 136 exchange rates
2025-05-08 09:25:32,275 - ArbitrageTrader - INFO - Found arbitrage opportunity: 0.4671% profit
2025-05-08 09:25:32,340 - ArbitrageTrader - INFO - Executing arbitrage cycle with expected profit: 0.4671%
2025-05-08 09:25:32,340 - ArbitrageTrader - INFO - Cycle: USD -> JPY -> TRY -> USD
2025-05-08 09:25:32,487 - ArbitrageTrader - INFO - Order placed successfully: USD_JPY, 7212.7879631999995 units
2025-05-08 09:25:32,487 - ArbitrageTrader - INFO - Completed trade: USD -> JPY, Amount: 1042732.60
2025-05-08 09:25:32,607 - ArbitrageTrader - WARNING - Error fetching price for JPY_TRY: 400, {"errorMessage":"Invalid value specified for 'instrument'"}
2025-05-08 09:25:32,607 - ArbitrageTrader - ERROR - Failed to get price for JPY_TRY
2025-05-08 09:25:32,607 - ArbitrageTrader - WARNING - Trade failed: Price data unavailable for JPY_TRY
2025-05-08 09:25:38,612 - ArbitrageTrader - INFO - Strategy adjusted for london_ny_overlap session: profit threshold=0.080%, check interval=1s
2025-05-08 09:25:39,217 - ArbitrageTrader - INFO - Updated 136 exchange rates
2025-05-08 09:25:39,292 - ArbitrageTrader - INFO - Found arbitrage opportunity: 0.4566% profit
2025-05-08 09:25:39,370 - ArbitrageTrader - INFO - Executing arbitrage cycle with expected profit: 0.4566%
2025-05-08 09:25:39,370 - ArbitrageTrader - INFO - Cycle: USD -> JPY -> TRY -> USD
2025-05-08 09:25:39,525 - ArbitrageTrader - INFO - Order placed successfully: USD_JPY, 7212.7879631999995 units
2025-05-08 09:25:39,525 - ArbitrageTrader - INFO - Completed trade: USD -> JPY, Amount: 1042646.05
2025-05-08 09:25:39,639 - ArbitrageTrader - WARNING - Error fetching price for JPY_TRY: 400, {"errorMessage":"Invalid value specified for 'instrument'"}
2025-05-08 09:25:39,639 - ArbitrageTrader - ERROR - Failed to get price for JPY_TRY
2025-05-08 09:25:39,639 - ArbitrageTrader - WARNING - Trade failed: Price data unavailable for JPY_TRY
2025-05-08 09:25:45,642 - ArbitrageTrader - INFO - Strategy adjusted for london_ny_overlap session: profit threshold=0.080%, check interval=1s
2025-05-08 09:25:46,550 - ArbitrageTrader - INFO - Updated 136 exchange rates
2025-05-08 09:25:46,644 - ArbitrageTrader - INFO - Found arbitrage opportunity: 0.4504% profit
2025-05-08 09:25:46,709 - ArbitrageTrader - INFO - Executing arbitrage cycle with expected profit: 0.4504%
2025-05-08 09:25:46,709 - ArbitrageTrader - INFO - Cycle: JPY -> TRY -> USD -> JPY
2025-05-08 09:25:46,781 - ArbitrageTrader - WARNING - Error fetching price for JPY_TRY: 400, {"errorMessage":"Invalid value specified for 'instrument'"}
2025-05-08 09:25:46,782 - ArbitrageTrader - ERROR - Failed to get price for JPY_TRY
2025-05-08 09:25:46,782 - ArbitrageTrader - WARNING - Trade failed: Price data unavailable for JPY_TRY
2025-05-08 09:25:52,787 - ArbitrageTrader - INFO - Strategy adjusted for london_ny_overlap session: profit threshold=0.080%, check interval=1s
2025-05-08 09:25:53,514 - ArbitrageTrader - INFO - Updated 136 exchange rates
2025-05-08 09:25:53,588 - ArbitrageTrader - INFO - Found arbitrage opportunity: 0.4559% profit
2025-05-08 09:25:53,679 - ArbitrageTrader - INFO - Executing arbitrage cycle with expected profit: 0.4559%
2025-05-08 09:25:53,679 - ArbitrageTrader - INFO - Cycle: USD -> JPY -> TRY -> USD
2025-05-08 09:25:53,841 - ArbitrageTrader - INFO - Order placed successfully: USD_JPY, 7212.7879631999995 units
2025-05-08 09:25:53,842 - ArbitrageTrader - INFO - Completed trade: USD -> JPY, Amount: 1042588.36
2025-05-08 09:25:53,938 - ArbitrageTrader - WARNING - Error fetching price for JPY_TRY: 400, {"errorMessage":"Invalid value specified for 'instrument'"}
2025-05-08 09:25:53,939 - ArbitrageTrader - ERROR - Failed to get price for JPY_TRY
2025-05-08 09:25:53,939 - ArbitrageTrader - WARNING - Trade failed: Price data unavailable for JPY_TRY
2025-05-08 09:25:59,940 - ArbitrageTrader - INFO - Strategy adjusted for london_ny_overlap session: profit threshold=0.080%, check interval=1s
2025-05-08 09:26:00,609 - ArbitrageTrader - INFO - Updated 136 exchange rates
2025-05-08 09:26:00,689 - ArbitrageTrader - INFO - Found arbitrage opportunity: 0.4483% profit
2025-05-08 09:26:00,762 - ArbitrageTrader - INFO - Executing arbitrage cycle with expected profit: 0.4483%
2025-05-08 09:26:00,762 - ArbitrageTrader - INFO - Cycle: USD -> JPY -> TRY -> USD
2025-05-08 09:26:00,904 - ArbitrageTrader - INFO - Order placed successfully: USD_JPY, 7212.7879631999995 units
2025-05-08 09:26:00,904 - ArbitrageTrader - INFO - Completed trade: USD -> JPY, Amount: 1042559.51
2025-05-08 09:26:00,996 - ArbitrageTrader - WARNING - Error fetching price for JPY_TRY: 400, {"errorMessage":"Invalid value specified for 'instrument'"}
2025-05-08 09:26:00,996 - ArbitrageTrader - ERROR - Failed to get price for JPY_TRY
2025-05-08 09:26:00,996 - ArbitrageTrader - WARNING - Trade failed: Price data unavailable for JPY_TRY
2025-05-08 09:26:07,002 - ArbitrageTrader - INFO - Strategy adjusted for london_ny_overlap session: profit threshold=0.080%, check interval=1s
2025-05-08 09:26:07,854 - ArbitrageTrader - INFO - Updated 136 exchange rates
2025-05-08 09:26:07,963 - ArbitrageTrader - INFO - Found arbitrage opportunity: 0.4352% profit
2025-05-08 09:26:08,047 - ArbitrageTrader - INFO - Executing arbitrage cycle with expected profit: 0.4352%
2025-05-08 09:26:08,047 - ArbitrageTrader - INFO - Cycle: USD -> JPY -> TRY -> USD
2025-05-08 09:26:08,207 - ArbitrageTrader - INFO - Order placed successfully: USD_JPY, 7212.7879631999995 units
2025-05-08 09:26:08,207 - ArbitrageTrader - INFO - Completed trade: USD -> JPY, Amount: 1042436.90
2025-05-08 09:26:08,326 - ArbitrageTrader - WARNING - Error fetching price for JPY_TRY: 400, {"errorMessage":"Invalid value specified for 'instrument'"}
2025-05-08 09:26:08,326 - ArbitrageTrader - ERROR - Failed to get price for JPY_TRY
2025-05-08 09:26:08,326 - ArbitrageTrader - WARNING - Trade failed: Price data unavailable for JPY_TRY
2025-05-08 09:26:14,331 - ArbitrageTrader - INFO - Strategy adjusted for london_ny_overlap session: profit threshold=0.080%, check interval=1s
2025-05-08 09:26:15,055 - ArbitrageTrader - INFO - Updated 136 exchange rates
2025-05-08 09:26:15,139 - ArbitrageTrader - INFO - Found arbitrage opportunity: 0.4241% profit
2025-05-08 09:26:15,227 - ArbitrageTrader - INFO - Executing arbitrage cycle with expected profit: 0.4241%
2025-05-08 09:26:15,228 - ArbitrageTrader - INFO - Cycle: USD -> JPY -> TRY -> USD
2025-05-08 09:26:15,427 - ArbitrageTrader - INFO - Order placed successfully: USD_JPY, 7212.7879631999995 units
2025-05-08 09:26:15,428 - ArbitrageTrader - INFO - Completed trade: USD -> JPY, Amount: 1042271.03
2025-05-08 09:26:15,499 - ArbitrageTrader - WARNING - Error fetching price for JPY_TRY: 400, {"errorMessage":"Invalid value specified for 'instrument'"}
2025-05-08 09:26:15,500 - ArbitrageTrader - ERROR - Failed to get price for JPY_TRY
2025-05-08 09:26:15,501 - ArbitrageTrader - WARNING - Trade failed: Price data unavailable for JPY_TRY
2025-05-08 09:26:21,506 - ArbitrageTrader - INFO - Strategy adjusted for london_ny_overlap session: profit threshold=0.080%, check interval=1s
2025-05-08 09:26:22,266 - ArbitrageTrader - INFO - Updated 136 exchange rates
2025-05-08 09:26:22,411 - ArbitrageTrader - INFO - Found arbitrage opportunity: 0.4662% profit
2025-05-08 09:26:22,487 - ArbitrageTrader - INFO - Executing arbitrage cycle with expected profit: 0.4662%
2025-05-08 09:26:22,487 - ArbitrageTrader - INFO - Cycle: USD -> JPY -> TRY -> USD
2025-05-08 09:26:22,671 - ArbitrageTrader - INFO - Order placed successfully: USD_JPY, 7212.7879631999995 units
2025-05-08 09:26:22,671 - ArbitrageTrader - INFO - Completed trade: USD -> JPY, Amount: 1042184.48
2025-05-08 09:26:22,737 - ArbitrageTrader - WARNING - Error fetching price for JPY_TRY: 400, {"errorMessage":"Invalid value specified for 'instrument'"}
2025-05-08 09:26:22,738 - ArbitrageTrader - ERROR - Failed to get price for JPY_TRY
2025-05-08 09:26:22,738 - ArbitrageTrader - WARNING - Trade failed: Price data unavailable for JPY_TRY
2025-05-08 09:26:27,169 - ArbitrageTrader - INFO - Arbitrage trading stopped by user
2025-05-08 09:26:27,270 - ArbitrageTrader - INFO - Trading session complete. Final balance: 100177.6106
2025-05-08 09:26:27,270 - ArbitrageTrader - INFO - Total profit/loss: 0.0 (0.00%)
2025-05-08 09:26:27,271 - ArbitrageTrader - INFO - Performance data saved to ./data/performance_20250508_092627.json
2025-05-08 09:26:27,271 - ArbitrageTrader - INFO - Performance report saved to ./data/summary_20250508_092627.txt
