2025-05-01 17:49:50,955 - ArbitrageTrader - INFO - Logging initialized at 20250501_174950
2025-05-01 17:49:50,955 - ArbitrageTrader - INFO - Log file: ./logs/arbitrage_20250501_174950.log
2025-05-01 17:49:50,955 - ArbitrageTrader - INFO - Loaded configuration from config.json
2025-05-01 17:49:50,955 - ArbitrageTrader - INFO - OANDA Arbitrage Trading System
2025-05-01 17:49:50,955 - ArbitrageTrader - INFO - ----------------------------------------
2025-05-01 17:49:50,955 - ArbitrageTrader - INFO - Starting time: 2025-05-01 17:49:50.955776
2025-05-01 17:49:50,955 - ArbitrageTrader - INFO - Mode: Live trading
2025-05-01 17:49:50,955 - ArbitrageTrader - INFO - Environment: Practice
2025-05-01 17:49:50,955 - ArbitrageTrader - INFO - Check interval: 3 seconds
2025-05-01 17:49:50,955 - ArbitrageTrader - INFO - ----------------------------------------
2025-05-01 17:49:51,048 - ArbitrageTrader - ERROR - Failed to get account balance: 401, {"errorMessage":"Insufficient authorization to perform request."}
2025-05-01 17:49:51,137 - ArbitrageTrader - ERROR - Failed to get instruments: 401, {"errorMessage":"Insufficient authorization to perform request."}
2025-05-01 17:49:51,138 - ArbitrageTrader - INFO - Found 0 unique currencies
2025-05-01 17:49:51,138 - ArbitrageTrader - INFO - OANDA Arbitrage Trader initialized in practice mode
2025-05-01 17:49:51,138 - ArbitrageTrader - INFO - Account ID: 001-001-13604949-002
2025-05-01 17:49:51,138 - ArbitrageTrader - INFO - Starting balance: 10000.0
2025-05-01 17:49:51,138 - ArbitrageTrader - INFO - Monitoring 0 valid currency pairs
2025-05-01 17:49:51,138 - ArbitrageTrader - INFO - Starting arbitrage trading system with check interval 3s
2025-05-01 17:49:51,220 - ArbitrageTrader - ERROR - Failed to get account balance: 401, {"errorMessage":"Insufficient authorization to perform request."}
2025-05-01 17:49:51,220 - ArbitrageTrader - INFO - Initial account balance: 10000.0
2025-05-01 17:49:51,220 - ArbitrageTrader - INFO - LIVE MODE: Executing real trades
2025-05-01 17:49:51,220 - ArbitrageTrader - INFO - Strategy adjusted for new_york session: profit threshold=0.100%, check interval=3s
2025-05-01 17:49:51,221 - ArbitrageTrader - INFO - Updated 0 exchange rates
2025-05-01 17:49:51,301 - ArbitrageTrader - ERROR - Failed to get account balance: 401, {"errorMessage":"Insufficient authorization to perform request."}
2025-05-01 17:49:51,302 - ArbitrageTrader - INFO - No profitable arbitrage opportunities found
