2025-05-07 22:46:47,089 - ArbitrageTrader - INFO - Logging initialized at 20250507_224647
2025-05-07 22:46:47,089 - ArbitrageTrader - INFO - Log file: ./logs/arbitrage_20250507_224647.log
2025-05-07 22:46:47,089 - ArbitrageTrader - INFO - Loaded configuration from config.json
2025-05-07 22:46:47,089 - ArbitrageTrader - INFO - OANDA Arbitrage Trading System
2025-05-07 22:46:47,089 - ArbitrageTrader - INFO - ----------------------------------------
2025-05-07 22:46:47,089 - ArbitrageTrader - INFO - Starting time: 2025-05-07 22:46:47.089922
2025-05-07 22:46:47,089 - ArbitrageTrader - INFO - Mode: Live trading
2025-05-07 22:46:47,089 - ArbitrageTrader - INFO - Environment: Practice
2025-05-07 22:46:47,089 - ArbitrageTrader - INFO - Check interval: 3 seconds
2025-05-07 22:46:47,089 - ArbitrageTrader - INFO - ----------------------------------------
2025-05-07 22:46:47,505 - ArbitrageTrader - INFO - Found 21 unique currencies
2025-05-07 22:46:47,505 - ArbitrageTrader - WARNING - Currency pair USD_EUR not supported by OANDA - excluding from monitoring
2025-05-07 22:46:47,505 - ArbitrageTrader - WARNING - Currency pair USD_GBP not supported by OANDA - excluding from monitoring
2025-05-07 22:46:47,506 - ArbitrageTrader - WARNING - Currency pair JPY_USD not supported by OANDA - excluding from monitoring
2025-05-07 22:46:47,506 - ArbitrageTrader - WARNING - Currency pair GBP_EUR not supported by OANDA - excluding from monitoring
2025-05-07 22:46:47,507 - ArbitrageTrader - WARNING - Currency pair JPY_EUR not supported by OANDA - excluding from monitoring
2025-05-07 22:46:47,507 - ArbitrageTrader - WARNING - Currency pair JPY_GBP not supported by OANDA - excluding from monitoring
2025-05-07 22:46:47,507 - ArbitrageTrader - INFO - OANDA Arbitrage Trader initialized in practice mode
2025-05-07 22:46:47,507 - ArbitrageTrader - INFO - Account ID: 101-001-31395009-001
2025-05-07 22:46:47,507 - ArbitrageTrader - INFO - Starting balance: 100177.6106
2025-05-07 22:46:47,507 - ArbitrageTrader - INFO - Monitoring 68 valid currency pairs
2025-05-07 22:46:47,507 - ArbitrageTrader - INFO - Starting arbitrage trading system with check interval 3s
2025-05-07 22:46:47,781 - ArbitrageTrader - INFO - Initial account balance: 100177.6106
2025-05-07 22:46:47,781 - ArbitrageTrader - INFO - LIVE MODE: Executing real trades
2025-05-07 22:46:47,781 - ArbitrageTrader - INFO - Strategy adjusted for tokyo session: profit threshold=0.150%, check interval=5s
2025-05-07 22:46:49,840 - ArbitrageTrader - INFO - Updated 136 exchange rates
2025-05-07 22:46:50,088 - ArbitrageTrader - INFO - Trading conditions not optimal. Waiting...
2025-05-07 22:46:56,089 - ArbitrageTrader - INFO - Strategy adjusted for tokyo session: profit threshold=0.150%, check interval=5s
2025-05-07 22:46:57,372 - ArbitrageTrader - INFO - Updated 136 exchange rates
2025-05-07 22:46:57,529 - ArbitrageTrader - INFO - Trading conditions not optimal. Waiting...
2025-05-07 22:47:03,531 - ArbitrageTrader - INFO - Strategy adjusted for tokyo session: profit threshold=0.150%, check interval=5s
2025-05-07 22:47:04,732 - ArbitrageTrader - INFO - Updated 136 exchange rates
2025-05-07 22:47:04,838 - ArbitrageTrader - INFO - Trading conditions not optimal. Waiting...
2025-05-07 22:47:10,840 - ArbitrageTrader - INFO - Strategy adjusted for tokyo session: profit threshold=0.150%, check interval=5s
2025-05-07 22:47:12,495 - ArbitrageTrader - INFO - Updated 136 exchange rates
2025-05-07 22:47:12,627 - ArbitrageTrader - INFO - Trading conditions not optimal. Waiting...
2025-05-07 22:47:18,631 - ArbitrageTrader - INFO - Strategy adjusted for tokyo session: profit threshold=0.150%, check interval=5s
2025-05-07 22:47:20,240 - ArbitrageTrader - INFO - Updated 136 exchange rates
2025-05-07 22:47:20,476 - ArbitrageTrader - INFO - Trading conditions not optimal. Waiting...
2025-05-07 22:47:26,481 - ArbitrageTrader - INFO - Strategy adjusted for tokyo session: profit threshold=0.150%, check interval=5s
2025-05-07 22:47:28,346 - ArbitrageTrader - INFO - Updated 136 exchange rates
2025-05-07 22:47:28,708 - ArbitrageTrader - INFO - Trading conditions not optimal. Waiting...
2025-05-07 22:47:34,713 - ArbitrageTrader - INFO - Strategy adjusted for tokyo session: profit threshold=0.150%, check interval=5s
2025-05-07 22:47:35,975 - ArbitrageTrader - INFO - Updated 136 exchange rates
2025-05-07 22:47:36,152 - ArbitrageTrader - INFO - Trading conditions not optimal. Waiting...
2025-05-07 22:47:42,158 - ArbitrageTrader - INFO - Strategy adjusted for tokyo session: profit threshold=0.150%, check interval=5s
2025-05-07 22:47:44,032 - ArbitrageTrader - INFO - Updated 136 exchange rates
2025-05-07 22:47:44,151 - ArbitrageTrader - INFO - Trading conditions not optimal. Waiting...
2025-05-07 22:47:50,156 - ArbitrageTrader - INFO - Strategy adjusted for tokyo session: profit threshold=0.150%, check interval=5s
2025-05-07 22:47:51,684 - ArbitrageTrader - INFO - Updated 136 exchange rates
2025-05-07 22:47:51,867 - ArbitrageTrader - INFO - Trading conditions not optimal. Waiting...
2025-05-07 22:47:57,873 - ArbitrageTrader - INFO - Strategy adjusted for tokyo session: profit threshold=0.150%, check interval=5s
2025-05-07 22:47:59,304 - ArbitrageTrader - INFO - Updated 136 exchange rates
2025-05-07 22:47:59,582 - ArbitrageTrader - INFO - Trading conditions not optimal. Waiting...
2025-05-07 22:48:05,585 - ArbitrageTrader - INFO - Strategy adjusted for tokyo session: profit threshold=0.150%, check interval=5s
2025-05-07 22:48:06,897 - ArbitrageTrader - INFO - Updated 136 exchange rates
2025-05-07 22:48:07,031 - ArbitrageTrader - INFO - Trading conditions not optimal. Waiting...
2025-05-07 22:48:13,039 - ArbitrageTrader - INFO - Strategy adjusted for tokyo session: profit threshold=0.150%, check interval=5s
2025-05-07 22:48:14,559 - ArbitrageTrader - INFO - Updated 136 exchange rates
2025-05-07 22:48:14,798 - ArbitrageTrader - INFO - Trading conditions not optimal. Waiting...
2025-05-07 22:48:20,803 - ArbitrageTrader - INFO - Strategy adjusted for tokyo session: profit threshold=0.150%, check interval=5s
2025-05-07 22:48:22,475 - ArbitrageTrader - INFO - Updated 136 exchange rates
2025-05-07 22:48:22,775 - ArbitrageTrader - INFO - Trading conditions not optimal. Waiting...
2025-05-07 22:48:28,777 - ArbitrageTrader - INFO - Strategy adjusted for tokyo session: profit threshold=0.150%, check interval=5s
2025-05-07 22:48:30,509 - ArbitrageTrader - INFO - Updated 136 exchange rates
2025-05-07 22:48:30,729 - ArbitrageTrader - INFO - Trading conditions not optimal. Waiting...
2025-05-07 22:48:36,733 - ArbitrageTrader - INFO - Strategy adjusted for tokyo session: profit threshold=0.150%, check interval=5s
2025-05-07 22:48:37,977 - ArbitrageTrader - INFO - Updated 136 exchange rates
2025-05-07 22:48:38,183 - ArbitrageTrader - INFO - Trading conditions not optimal. Waiting...
2025-05-07 22:48:44,185 - ArbitrageTrader - INFO - Strategy adjusted for tokyo session: profit threshold=0.150%, check interval=5s
2025-05-07 22:48:45,852 - ArbitrageTrader - INFO - Updated 136 exchange rates
2025-05-07 22:48:45,939 - ArbitrageTrader - INFO - Trading conditions not optimal. Waiting...
2025-05-07 22:48:51,945 - ArbitrageTrader - INFO - Strategy adjusted for tokyo session: profit threshold=0.150%, check interval=5s
2025-05-07 22:48:53,578 - ArbitrageTrader - INFO - Updated 136 exchange rates
2025-05-07 22:48:53,871 - ArbitrageTrader - INFO - Trading conditions not optimal. Waiting...
2025-05-07 22:48:59,877 - ArbitrageTrader - INFO - Strategy adjusted for tokyo session: profit threshold=0.150%, check interval=5s
2025-05-07 22:49:01,738 - ArbitrageTrader - INFO - Updated 136 exchange rates
2025-05-07 22:49:02,014 - ArbitrageTrader - INFO - Trading conditions not optimal. Waiting...
2025-05-07 22:49:08,026 - ArbitrageTrader - INFO - Strategy adjusted for tokyo session: profit threshold=0.150%, check interval=5s
2025-05-07 22:49:09,824 - ArbitrageTrader - INFO - Updated 136 exchange rates
2025-05-07 22:49:10,014 - ArbitrageTrader - INFO - Trading conditions not optimal. Waiting...
2025-05-07 22:49:16,020 - ArbitrageTrader - INFO - Strategy adjusted for tokyo session: profit threshold=0.150%, check interval=5s
2025-05-07 22:49:17,632 - ArbitrageTrader - INFO - Updated 136 exchange rates
2025-05-07 22:49:17,794 - ArbitrageTrader - INFO - Trading conditions not optimal. Waiting...
2025-05-07 22:49:23,796 - ArbitrageTrader - INFO - Strategy adjusted for tokyo session: profit threshold=0.150%, check interval=5s
2025-05-07 22:49:25,520 - ArbitrageTrader - INFO - Updated 136 exchange rates
2025-05-07 22:49:25,698 - ArbitrageTrader - INFO - Trading conditions not optimal. Waiting...
2025-05-07 22:49:31,704 - ArbitrageTrader - INFO - Strategy adjusted for tokyo session: profit threshold=0.150%, check interval=5s
2025-05-07 22:49:33,421 - ArbitrageTrader - INFO - Updated 136 exchange rates
2025-05-07 22:49:33,610 - ArbitrageTrader - INFO - Trading conditions not optimal. Waiting...
2025-05-07 22:49:39,611 - ArbitrageTrader - INFO - Strategy adjusted for tokyo session: profit threshold=0.150%, check interval=5s
2025-05-07 22:49:41,828 - ArbitrageTrader - INFO - Updated 136 exchange rates
2025-05-07 22:49:42,091 - ArbitrageTrader - INFO - Trading conditions not optimal. Waiting...
2025-05-07 22:49:48,091 - ArbitrageTrader - INFO - Strategy adjusted for tokyo session: profit threshold=0.150%, check interval=5s
2025-05-07 22:49:49,850 - ArbitrageTrader - INFO - Updated 136 exchange rates
2025-05-07 22:49:49,990 - ArbitrageTrader - INFO - Trading conditions not optimal. Waiting...
2025-05-07 22:49:55,992 - ArbitrageTrader - INFO - Strategy adjusted for tokyo session: profit threshold=0.150%, check interval=5s
2025-05-07 22:49:57,690 - ArbitrageTrader - INFO - Updated 136 exchange rates
2025-05-07 22:49:57,866 - ArbitrageTrader - INFO - Trading conditions not optimal. Waiting...
2025-05-07 22:50:03,871 - ArbitrageTrader - INFO - Strategy adjusted for tokyo session: profit threshold=0.150%, check interval=5s
2025-05-07 22:50:07,165 - ArbitrageTrader - INFO - Updated 136 exchange rates
2025-05-07 22:50:07,316 - ArbitrageTrader - INFO - Trading conditions not optimal. Waiting...
2025-05-07 22:50:13,318 - ArbitrageTrader - INFO - Strategy adjusted for tokyo session: profit threshold=0.150%, check interval=5s
2025-05-07 22:50:15,057 - ArbitrageTrader - INFO - Updated 136 exchange rates
2025-05-07 22:50:15,173 - ArbitrageTrader - INFO - Trading conditions not optimal. Waiting...
2025-05-07 22:50:21,178 - ArbitrageTrader - INFO - Strategy adjusted for tokyo session: profit threshold=0.150%, check interval=5s
2025-05-07 22:50:23,044 - ArbitrageTrader - INFO - Updated 136 exchange rates
2025-05-07 22:50:23,253 - ArbitrageTrader - INFO - Trading conditions not optimal. Waiting...
2025-05-07 22:50:29,258 - ArbitrageTrader - INFO - Strategy adjusted for tokyo session: profit threshold=0.150%, check interval=5s
2025-05-07 22:50:30,034 - ArbitrageTrader - WARNING - Exception fetching price for USD_MXN: HTTPSConnectionPool(host='api-fxpractice.oanda.com', port=443): Max retries exceeded with url: /v3/instruments/USD_MXN/candles?count=1&price=MBA&granularity=S5 (Caused by NewConnectionError('<urllib3.connection.HTTPSConnection object at 0x10426d1f0>: Failed to establish a new connection: [Errno 8] nodename nor servname provided, or not known'))
2025-05-07 22:50:30,541 - ArbitrageTrader - INFO - Updated 134 exchange rates
2025-05-07 22:50:30,864 - ArbitrageTrader - INFO - Trading conditions not optimal. Waiting...
2025-05-07 22:50:36,866 - ArbitrageTrader - INFO - Strategy adjusted for tokyo session: profit threshold=0.150%, check interval=5s
2025-05-07 22:50:39,147 - ArbitrageTrader - INFO - Updated 136 exchange rates
2025-05-07 22:50:39,319 - ArbitrageTrader - INFO - Trading conditions not optimal. Waiting...
2025-05-07 22:50:45,321 - ArbitrageTrader - INFO - Strategy adjusted for tokyo session: profit threshold=0.150%, check interval=5s
2025-05-07 22:50:46,733 - ArbitrageTrader - INFO - Updated 136 exchange rates
2025-05-07 22:50:46,965 - ArbitrageTrader - INFO - Trading conditions not optimal. Waiting...
2025-05-07 22:50:52,968 - ArbitrageTrader - INFO - Strategy adjusted for tokyo session: profit threshold=0.150%, check interval=5s
2025-05-07 22:50:54,916 - ArbitrageTrader - INFO - Updated 136 exchange rates
2025-05-07 22:50:55,175 - ArbitrageTrader - INFO - Trading conditions not optimal. Waiting...
2025-05-07 22:51:01,177 - ArbitrageTrader - INFO - Strategy adjusted for tokyo session: profit threshold=0.150%, check interval=5s
2025-05-07 22:51:02,822 - ArbitrageTrader - INFO - Updated 136 exchange rates
2025-05-07 22:51:03,061 - ArbitrageTrader - INFO - Trading conditions not optimal. Waiting...
2025-05-07 22:51:09,066 - ArbitrageTrader - INFO - Strategy adjusted for tokyo session: profit threshold=0.150%, check interval=5s
2025-05-07 22:51:10,561 - ArbitrageTrader - INFO - Updated 136 exchange rates
2025-05-07 22:51:10,695 - ArbitrageTrader - INFO - Trading conditions not optimal. Waiting...
2025-05-07 22:51:16,698 - ArbitrageTrader - INFO - Strategy adjusted for tokyo session: profit threshold=0.150%, check interval=5s
2025-05-07 22:51:18,223 - ArbitrageTrader - INFO - Updated 136 exchange rates
2025-05-07 22:51:18,381 - ArbitrageTrader - INFO - Trading conditions not optimal. Waiting...
2025-05-07 22:51:24,386 - ArbitrageTrader - INFO - Strategy adjusted for tokyo session: profit threshold=0.150%, check interval=5s
2025-05-07 22:51:25,982 - ArbitrageTrader - INFO - Arbitrage trading stopped by user
2025-05-07 22:51:26,262 - ArbitrageTrader - INFO - Trading session complete. Final balance: 100177.6106
2025-05-07 22:51:26,262 - ArbitrageTrader - INFO - Total profit/loss: 0.0 (0.00%)
2025-05-07 22:51:26,263 - ArbitrageTrader - INFO - Performance data saved to ./data/performance_20250507_225126.json
2025-05-07 22:51:26,264 - ArbitrageTrader - INFO - Performance report saved to ./data/summary_20250507_225126.txt
