2025-05-08 09:45:37,409 - ArbitrageTrader - INFO - Logging initialized at 20250508_094537
2025-05-08 09:45:37,409 - ArbitrageTrader - INFO - Log file: ./logs/arbitrage_20250508_094537.log
2025-05-08 09:45:37,409 - ArbitrageTrader - INFO - Loaded configuration from config.json
2025-05-08 09:45:37,409 - ArbitrageTrader - INFO - OANDA Arbitrage Trading System
2025-05-08 09:45:37,409 - ArbitrageTrader - INFO - ----------------------------------------
2025-05-08 09:45:37,409 - ArbitrageTrader - INFO - Starting time: 2025-05-08 09:45:37.409714
2025-05-08 09:45:37,409 - ArbitrageTrader - INFO - Mode: Live trading
2025-05-08 09:45:37,409 - ArbitrageTrader - INFO - Environment: Practice
2025-05-08 09:45:37,409 - ArbitrageTrader - INFO - Check interval: 3 seconds
2025-05-08 09:45:37,409 - ArbitrageTrader - INFO - ----------------------------------------
2025-05-08 09:45:37,581 - ArbitrageTrader - INFO - Found 21 unique currencies
2025-05-08 09:45:37,582 - ArbitrageTrader - WARNING - Currency pair USD_EUR not supported by OANDA - excluding from monitoring
2025-05-08 09:45:37,582 - ArbitrageTrader - WARNING - Currency pair JPY_USD not supported by OANDA - excluding from monitoring
2025-05-08 09:45:37,582 - ArbitrageTrader - WARNING - Currency pair USD_GBP not supported by OANDA - excluding from monitoring
2025-05-08 09:45:37,582 - ArbitrageTrader - WARNING - Currency pair CHF_USD not supported by OANDA - excluding from monitoring
2025-05-08 09:45:37,582 - ArbitrageTrader - WARNING - Currency pair CAD_USD not supported by OANDA - excluding from monitoring
2025-05-08 09:45:37,582 - ArbitrageTrader - WARNING - Currency pair USD_AUD not supported by OANDA - excluding from monitoring
2025-05-08 09:45:37,582 - ArbitrageTrader - WARNING - Currency pair USD_NZD not supported by OANDA - excluding from monitoring
2025-05-08 09:45:37,582 - ArbitrageTrader - WARNING - Currency pair GBP_EUR not supported by OANDA - excluding from monitoring
2025-05-08 09:45:37,582 - ArbitrageTrader - WARNING - Currency pair JPY_EUR not supported by OANDA - excluding from monitoring
2025-05-08 09:45:37,582 - ArbitrageTrader - WARNING - Currency pair CHF_EUR not supported by OANDA - excluding from monitoring
2025-05-08 09:45:37,582 - ArbitrageTrader - WARNING - Currency pair CAD_EUR not supported by OANDA - excluding from monitoring
2025-05-08 09:45:37,582 - ArbitrageTrader - WARNING - Currency pair AUD_EUR not supported by OANDA - excluding from monitoring
2025-05-08 09:45:37,582 - ArbitrageTrader - WARNING - Currency pair NZD_EUR not supported by OANDA - excluding from monitoring
2025-05-08 09:45:37,582 - ArbitrageTrader - WARNING - Currency pair JPY_GBP not supported by OANDA - excluding from monitoring
2025-05-08 09:45:37,582 - ArbitrageTrader - WARNING - Currency pair CHF_GBP not supported by OANDA - excluding from monitoring
2025-05-08 09:45:37,582 - ArbitrageTrader - WARNING - Currency pair CAD_GBP not supported by OANDA - excluding from monitoring
2025-05-08 09:45:37,582 - ArbitrageTrader - WARNING - Currency pair AUD_GBP not supported by OANDA - excluding from monitoring
2025-05-08 09:45:37,582 - ArbitrageTrader - WARNING - Currency pair NZD_GBP not supported by OANDA - excluding from monitoring
2025-05-08 09:45:37,582 - ArbitrageTrader - WARNING - Currency pair JPY_CHF not supported by OANDA - excluding from monitoring
2025-05-08 09:45:37,582 - ArbitrageTrader - WARNING - Currency pair JPY_CAD not supported by OANDA - excluding from monitoring
2025-05-08 09:45:37,582 - ArbitrageTrader - WARNING - Currency pair JPY_AUD not supported by OANDA - excluding from monitoring
2025-05-08 09:45:37,582 - ArbitrageTrader - WARNING - Currency pair JPY_NZD not supported by OANDA - excluding from monitoring
2025-05-08 09:45:37,582 - ArbitrageTrader - WARNING - Currency pair CHF_CAD not supported by OANDA - excluding from monitoring
2025-05-08 09:45:37,582 - ArbitrageTrader - WARNING - Currency pair CHF_AUD not supported by OANDA - excluding from monitoring
2025-05-08 09:45:37,582 - ArbitrageTrader - WARNING - Currency pair CHF_NZD not supported by OANDA - excluding from monitoring
2025-05-08 09:45:37,582 - ArbitrageTrader - WARNING - Currency pair CAD_AUD not supported by OANDA - excluding from monitoring
2025-05-08 09:45:37,582 - ArbitrageTrader - WARNING - Currency pair CAD_NZD not supported by OANDA - excluding from monitoring
2025-05-08 09:45:37,582 - ArbitrageTrader - WARNING - Currency pair NZD_AUD not supported by OANDA - excluding from monitoring
2025-05-08 09:45:37,670 - ArbitrageTrader - INFO - OANDA Arbitrage Trader initialized in practice mode
2025-05-08 09:45:37,670 - ArbitrageTrader - INFO - Account ID: 101-001-31395009-001
2025-05-08 09:45:37,670 - ArbitrageTrader - INFO - Starting balance: 100177.6106
2025-05-08 09:45:37,670 - ArbitrageTrader - INFO - Monitoring 68 valid currency pairs
2025-05-08 09:45:37,743 - ArbitrageTrader - INFO - Starting arbitrage trading system with check interval 3s
2025-05-08 09:45:37,850 - ArbitrageTrader - INFO - Initial account balance: 100177.6106
2025-05-08 09:45:37,850 - ArbitrageTrader - INFO - LIVE MODE: Executing real trades
2025-05-08 09:45:37,850 - ArbitrageTrader - INFO - Strategy adjusted for london_ny_overlap session: profit threshold=0.040%, check interval=1s
2025-05-08 09:45:38,597 - ArbitrageTrader - INFO - Updated 136 exchange rates
2025-05-08 09:45:38,693 - ArbitrageTrader - INFO - No profitable arbitrage opportunities found
2025-05-08 09:45:41,698 - ArbitrageTrader - INFO - Strategy adjusted for london_ny_overlap session: profit threshold=0.040%, check interval=1s
2025-05-08 09:45:42,382 - ArbitrageTrader - INFO - Updated 136 exchange rates
2025-05-08 09:45:42,467 - ArbitrageTrader - INFO - No profitable arbitrage opportunities found
2025-05-08 09:45:45,539 - ArbitrageTrader - INFO - Strategy adjusted for london_ny_overlap session: profit threshold=0.040%, check interval=1s
2025-05-08 09:45:46,489 - ArbitrageTrader - INFO - Updated 136 exchange rates
2025-05-08 09:45:46,561 - ArbitrageTrader - INFO - No profitable arbitrage opportunities found
2025-05-08 09:45:49,566 - ArbitrageTrader - INFO - Strategy adjusted for london_ny_overlap session: profit threshold=0.040%, check interval=1s
2025-05-08 09:45:50,279 - ArbitrageTrader - INFO - Updated 136 exchange rates
2025-05-08 09:45:50,352 - ArbitrageTrader - INFO - No profitable arbitrage opportunities found
2025-05-08 09:45:53,356 - ArbitrageTrader - INFO - Strategy adjusted for london_ny_overlap session: profit threshold=0.040%, check interval=1s
2025-05-08 09:45:54,025 - ArbitrageTrader - INFO - Updated 136 exchange rates
2025-05-08 09:45:54,102 - ArbitrageTrader - INFO - No profitable arbitrage opportunities found
2025-05-08 09:45:57,106 - ArbitrageTrader - INFO - Strategy adjusted for london_ny_overlap session: profit threshold=0.040%, check interval=1s
2025-05-08 09:45:57,780 - ArbitrageTrader - INFO - Updated 136 exchange rates
2025-05-08 09:45:57,842 - ArbitrageTrader - INFO - No profitable arbitrage opportunities found
2025-05-08 09:46:00,847 - ArbitrageTrader - INFO - Strategy adjusted for london_ny_overlap session: profit threshold=0.040%, check interval=1s
2025-05-08 09:46:01,470 - ArbitrageTrader - INFO - Updated 136 exchange rates
2025-05-08 09:46:01,540 - ArbitrageTrader - INFO - No profitable arbitrage opportunities found
2025-05-08 09:46:04,545 - ArbitrageTrader - INFO - Strategy adjusted for london_ny_overlap session: profit threshold=0.040%, check interval=1s
2025-05-08 09:46:05,096 - ArbitrageTrader - INFO - Updated 136 exchange rates
2025-05-08 09:46:05,178 - ArbitrageTrader - INFO - No profitable arbitrage opportunities found
2025-05-08 09:46:08,180 - ArbitrageTrader - INFO - Strategy adjusted for london_ny_overlap session: profit threshold=0.040%, check interval=1s
2025-05-08 09:46:08,924 - ArbitrageTrader - INFO - Updated 136 exchange rates
2025-05-08 09:46:09,095 - ArbitrageTrader - INFO - No profitable arbitrage opportunities found
2025-05-08 09:46:12,098 - ArbitrageTrader - INFO - Strategy adjusted for london_ny_overlap session: profit threshold=0.040%, check interval=1s
2025-05-08 09:46:12,746 - ArbitrageTrader - INFO - Updated 136 exchange rates
2025-05-08 09:46:12,818 - ArbitrageTrader - INFO - No profitable arbitrage opportunities found
2025-05-08 09:46:15,822 - ArbitrageTrader - INFO - Strategy adjusted for london_ny_overlap session: profit threshold=0.040%, check interval=1s
2025-05-08 09:46:16,587 - ArbitrageTrader - INFO - Updated 136 exchange rates
2025-05-08 09:46:16,677 - ArbitrageTrader - INFO - No profitable arbitrage opportunities found
2025-05-08 09:46:18,719 - ArbitrageTrader - INFO - Arbitrage trading stopped by user
2025-05-08 09:46:18,785 - ArbitrageTrader - INFO - Trading session complete. Final balance: 100177.6106
2025-05-08 09:46:18,785 - ArbitrageTrader - INFO - Total profit/loss: 0.0 (0.00%)
2025-05-08 09:46:18,789 - ArbitrageTrader - INFO - Performance data saved to ./data/performance_20250508_094618.json
2025-05-08 09:46:18,790 - ArbitrageTrader - INFO - Performance report saved to ./data/summary_20250508_094618.txt
