2025-05-08 09:44:37,118 - ArbitrageTrader - INFO - Logging initialized at 20250508_094437
2025-05-08 09:44:37,118 - ArbitrageTrader - INFO - Log file: ./logs/arbitrage_20250508_094437.log
2025-05-08 09:44:37,118 - ArbitrageTrader - INFO - Loaded configuration from config.json
2025-05-08 09:44:37,118 - ArbitrageTrader - INFO - OANDA Arbitrage Trading System
2025-05-08 09:44:37,118 - ArbitrageTrader - INFO - ----------------------------------------
2025-05-08 09:44:37,118 - ArbitrageTrader - INFO - Starting time: 2025-05-08 09:44:37.118724
2025-05-08 09:44:37,118 - ArbitrageTrader - INFO - Mode: Live trading
2025-05-08 09:44:37,118 - ArbitrageTrader - INFO - Environment: Practice
2025-05-08 09:44:37,118 - ArbitrageTrader - INFO - Check interval: 3 seconds
2025-05-08 09:44:37,118 - ArbitrageTrader - INFO - ----------------------------------------
2025-05-08 09:44:37,298 - ArbitrageTrader - INFO - Found 21 unique currencies
2025-05-08 09:44:37,299 - ArbitrageTrader - WARNING - Currency pair USD_EUR not supported by OANDA - excluding from monitoring
2025-05-08 09:44:37,299 - ArbitrageTrader - WARNING - Currency pair JPY_USD not supported by OANDA - excluding from monitoring
2025-05-08 09:44:37,299 - ArbitrageTrader - WARNING - Currency pair USD_GBP not supported by OANDA - excluding from monitoring
2025-05-08 09:44:37,299 - ArbitrageTrader - WARNING - Currency pair CHF_USD not supported by OANDA - excluding from monitoring
2025-05-08 09:44:37,299 - ArbitrageTrader - WARNING - Currency pair CAD_USD not supported by OANDA - excluding from monitoring
2025-05-08 09:44:37,299 - ArbitrageTrader - WARNING - Currency pair USD_AUD not supported by OANDA - excluding from monitoring
2025-05-08 09:44:37,299 - ArbitrageTrader - WARNING - Currency pair USD_NZD not supported by OANDA - excluding from monitoring
2025-05-08 09:44:37,299 - ArbitrageTrader - WARNING - Currency pair GBP_EUR not supported by OANDA - excluding from monitoring
2025-05-08 09:44:37,299 - ArbitrageTrader - WARNING - Currency pair JPY_EUR not supported by OANDA - excluding from monitoring
2025-05-08 09:44:37,299 - ArbitrageTrader - WARNING - Currency pair CHF_EUR not supported by OANDA - excluding from monitoring
2025-05-08 09:44:37,299 - ArbitrageTrader - WARNING - Currency pair CAD_EUR not supported by OANDA - excluding from monitoring
2025-05-08 09:44:37,299 - ArbitrageTrader - WARNING - Currency pair AUD_EUR not supported by OANDA - excluding from monitoring
2025-05-08 09:44:37,299 - ArbitrageTrader - WARNING - Currency pair NZD_EUR not supported by OANDA - excluding from monitoring
2025-05-08 09:44:37,299 - ArbitrageTrader - WARNING - Currency pair JPY_GBP not supported by OANDA - excluding from monitoring
2025-05-08 09:44:37,299 - ArbitrageTrader - WARNING - Currency pair CHF_GBP not supported by OANDA - excluding from monitoring
2025-05-08 09:44:37,299 - ArbitrageTrader - WARNING - Currency pair CAD_GBP not supported by OANDA - excluding from monitoring
2025-05-08 09:44:37,299 - ArbitrageTrader - WARNING - Currency pair AUD_GBP not supported by OANDA - excluding from monitoring
2025-05-08 09:44:37,299 - ArbitrageTrader - WARNING - Currency pair NZD_GBP not supported by OANDA - excluding from monitoring
2025-05-08 09:44:37,299 - ArbitrageTrader - WARNING - Currency pair JPY_CHF not supported by OANDA - excluding from monitoring
2025-05-08 09:44:37,299 - ArbitrageTrader - WARNING - Currency pair JPY_CAD not supported by OANDA - excluding from monitoring
2025-05-08 09:44:37,299 - ArbitrageTrader - WARNING - Currency pair JPY_AUD not supported by OANDA - excluding from monitoring
2025-05-08 09:44:37,299 - ArbitrageTrader - WARNING - Currency pair JPY_NZD not supported by OANDA - excluding from monitoring
2025-05-08 09:44:37,299 - ArbitrageTrader - WARNING - Currency pair CHF_CAD not supported by OANDA - excluding from monitoring
2025-05-08 09:44:37,299 - ArbitrageTrader - WARNING - Currency pair CHF_AUD not supported by OANDA - excluding from monitoring
2025-05-08 09:44:37,299 - ArbitrageTrader - WARNING - Currency pair CHF_NZD not supported by OANDA - excluding from monitoring
2025-05-08 09:44:37,299 - ArbitrageTrader - WARNING - Currency pair CAD_AUD not supported by OANDA - excluding from monitoring
2025-05-08 09:44:37,299 - ArbitrageTrader - WARNING - Currency pair CAD_NZD not supported by OANDA - excluding from monitoring
2025-05-08 09:44:37,299 - ArbitrageTrader - WARNING - Currency pair NZD_AUD not supported by OANDA - excluding from monitoring
2025-05-08 09:44:37,365 - ArbitrageTrader - INFO - OANDA Arbitrage Trader initialized in practice mode
2025-05-08 09:44:37,365 - ArbitrageTrader - INFO - Account ID: 101-001-31395009-001
2025-05-08 09:44:37,365 - ArbitrageTrader - INFO - Starting balance: 100177.6106
2025-05-08 09:44:37,365 - ArbitrageTrader - INFO - Monitoring 68 valid currency pairs
