2025-05-07 22:54:22,464 - ArbitrageTrader - INFO - Logging initialized at 20250507_225422
2025-05-07 22:54:22,464 - ArbitrageTrader - INFO - Log file: ./logs/arbitrage_20250507_225422.log
2025-05-07 22:54:22,464 - ArbitrageTrader - INFO - Loaded configuration from config.json
2025-05-07 22:54:22,464 - ArbitrageTrader - INFO - OANDA Arbitrage Trading System
2025-05-07 22:54:22,464 - ArbitrageTrader - INFO - ----------------------------------------
2025-05-07 22:54:22,464 - ArbitrageTrader - INFO - Starting time: 2025-05-07 22:54:22.464572
2025-05-07 22:54:22,464 - ArbitrageTrader - INFO - Mode: Live trading
2025-05-07 22:54:22,464 - ArbitrageTrader - INFO - Environment: Practice
2025-05-07 22:54:22,464 - ArbitrageTrader - INFO - Check interval: 3 seconds
2025-05-07 22:54:22,464 - ArbitrageTrader - INFO - ----------------------------------------
2025-05-07 22:54:22,823 - ArbitrageTrader - INFO - Found 21 unique currencies
2025-05-07 22:54:22,823 - ArbitrageTrader - WARNING - Currency pair USD_EUR not supported by OANDA - excluding from monitoring
2025-05-07 22:54:22,823 - ArbitrageTrader - WARNING - Currency pair JPY_USD not supported by OANDA - excluding from monitoring
2025-05-07 22:54:22,823 - ArbitrageTrader - WARNING - Currency pair USD_GBP not supported by OANDA - excluding from monitoring
2025-05-07 22:54:22,823 - ArbitrageTrader - WARNING - Currency pair CHF_USD not supported by OANDA - excluding from monitoring
2025-05-07 22:54:22,823 - ArbitrageTrader - WARNING - Currency pair CAD_USD not supported by OANDA - excluding from monitoring
2025-05-07 22:54:22,823 - ArbitrageTrader - WARNING - Currency pair USD_AUD not supported by OANDA - excluding from monitoring
2025-05-07 22:54:22,823 - ArbitrageTrader - WARNING - Currency pair USD_NZD not supported by OANDA - excluding from monitoring
2025-05-07 22:54:22,823 - ArbitrageTrader - WARNING - Currency pair GBP_EUR not supported by OANDA - excluding from monitoring
2025-05-07 22:54:22,823 - ArbitrageTrader - WARNING - Currency pair JPY_EUR not supported by OANDA - excluding from monitoring
2025-05-07 22:54:22,823 - ArbitrageTrader - WARNING - Currency pair CHF_EUR not supported by OANDA - excluding from monitoring
2025-05-07 22:54:22,823 - ArbitrageTrader - WARNING - Currency pair CAD_EUR not supported by OANDA - excluding from monitoring
2025-05-07 22:54:22,823 - ArbitrageTrader - WARNING - Currency pair AUD_EUR not supported by OANDA - excluding from monitoring
2025-05-07 22:54:22,823 - ArbitrageTrader - WARNING - Currency pair NZD_EUR not supported by OANDA - excluding from monitoring
2025-05-07 22:54:22,823 - ArbitrageTrader - WARNING - Currency pair JPY_GBP not supported by OANDA - excluding from monitoring
2025-05-07 22:54:22,823 - ArbitrageTrader - WARNING - Currency pair CHF_GBP not supported by OANDA - excluding from monitoring
2025-05-07 22:54:22,823 - ArbitrageTrader - WARNING - Currency pair CAD_GBP not supported by OANDA - excluding from monitoring
2025-05-07 22:54:22,823 - ArbitrageTrader - WARNING - Currency pair AUD_GBP not supported by OANDA - excluding from monitoring
2025-05-07 22:54:22,823 - ArbitrageTrader - WARNING - Currency pair NZD_GBP not supported by OANDA - excluding from monitoring
2025-05-07 22:54:22,825 - ArbitrageTrader - WARNING - Currency pair JPY_CHF not supported by OANDA - excluding from monitoring
2025-05-07 22:54:22,825 - ArbitrageTrader - WARNING - Currency pair JPY_CAD not supported by OANDA - excluding from monitoring
2025-05-07 22:54:22,825 - ArbitrageTrader - WARNING - Currency pair JPY_AUD not supported by OANDA - excluding from monitoring
2025-05-07 22:54:22,825 - ArbitrageTrader - WARNING - Currency pair JPY_NZD not supported by OANDA - excluding from monitoring
2025-05-07 22:54:22,825 - ArbitrageTrader - WARNING - Currency pair CHF_CAD not supported by OANDA - excluding from monitoring
2025-05-07 22:54:22,825 - ArbitrageTrader - WARNING - Currency pair CHF_AUD not supported by OANDA - excluding from monitoring
2025-05-07 22:54:22,825 - ArbitrageTrader - WARNING - Currency pair CHF_NZD not supported by OANDA - excluding from monitoring
2025-05-07 22:54:22,825 - ArbitrageTrader - WARNING - Currency pair CAD_AUD not supported by OANDA - excluding from monitoring
2025-05-07 22:54:22,825 - ArbitrageTrader - WARNING - Currency pair CAD_NZD not supported by OANDA - excluding from monitoring
2025-05-07 22:54:22,825 - ArbitrageTrader - WARNING - Currency pair NZD_AUD not supported by OANDA - excluding from monitoring
2025-05-07 22:54:22,825 - ArbitrageTrader - INFO - OANDA Arbitrage Trader initialized in practice mode
2025-05-07 22:54:22,825 - ArbitrageTrader - INFO - Account ID: 101-001-31395009-001
2025-05-07 22:54:22,825 - ArbitrageTrader - INFO - Starting balance: 100177.6106
2025-05-07 22:54:22,825 - ArbitrageTrader - INFO - Monitoring 68 valid currency pairs
2025-05-07 22:54:22,825 - ArbitrageTrader - INFO - Starting arbitrage trading system with check interval 3s
2025-05-07 22:54:22,946 - ArbitrageTrader - INFO - Initial account balance: 100177.6106
2025-05-07 22:54:22,946 - ArbitrageTrader - INFO - LIVE MODE: Executing real trades
2025-05-07 22:54:22,946 - ArbitrageTrader - INFO - Strategy adjusted for tokyo session: profit threshold=0.150%, check interval=5s
2025-05-07 22:54:24,170 - ArbitrageTrader - INFO - Updated 136 exchange rates
2025-05-07 22:54:24,338 - ArbitrageTrader - INFO - Trading conditions not optimal. Waiting...
2025-05-07 22:54:30,339 - ArbitrageTrader - INFO - Strategy adjusted for tokyo session: profit threshold=0.150%, check interval=5s
2025-05-07 22:54:32,270 - ArbitrageTrader - INFO - Updated 136 exchange rates
2025-05-07 22:54:32,509 - ArbitrageTrader - INFO - Trading conditions not optimal. Waiting...
2025-05-07 22:54:38,511 - ArbitrageTrader - INFO - Strategy adjusted for tokyo session: profit threshold=0.150%, check interval=5s
2025-05-07 22:54:40,769 - ArbitrageTrader - INFO - Updated 136 exchange rates
2025-05-07 22:54:40,953 - ArbitrageTrader - INFO - Trading conditions not optimal. Waiting...
2025-05-07 22:54:46,986 - ArbitrageTrader - INFO - Strategy adjusted for tokyo session: profit threshold=0.150%, check interval=5s
2025-05-07 22:54:48,717 - ArbitrageTrader - INFO - Updated 136 exchange rates
2025-05-07 22:54:49,039 - ArbitrageTrader - INFO - Trading conditions not optimal. Waiting...
2025-05-07 22:54:55,045 - ArbitrageTrader - INFO - Strategy adjusted for tokyo session: profit threshold=0.150%, check interval=5s
2025-05-07 22:54:56,508 - ArbitrageTrader - INFO - Updated 136 exchange rates
2025-05-07 22:54:56,669 - ArbitrageTrader - INFO - Trading conditions not optimal. Waiting...
2025-05-07 22:55:02,674 - ArbitrageTrader - INFO - Strategy adjusted for tokyo session: profit threshold=0.150%, check interval=5s
2025-05-07 22:55:04,720 - ArbitrageTrader - INFO - Updated 136 exchange rates
2025-05-07 22:55:04,911 - ArbitrageTrader - INFO - Trading conditions not optimal. Waiting...
2025-05-07 22:55:10,933 - ArbitrageTrader - INFO - Strategy adjusted for tokyo session: profit threshold=0.150%, check interval=5s
2025-05-07 22:55:12,900 - ArbitrageTrader - INFO - Updated 136 exchange rates
2025-05-07 22:55:13,197 - ArbitrageTrader - INFO - Trading conditions not optimal. Waiting...
2025-05-07 22:55:19,198 - ArbitrageTrader - INFO - Strategy adjusted for tokyo session: profit threshold=0.150%, check interval=5s
2025-05-07 22:55:20,991 - ArbitrageTrader - INFO - Updated 136 exchange rates
2025-05-07 22:55:21,148 - ArbitrageTrader - INFO - Trading conditions not optimal. Waiting...
