2025-05-08 09:26:27,454 - ArbitrageTrader - INFO - Logging initialized at 20250508_092627
2025-05-08 09:26:27,454 - ArbitrageTrader - INFO - Log file: ./logs/arbitrage_20250508_092627.log
2025-05-08 09:26:27,455 - ArbitrageTrader - INFO - Loaded configuration from config.json
2025-05-08 09:26:27,455 - ArbitrageTrader - INFO - OANDA Arbitrage Trading System
2025-05-08 09:26:27,455 - ArbitrageTrader - INFO - ----------------------------------------
2025-05-08 09:26:27,455 - ArbitrageTrader - INFO - Starting time: 2025-05-08 09:26:27.455401
2025-05-08 09:26:27,455 - ArbitrageTrader - INFO - Mode: Live trading
2025-05-08 09:26:27,455 - ArbitrageTrader - INFO - Environment: Practice
2025-05-08 09:26:27,455 - ArbitrageTrader - INFO - Check interval: 3 seconds
2025-05-08 09:26:27,455 - ArbitrageTrader - INFO - ----------------------------------------
2025-05-08 09:26:27,598 - ArbitrageTrader - INFO - Found 21 unique currencies
2025-05-08 09:26:27,598 - ArbitrageTrader - WARNING - Currency pair USD_EUR not supported by OANDA - excluding from monitoring
2025-05-08 09:26:27,598 - ArbitrageTrader - WARNING - Currency pair JPY_USD not supported by OANDA - excluding from monitoring
2025-05-08 09:26:27,598 - ArbitrageTrader - WARNING - Currency pair USD_GBP not supported by OANDA - excluding from monitoring
2025-05-08 09:26:27,598 - ArbitrageTrader - WARNING - Currency pair CHF_USD not supported by OANDA - excluding from monitoring
2025-05-08 09:26:27,598 - ArbitrageTrader - WARNING - Currency pair CAD_USD not supported by OANDA - excluding from monitoring
2025-05-08 09:26:27,599 - ArbitrageTrader - WARNING - Currency pair USD_AUD not supported by OANDA - excluding from monitoring
2025-05-08 09:26:27,599 - ArbitrageTrader - WARNING - Currency pair USD_NZD not supported by OANDA - excluding from monitoring
2025-05-08 09:26:27,599 - ArbitrageTrader - WARNING - Currency pair GBP_EUR not supported by OANDA - excluding from monitoring
2025-05-08 09:26:27,599 - ArbitrageTrader - WARNING - Currency pair JPY_EUR not supported by OANDA - excluding from monitoring
2025-05-08 09:26:27,599 - ArbitrageTrader - WARNING - Currency pair CHF_EUR not supported by OANDA - excluding from monitoring
2025-05-08 09:26:27,599 - ArbitrageTrader - WARNING - Currency pair CAD_EUR not supported by OANDA - excluding from monitoring
2025-05-08 09:26:27,599 - ArbitrageTrader - WARNING - Currency pair AUD_EUR not supported by OANDA - excluding from monitoring
2025-05-08 09:26:27,599 - ArbitrageTrader - WARNING - Currency pair NZD_EUR not supported by OANDA - excluding from monitoring
2025-05-08 09:26:27,599 - ArbitrageTrader - WARNING - Currency pair JPY_GBP not supported by OANDA - excluding from monitoring
2025-05-08 09:26:27,599 - ArbitrageTrader - WARNING - Currency pair CHF_GBP not supported by OANDA - excluding from monitoring
2025-05-08 09:26:27,599 - ArbitrageTrader - WARNING - Currency pair CAD_GBP not supported by OANDA - excluding from monitoring
2025-05-08 09:26:27,599 - ArbitrageTrader - WARNING - Currency pair AUD_GBP not supported by OANDA - excluding from monitoring
2025-05-08 09:26:27,599 - ArbitrageTrader - WARNING - Currency pair NZD_GBP not supported by OANDA - excluding from monitoring
2025-05-08 09:26:27,599 - ArbitrageTrader - WARNING - Currency pair JPY_CHF not supported by OANDA - excluding from monitoring
2025-05-08 09:26:27,599 - ArbitrageTrader - WARNING - Currency pair JPY_CAD not supported by OANDA - excluding from monitoring
2025-05-08 09:26:27,599 - ArbitrageTrader - WARNING - Currency pair JPY_AUD not supported by OANDA - excluding from monitoring
2025-05-08 09:26:27,599 - ArbitrageTrader - WARNING - Currency pair JPY_NZD not supported by OANDA - excluding from monitoring
2025-05-08 09:26:27,599 - ArbitrageTrader - WARNING - Currency pair CHF_CAD not supported by OANDA - excluding from monitoring
2025-05-08 09:26:27,599 - ArbitrageTrader - WARNING - Currency pair CHF_AUD not supported by OANDA - excluding from monitoring
2025-05-08 09:26:27,599 - ArbitrageTrader - WARNING - Currency pair CHF_NZD not supported by OANDA - excluding from monitoring
2025-05-08 09:26:27,599 - ArbitrageTrader - WARNING - Currency pair CAD_AUD not supported by OANDA - excluding from monitoring
2025-05-08 09:26:27,599 - ArbitrageTrader - WARNING - Currency pair CAD_NZD not supported by OANDA - excluding from monitoring
2025-05-08 09:26:27,599 - ArbitrageTrader - WARNING - Currency pair NZD_AUD not supported by OANDA - excluding from monitoring
2025-05-08 09:26:27,681 - ArbitrageTrader - INFO - OANDA Arbitrage Trader initialized in practice mode
2025-05-08 09:26:27,682 - ArbitrageTrader - INFO - Account ID: 101-001-31395009-001
2025-05-08 09:26:27,682 - ArbitrageTrader - INFO - Starting balance: 100177.6106
2025-05-08 09:26:27,682 - ArbitrageTrader - INFO - Monitoring 68 valid currency pairs
2025-05-08 09:26:27,751 - ArbitrageTrader - INFO - Starting arbitrage trading system with check interval 3s
2025-05-08 09:26:27,853 - ArbitrageTrader - INFO - Initial account balance: 100177.6106
2025-05-08 09:26:27,853 - ArbitrageTrader - INFO - LIVE MODE: Executing real trades
2025-05-08 09:26:27,853 - ArbitrageTrader - INFO - Strategy adjusted for london_ny_overlap session: profit threshold=0.080%, check interval=1s
2025-05-08 09:26:28,596 - ArbitrageTrader - INFO - Updated 136 exchange rates
2025-05-08 09:26:28,712 - ArbitrageTrader - INFO - Found arbitrage opportunity: 0.4730% profit
2025-05-08 09:26:28,824 - ArbitrageTrader - INFO - Executing arbitrage cycle with expected profit: 0.4730%
2025-05-08 09:26:28,824 - ArbitrageTrader - INFO - Cycle: USD -> JPY -> TRY -> USD
2025-05-08 09:26:28,977 - ArbitrageTrader - INFO - Order placed successfully: USD_JPY, 7212.7879631999995 units
2025-05-08 09:26:28,977 - ArbitrageTrader - INFO - Completed trade: USD -> JPY, Amount: 1042278.24
2025-05-08 09:26:29,076 - ArbitrageTrader - WARNING - Error fetching price for JPY_TRY: 400, {"errorMessage":"Invalid value specified for 'instrument'"}
2025-05-08 09:26:29,077 - ArbitrageTrader - ERROR - Failed to get price for JPY_TRY
2025-05-08 09:26:29,077 - ArbitrageTrader - WARNING - Trade failed: Price data unavailable for JPY_TRY
2025-05-08 09:26:35,082 - ArbitrageTrader - INFO - Strategy adjusted for london_ny_overlap session: profit threshold=0.080%, check interval=1s
2025-05-08 09:26:35,836 - ArbitrageTrader - INFO - Updated 136 exchange rates
2025-05-08 09:26:35,912 - ArbitrageTrader - INFO - Found arbitrage opportunity: 0.4744% profit
2025-05-08 09:26:35,994 - ArbitrageTrader - INFO - Executing arbitrage cycle with expected profit: 0.4744%
2025-05-08 09:26:35,994 - ArbitrageTrader - INFO - Cycle: USD -> JPY -> TRY -> USD
2025-05-08 09:26:36,139 - ArbitrageTrader - INFO - Order placed successfully: USD_JPY, 7212.7879631999995 units
2025-05-08 09:26:36,139 - ArbitrageTrader - ERROR - Invalid execution details for USD_JPY
2025-05-08 09:26:36,139 - ArbitrageTrader - WARNING - Trade failed: Invalid execution details
2025-05-08 09:26:42,144 - ArbitrageTrader - INFO - Strategy adjusted for london_ny_overlap session: profit threshold=0.080%, check interval=1s
2025-05-08 09:26:42,819 - ArbitrageTrader - INFO - Updated 136 exchange rates
2025-05-08 09:26:43,000 - ArbitrageTrader - INFO - Found arbitrage opportunity: 0.4696% profit
2025-05-08 09:26:43,080 - ArbitrageTrader - INFO - Executing arbitrage cycle with expected profit: 0.4696%
2025-05-08 09:26:43,081 - ArbitrageTrader - INFO - Cycle: USD -> JPY -> TRY -> USD
2025-05-08 09:26:43,250 - ArbitrageTrader - INFO - Order placed successfully: USD_JPY, 7212.7879631999995 units
2025-05-08 09:26:43,250 - ArbitrageTrader - ERROR - Invalid execution details for USD_JPY
2025-05-08 09:26:43,250 - ArbitrageTrader - WARNING - Trade failed: Invalid execution details
2025-05-08 09:26:49,255 - ArbitrageTrader - INFO - Strategy adjusted for london_ny_overlap session: profit threshold=0.080%, check interval=1s
2025-05-08 09:26:49,866 - ArbitrageTrader - INFO - Updated 136 exchange rates
2025-05-08 09:26:49,952 - ArbitrageTrader - INFO - Found arbitrage opportunity: 0.4458% profit
2025-05-08 09:26:50,047 - ArbitrageTrader - INFO - Executing arbitrage cycle with expected profit: 0.4458%
2025-05-08 09:26:50,047 - ArbitrageTrader - INFO - Cycle: USD -> JPY -> TRY -> USD
2025-05-08 09:26:50,186 - ArbitrageTrader - INFO - Order placed successfully: USD_JPY, 7212.7879631999995 units
2025-05-08 09:26:50,187 - ArbitrageTrader - ERROR - Invalid execution details for USD_JPY
2025-05-08 09:26:50,187 - ArbitrageTrader - WARNING - Trade failed: Invalid execution details
2025-05-08 09:26:56,190 - ArbitrageTrader - INFO - Strategy adjusted for london_ny_overlap session: profit threshold=0.080%, check interval=1s
2025-05-08 09:26:56,948 - ArbitrageTrader - INFO - Updated 136 exchange rates
2025-05-08 09:26:57,047 - ArbitrageTrader - INFO - Found arbitrage opportunity: 0.4647% profit
2025-05-08 09:26:57,128 - ArbitrageTrader - INFO - Executing arbitrage cycle with expected profit: 0.4647%
2025-05-08 09:26:57,128 - ArbitrageTrader - INFO - Cycle: JPY -> TRY -> USD -> JPY
2025-05-08 09:26:57,204 - ArbitrageTrader - WARNING - Error fetching price for JPY_TRY: 400, {"errorMessage":"Invalid value specified for 'instrument'"}
2025-05-08 09:26:57,205 - ArbitrageTrader - ERROR - Failed to get price for JPY_TRY
2025-05-08 09:26:57,205 - ArbitrageTrader - WARNING - Trade failed: Price data unavailable for JPY_TRY
2025-05-08 09:27:03,210 - ArbitrageTrader - INFO - Strategy adjusted for london_ny_overlap session: profit threshold=0.080%, check interval=1s
2025-05-08 09:27:04,037 - ArbitrageTrader - INFO - Updated 136 exchange rates
2025-05-08 09:27:04,210 - ArbitrageTrader - INFO - Found arbitrage opportunity: 0.4660% profit
2025-05-08 09:27:04,321 - ArbitrageTrader - INFO - Executing arbitrage cycle with expected profit: 0.4660%
2025-05-08 09:27:04,323 - ArbitrageTrader - INFO - Cycle: USD -> JPY -> TRY -> USD
2025-05-08 09:27:04,544 - ArbitrageTrader - INFO - Order placed successfully: USD_JPY, 7212.7879631999995 units
2025-05-08 09:27:04,545 - ArbitrageTrader - ERROR - Invalid execution details for USD_JPY
2025-05-08 09:27:04,545 - ArbitrageTrader - WARNING - Trade failed: Invalid execution details
2025-05-08 09:27:10,551 - ArbitrageTrader - INFO - Strategy adjusted for london_ny_overlap session: profit threshold=0.080%, check interval=1s
2025-05-08 09:27:11,305 - ArbitrageTrader - INFO - Updated 136 exchange rates
2025-05-08 09:27:11,417 - ArbitrageTrader - INFO - Found arbitrage opportunity: 0.4467% profit
2025-05-08 09:27:11,497 - ArbitrageTrader - INFO - Executing arbitrage cycle with expected profit: 0.4467%
2025-05-08 09:27:11,497 - ArbitrageTrader - INFO - Cycle: USD -> JPY -> TRY -> USD
2025-05-08 09:27:11,669 - ArbitrageTrader - INFO - Order placed successfully: USD_JPY, 7212.7879631999995 units
2025-05-08 09:27:11,670 - ArbitrageTrader - ERROR - Invalid execution details for USD_JPY
2025-05-08 09:27:11,670 - ArbitrageTrader - WARNING - Trade failed: Invalid execution details
2025-05-08 09:27:17,675 - ArbitrageTrader - INFO - Strategy adjusted for london_ny_overlap session: profit threshold=0.080%, check interval=1s
2025-05-08 09:27:18,442 - ArbitrageTrader - INFO - Updated 136 exchange rates
2025-05-08 09:27:18,571 - ArbitrageTrader - INFO - Found arbitrage opportunity: 0.4667% profit
2025-05-08 09:27:18,679 - ArbitrageTrader - INFO - Executing arbitrage cycle with expected profit: 0.4667%
2025-05-08 09:27:18,679 - ArbitrageTrader - INFO - Cycle: USD -> JPY -> TRY -> USD
2025-05-08 09:27:18,922 - ArbitrageTrader - INFO - Order placed successfully: USD_JPY, 7212.7879631999995 units
2025-05-08 09:27:18,923 - ArbitrageTrader - ERROR - Invalid execution details for USD_JPY
2025-05-08 09:27:18,923 - ArbitrageTrader - WARNING - Trade failed: Invalid execution details
2025-05-08 09:27:24,928 - ArbitrageTrader - INFO - Strategy adjusted for london_ny_overlap session: profit threshold=0.080%, check interval=1s
2025-05-08 09:27:25,634 - ArbitrageTrader - INFO - Updated 136 exchange rates
2025-05-08 09:27:25,715 - ArbitrageTrader - INFO - Found arbitrage opportunity: 0.4676% profit
2025-05-08 09:27:25,797 - ArbitrageTrader - INFO - Executing arbitrage cycle with expected profit: 0.4676%
2025-05-08 09:27:25,797 - ArbitrageTrader - INFO - Cycle: USD -> JPY -> TRY -> USD
2025-05-08 09:27:25,963 - ArbitrageTrader - INFO - Order placed successfully: USD_JPY, 7212.7879631999995 units
2025-05-08 09:27:25,964 - ArbitrageTrader - ERROR - Invalid execution details for USD_JPY
2025-05-08 09:27:25,964 - ArbitrageTrader - WARNING - Trade failed: Invalid execution details
2025-05-08 09:27:31,968 - ArbitrageTrader - INFO - Strategy adjusted for london_ny_overlap session: profit threshold=0.080%, check interval=1s
2025-05-08 09:27:32,643 - ArbitrageTrader - INFO - Updated 136 exchange rates
2025-05-08 09:27:32,750 - ArbitrageTrader - INFO - Found arbitrage opportunity: 0.4683% profit
2025-05-08 09:27:32,822 - ArbitrageTrader - INFO - Executing arbitrage cycle with expected profit: 0.4683%
2025-05-08 09:27:32,823 - ArbitrageTrader - INFO - Cycle: USD -> JPY -> TRY -> USD
2025-05-08 09:27:32,989 - ArbitrageTrader - INFO - Order placed successfully: USD_JPY, 7212.7879631999995 units
2025-05-08 09:27:32,990 - ArbitrageTrader - ERROR - Invalid execution details for USD_JPY
2025-05-08 09:27:32,990 - ArbitrageTrader - WARNING - Trade failed: Invalid execution details
2025-05-08 09:27:38,993 - ArbitrageTrader - INFO - Strategy adjusted for london_ny_overlap session: profit threshold=0.080%, check interval=1s
2025-05-08 09:27:39,659 - ArbitrageTrader - INFO - Updated 136 exchange rates
2025-05-08 09:27:39,842 - ArbitrageTrader - INFO - Found arbitrage opportunity: 0.4482% profit
2025-05-08 09:27:39,985 - ArbitrageTrader - INFO - Executing arbitrage cycle with expected profit: 0.4482%
2025-05-08 09:27:39,985 - ArbitrageTrader - INFO - Cycle: USD -> JPY -> TRY -> USD
2025-05-08 09:27:40,160 - ArbitrageTrader - INFO - Order placed successfully: USD_JPY, 7212.7879631999995 units
2025-05-08 09:27:40,161 - ArbitrageTrader - ERROR - Invalid execution details for USD_JPY
2025-05-08 09:27:40,161 - ArbitrageTrader - WARNING - Trade failed: Invalid execution details
2025-05-08 09:27:46,166 - ArbitrageTrader - INFO - Strategy adjusted for london_ny_overlap session: profit threshold=0.080%, check interval=1s
2025-05-08 09:27:46,938 - ArbitrageTrader - INFO - Updated 136 exchange rates
2025-05-08 09:27:47,027 - ArbitrageTrader - INFO - Found arbitrage opportunity: 0.4565% profit
2025-05-08 09:27:47,096 - ArbitrageTrader - INFO - Executing arbitrage cycle with expected profit: 0.4565%
2025-05-08 09:27:47,096 - ArbitrageTrader - INFO - Cycle: USD -> JPY -> TRY -> USD
2025-05-08 09:27:47,380 - ArbitrageTrader - INFO - Order placed successfully: USD_JPY, 7212.7879631999995 units
2025-05-08 09:27:47,381 - ArbitrageTrader - ERROR - Invalid execution details for USD_JPY
2025-05-08 09:27:47,381 - ArbitrageTrader - WARNING - Trade failed: Invalid execution details
2025-05-08 09:27:53,385 - ArbitrageTrader - INFO - Strategy adjusted for london_ny_overlap session: profit threshold=0.080%, check interval=1s
2025-05-08 09:27:54,113 - ArbitrageTrader - INFO - Updated 136 exchange rates
2025-05-08 09:27:54,193 - ArbitrageTrader - INFO - Found arbitrage opportunity: 0.4530% profit
2025-05-08 09:27:54,345 - ArbitrageTrader - INFO - Executing arbitrage cycle with expected profit: 0.4530%
2025-05-08 09:27:54,346 - ArbitrageTrader - INFO - Cycle: USD -> JPY -> TRY -> USD
2025-05-08 09:27:54,509 - ArbitrageTrader - INFO - Order placed successfully: USD_JPY, 7212.7879631999995 units
2025-05-08 09:27:54,509 - ArbitrageTrader - ERROR - Invalid execution details for USD_JPY
2025-05-08 09:27:54,509 - ArbitrageTrader - WARNING - Trade failed: Invalid execution details
2025-05-08 09:28:00,525 - ArbitrageTrader - INFO - Strategy adjusted for london_ny_overlap session: profit threshold=0.080%, check interval=1s
2025-05-08 09:28:01,125 - ArbitrageTrader - INFO - Updated 136 exchange rates
2025-05-08 09:28:01,219 - ArbitrageTrader - INFO - Found arbitrage opportunity: 0.4551% profit
2025-05-08 09:28:01,296 - ArbitrageTrader - INFO - Executing arbitrage cycle with expected profit: 0.4551%
2025-05-08 09:28:01,297 - ArbitrageTrader - INFO - Cycle: USD -> JPY -> TRY -> USD
2025-05-08 09:28:01,540 - ArbitrageTrader - INFO - Order placed successfully: USD_JPY, 7212.7879631999995 units
2025-05-08 09:28:01,541 - ArbitrageTrader - ERROR - Invalid execution details for USD_JPY
2025-05-08 09:28:01,541 - ArbitrageTrader - WARNING - Trade failed: Invalid execution details
2025-05-08 09:28:07,547 - ArbitrageTrader - INFO - Strategy adjusted for london_ny_overlap session: profit threshold=0.080%, check interval=1s
2025-05-08 09:28:08,218 - ArbitrageTrader - INFO - Updated 136 exchange rates
2025-05-08 09:28:08,311 - ArbitrageTrader - INFO - Found arbitrage opportunity: 0.4650% profit
2025-05-08 09:28:08,394 - ArbitrageTrader - INFO - Executing arbitrage cycle with expected profit: 0.4650%
2025-05-08 09:28:08,394 - ArbitrageTrader - INFO - Cycle: USD -> JPY -> TRY -> USD
2025-05-08 09:28:08,564 - ArbitrageTrader - INFO - Order placed successfully: USD_JPY, 7212.7879631999995 units
2025-05-08 09:28:08,565 - ArbitrageTrader - INFO - Completed trade: USD -> JPY, Amount: 1042436.90
2025-05-08 09:28:08,636 - ArbitrageTrader - WARNING - Error fetching price for JPY_TRY: 400, {"errorMessage":"Invalid value specified for 'instrument'"}
2025-05-08 09:28:08,637 - ArbitrageTrader - ERROR - Failed to get price for JPY_TRY
2025-05-08 09:28:08,637 - ArbitrageTrader - WARNING - Trade failed: Price data unavailable for JPY_TRY
2025-05-08 09:28:14,642 - ArbitrageTrader - INFO - Strategy adjusted for london_ny_overlap session: profit threshold=0.080%, check interval=1s
2025-05-08 09:28:15,246 - ArbitrageTrader - INFO - Updated 136 exchange rates
2025-05-08 09:28:15,424 - ArbitrageTrader - INFO - Found arbitrage opportunity: 0.4657% profit
2025-05-08 09:28:15,502 - ArbitrageTrader - INFO - Executing arbitrage cycle with expected profit: 0.4657%
2025-05-08 09:28:15,502 - ArbitrageTrader - INFO - Cycle: JPY -> TRY -> USD -> JPY
2025-05-08 09:28:15,617 - ArbitrageTrader - WARNING - Error fetching price for JPY_TRY: 400, {"errorMessage":"Invalid value specified for 'instrument'"}
2025-05-08 09:28:15,618 - ArbitrageTrader - ERROR - Failed to get price for JPY_TRY
2025-05-08 09:28:15,618 - ArbitrageTrader - WARNING - Trade failed: Price data unavailable for JPY_TRY
2025-05-08 09:28:21,624 - ArbitrageTrader - INFO - Strategy adjusted for london_ny_overlap session: profit threshold=0.080%, check interval=1s
2025-05-08 09:28:22,256 - ArbitrageTrader - INFO - Updated 136 exchange rates
2025-05-08 09:28:22,350 - ArbitrageTrader - INFO - Found arbitrage opportunity: 0.4533% profit
2025-05-08 09:28:22,460 - ArbitrageTrader - INFO - Executing arbitrage cycle with expected profit: 0.4533%
2025-05-08 09:28:22,460 - ArbitrageTrader - INFO - Cycle: USD -> JPY -> TRY -> USD
2025-05-08 09:28:22,659 - ArbitrageTrader - INFO - Order placed successfully: USD_JPY, 7212.7879631999995 units
2025-05-08 09:28:22,660 - ArbitrageTrader - INFO - Completed trade: USD -> JPY, Amount: 1042573.93
2025-05-08 09:28:23,073 - ArbitrageTrader - WARNING - Error fetching price for JPY_TRY: 400, {"errorMessage":"Invalid value specified for 'instrument'"}
2025-05-08 09:28:23,075 - ArbitrageTrader - ERROR - Failed to get price for JPY_TRY
2025-05-08 09:28:23,076 - ArbitrageTrader - WARNING - Trade failed: Price data unavailable for JPY_TRY
2025-05-08 09:28:29,080 - ArbitrageTrader - INFO - Strategy adjusted for london_ny_overlap session: profit threshold=0.080%, check interval=1s
2025-05-08 09:28:29,700 - ArbitrageTrader - INFO - Updated 136 exchange rates
2025-05-08 09:28:29,820 - ArbitrageTrader - INFO - Found arbitrage opportunity: 0.4505% profit
2025-05-08 09:28:29,913 - ArbitrageTrader - INFO - Executing arbitrage cycle with expected profit: 0.4505%
2025-05-08 09:28:29,913 - ArbitrageTrader - INFO - Cycle: USD -> JPY -> TRY -> USD
2025-05-08 09:28:30,078 - ArbitrageTrader - INFO - Order placed successfully: USD_JPY, 7212.7879631999995 units
2025-05-08 09:28:30,079 - ArbitrageTrader - ERROR - Invalid execution details for USD_JPY
2025-05-08 09:28:30,079 - ArbitrageTrader - WARNING - Trade failed: Invalid execution details
2025-05-08 09:28:36,084 - ArbitrageTrader - INFO - Strategy adjusted for london_ny_overlap session: profit threshold=0.080%, check interval=1s
2025-05-08 09:28:36,867 - ArbitrageTrader - INFO - Updated 136 exchange rates
2025-05-08 09:28:36,969 - ArbitrageTrader - INFO - Found arbitrage opportunity: 0.4422% profit
2025-05-08 09:28:37,059 - ArbitrageTrader - INFO - Executing arbitrage cycle with expected profit: 0.4422%
2025-05-08 09:28:37,060 - ArbitrageTrader - INFO - Cycle: USD -> JPY -> TRY -> USD
2025-05-08 09:28:37,259 - ArbitrageTrader - INFO - Order placed successfully: USD_JPY, 7212.7879631999995 units
2025-05-08 09:28:37,260 - ArbitrageTrader - ERROR - Invalid execution details for USD_JPY
2025-05-08 09:28:37,260 - ArbitrageTrader - WARNING - Trade failed: Invalid execution details
2025-05-08 09:28:43,261 - ArbitrageTrader - INFO - Strategy adjusted for london_ny_overlap session: profit threshold=0.080%, check interval=1s
2025-05-08 09:28:43,557 - ArbitrageTrader - WARNING - Exception fetching price for TRY_JPY: HTTPSConnectionPool(host='api-fxpractice.oanda.com', port=443): Max retries exceeded with url: /v3/instruments/TRY_JPY/candles?count=1&price=MBA&granularity=S5 (Caused by NewConnectionError('<urllib3.connection.HTTPSConnection object at 0x1023fdd90>: Failed to establish a new connection: [Errno 8] nodename nor servname provided, or not known'))
2025-05-08 09:28:43,848 - ArbitrageTrader - INFO - Updated 134 exchange rates
2025-05-08 09:28:43,943 - ArbitrageTrader - INFO - Found arbitrage opportunity: 0.3171% profit
2025-05-08 09:28:44,032 - ArbitrageTrader - INFO - Executing arbitrage cycle with expected profit: 0.3171%
2025-05-08 09:28:44,032 - ArbitrageTrader - INFO - Cycle: USD -> EUR -> TRY -> USD
2025-05-08 09:28:44,123 - ArbitrageTrader - WARNING - Error fetching price for USD_EUR: 400, {"errorMessage":"Invalid value specified for 'instrument'"}
2025-05-08 09:28:44,124 - ArbitrageTrader - ERROR - Failed to get price for USD_EUR
2025-05-08 09:28:44,124 - ArbitrageTrader - WARNING - Trade failed: Price data unavailable for USD_EUR
2025-05-08 09:28:50,126 - ArbitrageTrader - INFO - Strategy adjusted for london_ny_overlap session: profit threshold=0.080%, check interval=1s
2025-05-08 09:28:50,872 - ArbitrageTrader - INFO - Updated 136 exchange rates
2025-05-08 09:28:51,050 - ArbitrageTrader - INFO - Found arbitrage opportunity: 0.4394% profit
2025-05-08 09:28:51,138 - ArbitrageTrader - INFO - Executing arbitrage cycle with expected profit: 0.4394%
2025-05-08 09:28:51,139 - ArbitrageTrader - INFO - Cycle: USD -> JPY -> TRY -> USD
2025-05-08 09:28:51,323 - ArbitrageTrader - INFO - Order placed successfully: USD_JPY, 7212.7879631999995 units
2025-05-08 09:28:51,324 - ArbitrageTrader - ERROR - Invalid execution details for USD_JPY
2025-05-08 09:28:51,324 - ArbitrageTrader - WARNING - Trade failed: Invalid execution details
2025-05-08 09:28:57,326 - ArbitrageTrader - INFO - Strategy adjusted for london_ny_overlap session: profit threshold=0.080%, check interval=1s
2025-05-08 09:28:57,710 - ArbitrageTrader - WARNING - Error fetching price for CAD_CHF: 502, <html>
<head><title>502 Bad Gateway</title></head>
<body>
<center><h1>502 Bad Gateway</h1></center>
<hr><center>cloudflare</center>
</body>
</html>

2025-05-08 09:28:58,076 - ArbitrageTrader - INFO - Updated 134 exchange rates
2025-05-08 09:28:58,180 - ArbitrageTrader - INFO - Found arbitrage opportunity: 0.4664% profit
2025-05-08 09:28:58,289 - ArbitrageTrader - INFO - Executing arbitrage cycle with expected profit: 0.4664%
2025-05-08 09:28:58,289 - ArbitrageTrader - INFO - Cycle: USD -> JPY -> TRY -> USD
2025-05-08 09:28:58,448 - ArbitrageTrader - INFO - Order placed successfully: USD_JPY, 7212.7879631999995 units
2025-05-08 09:28:58,448 - ArbitrageTrader - ERROR - Invalid execution details for USD_JPY
2025-05-08 09:28:58,448 - ArbitrageTrader - WARNING - Trade failed: Invalid execution details
2025-05-08 09:29:04,453 - ArbitrageTrader - INFO - Strategy adjusted for london_ny_overlap session: profit threshold=0.080%, check interval=1s
2025-05-08 09:29:05,385 - ArbitrageTrader - INFO - Updated 136 exchange rates
2025-05-08 09:29:05,488 - ArbitrageTrader - INFO - Found arbitrage opportunity: 0.4650% profit
2025-05-08 09:29:05,604 - ArbitrageTrader - INFO - Executing arbitrage cycle with expected profit: 0.4650%
2025-05-08 09:29:05,605 - ArbitrageTrader - INFO - Cycle: USD -> JPY -> TRY -> USD
2025-05-08 09:29:05,859 - ArbitrageTrader - INFO - Order placed successfully: USD_JPY, 7212.7879631999995 units
2025-05-08 09:29:05,859 - ArbitrageTrader - ERROR - Invalid execution details for USD_JPY
2025-05-08 09:29:05,859 - ArbitrageTrader - WARNING - Trade failed: Invalid execution details
2025-05-08 09:29:11,865 - ArbitrageTrader - INFO - Strategy adjusted for london_ny_overlap session: profit threshold=0.080%, check interval=1s
2025-05-08 09:29:12,598 - ArbitrageTrader - INFO - Updated 136 exchange rates
2025-05-08 09:29:12,676 - ArbitrageTrader - INFO - Found arbitrage opportunity: 0.4658% profit
2025-05-08 09:29:12,744 - ArbitrageTrader - INFO - Executing arbitrage cycle with expected profit: 0.4658%
2025-05-08 09:29:12,745 - ArbitrageTrader - INFO - Cycle: USD -> JPY -> TRY -> USD
2025-05-08 09:29:12,890 - ArbitrageTrader - INFO - Order placed successfully: USD_JPY, 7212.7879631999995 units
2025-05-08 09:29:12,891 - ArbitrageTrader - ERROR - Invalid execution details for USD_JPY
2025-05-08 09:29:12,891 - ArbitrageTrader - WARNING - Trade failed: Invalid execution details
2025-05-08 09:29:18,893 - ArbitrageTrader - INFO - Strategy adjusted for london_ny_overlap session: profit threshold=0.080%, check interval=1s
2025-05-08 09:29:19,582 - ArbitrageTrader - INFO - Updated 136 exchange rates
2025-05-08 09:29:19,663 - ArbitrageTrader - INFO - Found arbitrage opportunity: 0.4727% profit
2025-05-08 09:29:19,740 - ArbitrageTrader - INFO - Executing arbitrage cycle with expected profit: 0.4727%
2025-05-08 09:29:19,740 - ArbitrageTrader - INFO - Cycle: USD -> JPY -> TRY -> USD
2025-05-08 09:29:19,919 - ArbitrageTrader - INFO - Order placed successfully: USD_JPY, 7212.7879631999995 units
2025-05-08 09:29:19,919 - ArbitrageTrader - ERROR - Invalid execution details for USD_JPY
2025-05-08 09:29:19,919 - ArbitrageTrader - WARNING - Trade failed: Invalid execution details
2025-05-08 09:29:25,923 - ArbitrageTrader - INFO - Strategy adjusted for london_ny_overlap session: profit threshold=0.080%, check interval=1s
2025-05-08 09:29:26,687 - ArbitrageTrader - INFO - Updated 136 exchange rates
2025-05-08 09:29:26,857 - ArbitrageTrader - INFO - Found arbitrage opportunity: 0.4699% profit
2025-05-08 09:29:26,940 - ArbitrageTrader - INFO - Executing arbitrage cycle with expected profit: 0.4699%
2025-05-08 09:29:26,941 - ArbitrageTrader - INFO - Cycle: USD -> JPY -> TRY -> USD
2025-05-08 09:29:27,096 - ArbitrageTrader - INFO - Order placed successfully: USD_JPY, 7212.7879631999995 units
2025-05-08 09:29:27,097 - ArbitrageTrader - ERROR - Invalid execution details for USD_JPY
2025-05-08 09:29:27,097 - ArbitrageTrader - WARNING - Trade failed: Invalid execution details
2025-05-08 09:29:33,099 - ArbitrageTrader - INFO - Strategy adjusted for london_ny_overlap session: profit threshold=0.080%, check interval=1s
2025-05-08 09:29:33,733 - ArbitrageTrader - INFO - Updated 136 exchange rates
2025-05-08 09:29:33,831 - ArbitrageTrader - INFO - Found arbitrage opportunity: 0.4692% profit
2025-05-08 09:29:33,928 - ArbitrageTrader - INFO - Executing arbitrage cycle with expected profit: 0.4692%
2025-05-08 09:29:33,928 - ArbitrageTrader - INFO - Cycle: USD -> JPY -> TRY -> USD
2025-05-08 09:29:34,149 - ArbitrageTrader - INFO - Order placed successfully: USD_JPY, 7212.7879631999995 units
2025-05-08 09:29:34,149 - ArbitrageTrader - ERROR - Invalid execution details for USD_JPY
2025-05-08 09:29:34,149 - ArbitrageTrader - WARNING - Trade failed: Invalid execution details
2025-05-08 09:29:40,152 - ArbitrageTrader - INFO - Strategy adjusted for london_ny_overlap session: profit threshold=0.080%, check interval=1s
2025-05-08 09:29:40,784 - ArbitrageTrader - INFO - Updated 136 exchange rates
2025-05-08 09:29:40,863 - ArbitrageTrader - INFO - Found arbitrage opportunity: 0.4776% profit
2025-05-08 09:29:40,932 - ArbitrageTrader - INFO - Executing arbitrage cycle with expected profit: 0.4776%
2025-05-08 09:29:40,932 - ArbitrageTrader - INFO - Cycle: USD -> JPY -> TRY -> USD
2025-05-08 09:29:41,080 - ArbitrageTrader - INFO - Order placed successfully: USD_JPY, 7212.7879631999995 units
2025-05-08 09:29:41,081 - ArbitrageTrader - ERROR - Invalid execution details for USD_JPY
2025-05-08 09:29:41,081 - ArbitrageTrader - WARNING - Trade failed: Invalid execution details
2025-05-08 09:29:47,086 - ArbitrageTrader - INFO - Strategy adjusted for london_ny_overlap session: profit threshold=0.080%, check interval=1s
2025-05-08 09:29:47,833 - ArbitrageTrader - INFO - Updated 136 exchange rates
2025-05-08 09:29:47,903 - ArbitrageTrader - INFO - Found arbitrage opportunity: 0.4734% profit
2025-05-08 09:29:48,031 - ArbitrageTrader - INFO - Executing arbitrage cycle with expected profit: 0.4734%
2025-05-08 09:29:48,032 - ArbitrageTrader - INFO - Cycle: USD -> JPY -> TRY -> USD
2025-05-08 09:29:48,198 - ArbitrageTrader - INFO - Order placed successfully: USD_JPY, 7212.7879631999995 units
2025-05-08 09:29:48,199 - ArbitrageTrader - ERROR - Invalid execution details for USD_JPY
2025-05-08 09:29:48,199 - ArbitrageTrader - WARNING - Trade failed: Invalid execution details
2025-05-08 09:29:54,205 - ArbitrageTrader - INFO - Strategy adjusted for london_ny_overlap session: profit threshold=0.080%, check interval=1s
2025-05-08 09:30:13,429 - ArbitrageTrader - INFO - Updated 136 exchange rates
2025-05-08 09:30:13,669 - ArbitrageTrader - INFO - Found arbitrage opportunity: 0.4712% profit
2025-05-08 09:30:13,789 - ArbitrageTrader - INFO - Executing arbitrage cycle with expected profit: 0.4712%
2025-05-08 09:30:13,790 - ArbitrageTrader - INFO - Cycle: JPY -> TRY -> USD -> JPY
2025-05-08 09:30:13,892 - ArbitrageTrader - WARNING - Error fetching price for JPY_TRY: 400, {"errorMessage":"Invalid value specified for 'instrument'"}
2025-05-08 09:30:13,893 - ArbitrageTrader - ERROR - Failed to get price for JPY_TRY
2025-05-08 09:30:13,893 - ArbitrageTrader - WARNING - Trade failed: Price data unavailable for JPY_TRY
2025-05-08 09:30:19,897 - ArbitrageTrader - INFO - Strategy adjusted for london_ny_overlap session: profit threshold=0.080%, check interval=1s
2025-05-08 09:30:20,558 - ArbitrageTrader - INFO - Updated 136 exchange rates
2025-05-08 09:30:20,651 - ArbitrageTrader - INFO - Found arbitrage opportunity: 0.4535% profit
2025-05-08 09:30:20,735 - ArbitrageTrader - INFO - Executing arbitrage cycle with expected profit: 0.4535%
2025-05-08 09:30:20,735 - ArbitrageTrader - INFO - Cycle: USD -> JPY -> TRY -> USD
2025-05-08 09:30:20,988 - ArbitrageTrader - INFO - Order placed successfully: USD_JPY, 7212.7879631999995 units
2025-05-08 09:30:20,989 - ArbitrageTrader - ERROR - Invalid execution details for USD_JPY
2025-05-08 09:30:20,989 - ArbitrageTrader - WARNING - Trade failed: Invalid execution details
2025-05-08 09:30:26,995 - ArbitrageTrader - INFO - Strategy adjusted for london_ny_overlap session: profit threshold=0.080%, check interval=1s
2025-05-08 09:30:27,649 - ArbitrageTrader - INFO - Updated 136 exchange rates
2025-05-08 09:30:27,744 - ArbitrageTrader - INFO - Found arbitrage opportunity: 0.4584% profit
2025-05-08 09:30:27,814 - ArbitrageTrader - INFO - Executing arbitrage cycle with expected profit: 0.4584%
2025-05-08 09:30:27,814 - ArbitrageTrader - INFO - Cycle: USD -> JPY -> TRY -> USD
2025-05-08 09:30:28,002 - ArbitrageTrader - INFO - Order placed successfully: USD_JPY, 7212.7879631999995 units
2025-05-08 09:30:28,002 - ArbitrageTrader - ERROR - Invalid execution details for USD_JPY
2025-05-08 09:30:28,003 - ArbitrageTrader - WARNING - Trade failed: Invalid execution details
2025-05-08 09:30:34,003 - ArbitrageTrader - INFO - Strategy adjusted for london_ny_overlap session: profit threshold=0.080%, check interval=1s
2025-05-08 09:30:34,773 - ArbitrageTrader - INFO - Updated 136 exchange rates
2025-05-08 09:30:34,845 - ArbitrageTrader - INFO - Found arbitrage opportunity: 0.4730% profit
2025-05-08 09:30:34,920 - ArbitrageTrader - INFO - Executing arbitrage cycle with expected profit: 0.4730%
2025-05-08 09:30:34,920 - ArbitrageTrader - INFO - Cycle: USD -> JPY -> TRY -> USD
2025-05-08 09:30:35,073 - ArbitrageTrader - INFO - Order placed successfully: USD_JPY, 7212.7879631999995 units
2025-05-08 09:30:35,073 - ArbitrageTrader - ERROR - Invalid execution details for USD_JPY
2025-05-08 09:30:35,073 - ArbitrageTrader - WARNING - Trade failed: Invalid execution details
2025-05-08 09:30:41,074 - ArbitrageTrader - INFO - Strategy adjusted for london_ny_overlap session: profit threshold=0.080%, check interval=1s
2025-05-08 09:30:41,884 - ArbitrageTrader - INFO - Updated 136 exchange rates
2025-05-08 09:30:41,968 - ArbitrageTrader - INFO - Found arbitrage opportunity: 0.4807% profit
2025-05-08 09:30:42,047 - ArbitrageTrader - INFO - Executing arbitrage cycle with expected profit: 0.4807%
2025-05-08 09:30:42,047 - ArbitrageTrader - INFO - Cycle: USD -> JPY -> TRY -> USD
2025-05-08 09:30:42,243 - ArbitrageTrader - INFO - Order placed successfully: USD_JPY, 7212.7879631999995 units
2025-05-08 09:30:42,244 - ArbitrageTrader - ERROR - Invalid execution details for USD_JPY
2025-05-08 09:30:42,244 - ArbitrageTrader - WARNING - Trade failed: Invalid execution details
2025-05-08 09:30:48,250 - ArbitrageTrader - INFO - Strategy adjusted for london_ny_overlap session: profit threshold=0.080%, check interval=1s
2025-05-08 09:30:48,899 - ArbitrageTrader - INFO - Updated 136 exchange rates
2025-05-08 09:30:49,066 - ArbitrageTrader - INFO - Found arbitrage opportunity: 0.4744% profit
2025-05-08 09:30:49,157 - ArbitrageTrader - INFO - Executing arbitrage cycle with expected profit: 0.4744%
2025-05-08 09:30:49,157 - ArbitrageTrader - INFO - Cycle: USD -> JPY -> TRY -> USD
2025-05-08 09:30:49,356 - ArbitrageTrader - INFO - Order placed successfully: USD_JPY, 7212.7879631999995 units
2025-05-08 09:30:49,357 - ArbitrageTrader - ERROR - Invalid execution details for USD_JPY
2025-05-08 09:30:49,357 - ArbitrageTrader - WARNING - Trade failed: Invalid execution details
2025-05-08 09:30:55,362 - ArbitrageTrader - INFO - Strategy adjusted for london_ny_overlap session: profit threshold=0.080%, check interval=1s
2025-05-08 09:30:56,063 - ArbitrageTrader - INFO - Updated 136 exchange rates
2025-05-08 09:30:56,194 - ArbitrageTrader - INFO - Found arbitrage opportunity: 0.4800% profit
2025-05-08 09:30:56,304 - ArbitrageTrader - INFO - Executing arbitrage cycle with expected profit: 0.4800%
2025-05-08 09:30:56,304 - ArbitrageTrader - INFO - Cycle: USD -> JPY -> TRY -> USD
2025-05-08 09:30:56,539 - ArbitrageTrader - INFO - Order placed successfully: USD_JPY, 7212.7879631999995 units
2025-05-08 09:30:56,540 - ArbitrageTrader - ERROR - Invalid execution details for USD_JPY
2025-05-08 09:30:56,540 - ArbitrageTrader - WARNING - Trade failed: Invalid execution details
2025-05-08 09:31:02,541 - ArbitrageTrader - INFO - Strategy adjusted for london_ny_overlap session: profit threshold=0.080%, check interval=1s
2025-05-08 09:31:03,199 - ArbitrageTrader - INFO - Updated 136 exchange rates
2025-05-08 09:31:03,286 - ArbitrageTrader - INFO - Found arbitrage opportunity: 0.4883% profit
2025-05-08 09:31:03,360 - ArbitrageTrader - INFO - Executing arbitrage cycle with expected profit: 0.4883%
2025-05-08 09:31:03,360 - ArbitrageTrader - INFO - Cycle: USD -> JPY -> TRY -> USD
2025-05-08 09:31:03,496 - ArbitrageTrader - INFO - Order placed successfully: USD_JPY, 7212.7879631999995 units
2025-05-08 09:31:03,497 - ArbitrageTrader - ERROR - Invalid execution details for USD_JPY
2025-05-08 09:31:03,497 - ArbitrageTrader - WARNING - Trade failed: Invalid execution details
2025-05-08 09:31:09,500 - ArbitrageTrader - INFO - Strategy adjusted for london_ny_overlap session: profit threshold=0.080%, check interval=1s
2025-05-08 09:31:10,257 - ArbitrageTrader - INFO - Updated 136 exchange rates
2025-05-08 09:31:10,323 - ArbitrageTrader - INFO - Found arbitrage opportunity: 0.4683% profit
2025-05-08 09:31:10,382 - ArbitrageTrader - INFO - Executing arbitrage cycle with expected profit: 0.4683%
2025-05-08 09:31:10,382 - ArbitrageTrader - INFO - Cycle: USD -> JPY -> TRY -> USD
2025-05-08 09:31:10,530 - ArbitrageTrader - INFO - Order placed successfully: USD_JPY, 7212.7879631999995 units
2025-05-08 09:31:10,531 - ArbitrageTrader - INFO - Completed trade: USD -> JPY, Amount: 1042732.60
2025-05-08 09:31:10,627 - ArbitrageTrader - WARNING - Error fetching price for JPY_TRY: 400, {"errorMessage":"Invalid value specified for 'instrument'"}
2025-05-08 09:31:10,627 - ArbitrageTrader - ERROR - Failed to get price for JPY_TRY
2025-05-08 09:31:10,627 - ArbitrageTrader - WARNING - Trade failed: Price data unavailable for JPY_TRY
2025-05-08 09:31:16,632 - ArbitrageTrader - INFO - Strategy adjusted for london_ny_overlap session: profit threshold=0.080%, check interval=1s
2025-05-08 09:31:17,397 - ArbitrageTrader - INFO - Updated 136 exchange rates
2025-05-08 09:31:17,459 - ArbitrageTrader - INFO - Found arbitrage opportunity: 0.4704% profit
2025-05-08 09:31:17,522 - ArbitrageTrader - INFO - Executing arbitrage cycle with expected profit: 0.4704%
2025-05-08 09:31:17,522 - ArbitrageTrader - INFO - Cycle: USD -> JPY -> TRY -> USD
2025-05-08 09:31:17,638 - ArbitrageTrader - INFO - Order placed successfully: USD_JPY, 7212.7879631999995 units
2025-05-08 09:31:17,640 - ArbitrageTrader - ERROR - Invalid execution details for USD_JPY
2025-05-08 09:31:17,641 - ArbitrageTrader - WARNING - Trade failed: Invalid execution details
2025-05-08 09:31:23,645 - ArbitrageTrader - INFO - Strategy adjusted for london_ny_overlap session: profit threshold=0.080%, check interval=1s
2025-05-08 09:31:43,102 - ArbitrageTrader - INFO - Arbitrage trading stopped by user
2025-05-08 09:31:43,172 - ArbitrageTrader - INFO - Trading session complete. Final balance: 100177.6106
2025-05-08 09:31:43,173 - ArbitrageTrader - INFO - Total profit/loss: 0.0 (0.00%)
2025-05-08 09:31:43,173 - ArbitrageTrader - INFO - Performance data saved to ./data/performance_20250508_093143.json
2025-05-08 09:31:43,174 - ArbitrageTrader - INFO - Performance report saved to ./data/summary_20250508_093143.txt
