2025-05-08 09:38:30,665 - ArbitrageTrader - INFO - Logging initialized at 20250508_093830
2025-05-08 09:38:30,665 - ArbitrageTrader - INFO - Log file: ./logs/arbitrage_20250508_093830.log
2025-05-08 09:38:30,666 - ArbitrageTrader - INFO - Loaded configuration from config.json
2025-05-08 09:38:30,666 - ArbitrageTrader - INFO - OANDA Arbitrage Trading System
2025-05-08 09:38:30,666 - ArbitrageTrader - INFO - ----------------------------------------
2025-05-08 09:38:30,666 - ArbitrageTrader - INFO - Starting time: 2025-05-08 09:38:30.666185
2025-05-08 09:38:30,666 - ArbitrageTrader - INFO - Mode: Live trading
2025-05-08 09:38:30,666 - ArbitrageTrader - INFO - Environment: Practice
2025-05-08 09:38:30,666 - ArbitrageTrader - INFO - Check interval: 3 seconds
2025-05-08 09:38:30,666 - ArbitrageTrader - INFO - ----------------------------------------
2025-05-08 09:38:30,828 - ArbitrageTrader - INFO - Found 21 unique currencies
2025-05-08 09:38:30,828 - ArbitrageTrader - WARNING - Currency pair USD_EUR not supported by OANDA - excluding from monitoring
2025-05-08 09:38:30,828 - ArbitrageTrader - WARNING - Currency pair JPY_USD not supported by OANDA - excluding from monitoring
2025-05-08 09:38:30,828 - ArbitrageTrader - WARNING - Currency pair USD_GBP not supported by OANDA - excluding from monitoring
2025-05-08 09:38:30,828 - ArbitrageTrader - WARNING - Currency pair CHF_USD not supported by OANDA - excluding from monitoring
2025-05-08 09:38:30,828 - ArbitrageTrader - WARNING - Currency pair CAD_USD not supported by OANDA - excluding from monitoring
2025-05-08 09:38:30,828 - ArbitrageTrader - WARNING - Currency pair USD_AUD not supported by OANDA - excluding from monitoring
2025-05-08 09:38:30,828 - ArbitrageTrader - WARNING - Currency pair USD_NZD not supported by OANDA - excluding from monitoring
2025-05-08 09:38:30,828 - ArbitrageTrader - WARNING - Currency pair GBP_EUR not supported by OANDA - excluding from monitoring
2025-05-08 09:38:30,828 - ArbitrageTrader - WARNING - Currency pair JPY_EUR not supported by OANDA - excluding from monitoring
2025-05-08 09:38:30,828 - ArbitrageTrader - WARNING - Currency pair CHF_EUR not supported by OANDA - excluding from monitoring
2025-05-08 09:38:30,828 - ArbitrageTrader - WARNING - Currency pair CAD_EUR not supported by OANDA - excluding from monitoring
2025-05-08 09:38:30,828 - ArbitrageTrader - WARNING - Currency pair AUD_EUR not supported by OANDA - excluding from monitoring
2025-05-08 09:38:30,828 - ArbitrageTrader - WARNING - Currency pair NZD_EUR not supported by OANDA - excluding from monitoring
2025-05-08 09:38:30,829 - ArbitrageTrader - WARNING - Currency pair JPY_GBP not supported by OANDA - excluding from monitoring
2025-05-08 09:38:30,829 - ArbitrageTrader - WARNING - Currency pair CHF_GBP not supported by OANDA - excluding from monitoring
2025-05-08 09:38:30,829 - ArbitrageTrader - WARNING - Currency pair CAD_GBP not supported by OANDA - excluding from monitoring
2025-05-08 09:38:30,829 - ArbitrageTrader - WARNING - Currency pair AUD_GBP not supported by OANDA - excluding from monitoring
2025-05-08 09:38:30,829 - ArbitrageTrader - WARNING - Currency pair NZD_GBP not supported by OANDA - excluding from monitoring
2025-05-08 09:38:30,829 - ArbitrageTrader - WARNING - Currency pair JPY_CHF not supported by OANDA - excluding from monitoring
2025-05-08 09:38:30,829 - ArbitrageTrader - WARNING - Currency pair JPY_CAD not supported by OANDA - excluding from monitoring
2025-05-08 09:38:30,829 - ArbitrageTrader - WARNING - Currency pair JPY_AUD not supported by OANDA - excluding from monitoring
2025-05-08 09:38:30,829 - ArbitrageTrader - WARNING - Currency pair JPY_NZD not supported by OANDA - excluding from monitoring
2025-05-08 09:38:30,829 - ArbitrageTrader - WARNING - Currency pair CHF_CAD not supported by OANDA - excluding from monitoring
2025-05-08 09:38:30,829 - ArbitrageTrader - WARNING - Currency pair CHF_AUD not supported by OANDA - excluding from monitoring
2025-05-08 09:38:30,829 - ArbitrageTrader - WARNING - Currency pair CHF_NZD not supported by OANDA - excluding from monitoring
2025-05-08 09:38:30,829 - ArbitrageTrader - WARNING - Currency pair CAD_AUD not supported by OANDA - excluding from monitoring
2025-05-08 09:38:30,829 - ArbitrageTrader - WARNING - Currency pair CAD_NZD not supported by OANDA - excluding from monitoring
2025-05-08 09:38:30,829 - ArbitrageTrader - WARNING - Currency pair NZD_AUD not supported by OANDA - excluding from monitoring
2025-05-08 09:38:30,908 - ArbitrageTrader - INFO - OANDA Arbitrage Trader initialized in practice mode
2025-05-08 09:38:30,908 - ArbitrageTrader - INFO - Account ID: 101-001-31395009-001
2025-05-08 09:38:30,908 - ArbitrageTrader - INFO - Starting balance: 100177.6106
2025-05-08 09:38:30,908 - ArbitrageTrader - INFO - Monitoring 68 valid currency pairs
2025-05-08 09:38:31,009 - ArbitrageTrader - INFO - Starting arbitrage trading system with check interval 3s
2025-05-08 09:38:31,093 - ArbitrageTrader - INFO - Initial account balance: 100177.6106
2025-05-08 09:38:31,094 - ArbitrageTrader - INFO - LIVE MODE: Executing real trades
2025-05-08 09:38:31,094 - ArbitrageTrader - INFO - Strategy adjusted for london_ny_overlap session: profit threshold=0.080%, check interval=1s
2025-05-08 09:38:31,796 - ArbitrageTrader - INFO - Updated 136 exchange rates
2025-05-08 09:38:31,875 - ArbitrageTrader - INFO - No profitable arbitrage opportunities found
2025-05-08 09:38:34,881 - ArbitrageTrader - INFO - Strategy adjusted for london_ny_overlap session: profit threshold=0.080%, check interval=1s
2025-05-08 09:38:35,588 - ArbitrageTrader - INFO - Updated 136 exchange rates
2025-05-08 09:38:35,687 - ArbitrageTrader - INFO - No profitable arbitrage opportunities found
2025-05-08 09:38:38,693 - ArbitrageTrader - INFO - Strategy adjusted for london_ny_overlap session: profit threshold=0.080%, check interval=1s
2025-05-08 09:38:39,520 - ArbitrageTrader - INFO - Updated 136 exchange rates
2025-05-08 09:38:39,597 - ArbitrageTrader - INFO - No profitable arbitrage opportunities found
2025-05-08 09:38:42,603 - ArbitrageTrader - INFO - Strategy adjusted for london_ny_overlap session: profit threshold=0.080%, check interval=1s
2025-05-08 09:38:43,294 - ArbitrageTrader - INFO - Updated 136 exchange rates
2025-05-08 09:38:43,399 - ArbitrageTrader - INFO - No profitable arbitrage opportunities found
2025-05-08 09:38:46,402 - ArbitrageTrader - INFO - Strategy adjusted for london_ny_overlap session: profit threshold=0.080%, check interval=1s
2025-05-08 09:38:46,979 - ArbitrageTrader - INFO - Updated 136 exchange rates
2025-05-08 09:38:47,057 - ArbitrageTrader - INFO - No profitable arbitrage opportunities found
2025-05-08 09:38:50,061 - ArbitrageTrader - INFO - Strategy adjusted for london_ny_overlap session: profit threshold=0.080%, check interval=1s
2025-05-08 09:38:50,760 - ArbitrageTrader - INFO - Updated 136 exchange rates
2025-05-08 09:38:50,837 - ArbitrageTrader - INFO - No profitable arbitrage opportunities found
2025-05-08 09:38:53,842 - ArbitrageTrader - INFO - Strategy adjusted for london_ny_overlap session: profit threshold=0.080%, check interval=1s
2025-05-08 09:38:54,458 - ArbitrageTrader - INFO - Updated 136 exchange rates
2025-05-08 09:38:54,543 - ArbitrageTrader - INFO - No profitable arbitrage opportunities found
2025-05-08 09:38:57,546 - ArbitrageTrader - INFO - Strategy adjusted for london_ny_overlap session: profit threshold=0.080%, check interval=1s
2025-05-08 09:38:58,362 - ArbitrageTrader - INFO - Updated 136 exchange rates
2025-05-08 09:38:58,437 - ArbitrageTrader - INFO - No profitable arbitrage opportunities found
2025-05-08 09:39:01,442 - ArbitrageTrader - INFO - Strategy adjusted for london_ny_overlap session: profit threshold=0.080%, check interval=1s
2025-05-08 09:39:02,089 - ArbitrageTrader - INFO - Updated 136 exchange rates
2025-05-08 09:39:02,289 - ArbitrageTrader - INFO - No profitable arbitrage opportunities found
2025-05-08 09:39:05,291 - ArbitrageTrader - INFO - Strategy adjusted for london_ny_overlap session: profit threshold=0.080%, check interval=1s
2025-05-08 09:39:05,910 - ArbitrageTrader - INFO - Updated 136 exchange rates
2025-05-08 09:39:06,006 - ArbitrageTrader - INFO - No profitable arbitrage opportunities found
2025-05-08 09:39:09,012 - ArbitrageTrader - INFO - Strategy adjusted for london_ny_overlap session: profit threshold=0.080%, check interval=1s
2025-05-08 09:39:10,050 - ArbitrageTrader - INFO - Updated 136 exchange rates
2025-05-08 09:39:10,121 - ArbitrageTrader - INFO - No profitable arbitrage opportunities found
2025-05-08 09:39:13,124 - ArbitrageTrader - INFO - Strategy adjusted for london_ny_overlap session: profit threshold=0.080%, check interval=1s
2025-05-08 09:39:13,737 - ArbitrageTrader - INFO - Updated 136 exchange rates
2025-05-08 09:39:13,822 - ArbitrageTrader - INFO - No profitable arbitrage opportunities found
2025-05-08 09:39:16,826 - ArbitrageTrader - INFO - Strategy adjusted for london_ny_overlap session: profit threshold=0.080%, check interval=1s
2025-05-08 09:39:17,485 - ArbitrageTrader - INFO - Updated 136 exchange rates
2025-05-08 09:39:17,553 - ArbitrageTrader - INFO - No profitable arbitrage opportunities found
2025-05-08 09:39:20,559 - ArbitrageTrader - INFO - Strategy adjusted for london_ny_overlap session: profit threshold=0.080%, check interval=1s
2025-05-08 09:39:21,227 - ArbitrageTrader - INFO - Updated 136 exchange rates
2025-05-08 09:39:21,310 - ArbitrageTrader - INFO - No profitable arbitrage opportunities found
2025-05-08 09:39:24,313 - ArbitrageTrader - INFO - Strategy adjusted for london_ny_overlap session: profit threshold=0.080%, check interval=1s
2025-05-08 09:39:24,885 - ArbitrageTrader - INFO - Updated 136 exchange rates
2025-05-08 09:39:24,965 - ArbitrageTrader - INFO - No profitable arbitrage opportunities found
2025-05-08 09:39:27,965 - ArbitrageTrader - INFO - Strategy adjusted for london_ny_overlap session: profit threshold=0.080%, check interval=1s
2025-05-08 09:39:28,565 - ArbitrageTrader - INFO - Updated 136 exchange rates
2025-05-08 09:39:28,628 - ArbitrageTrader - INFO - No profitable arbitrage opportunities found
2025-05-08 09:39:31,633 - ArbitrageTrader - INFO - Strategy adjusted for london_ny_overlap session: profit threshold=0.080%, check interval=1s
2025-05-08 09:39:32,261 - ArbitrageTrader - INFO - Updated 136 exchange rates
2025-05-08 09:39:32,418 - ArbitrageTrader - INFO - No profitable arbitrage opportunities found
2025-05-08 09:39:35,423 - ArbitrageTrader - INFO - Strategy adjusted for london_ny_overlap session: profit threshold=0.080%, check interval=1s
2025-05-08 09:39:36,094 - ArbitrageTrader - INFO - Updated 136 exchange rates
2025-05-08 09:39:36,175 - ArbitrageTrader - INFO - No profitable arbitrage opportunities found
2025-05-08 09:39:39,180 - ArbitrageTrader - INFO - Strategy adjusted for london_ny_overlap session: profit threshold=0.080%, check interval=1s
2025-05-08 09:39:39,775 - ArbitrageTrader - INFO - Updated 136 exchange rates
2025-05-08 09:39:39,838 - ArbitrageTrader - INFO - No profitable arbitrage opportunities found
2025-05-08 09:39:42,839 - ArbitrageTrader - INFO - Strategy adjusted for london_ny_overlap session: profit threshold=0.080%, check interval=1s
2025-05-08 09:39:43,546 - ArbitrageTrader - INFO - Updated 136 exchange rates
2025-05-08 09:39:43,623 - ArbitrageTrader - INFO - No profitable arbitrage opportunities found
2025-05-08 09:39:46,624 - ArbitrageTrader - INFO - Strategy adjusted for london_ny_overlap session: profit threshold=0.080%, check interval=1s
2025-05-08 09:39:47,366 - ArbitrageTrader - INFO - Updated 136 exchange rates
2025-05-08 09:39:47,437 - ArbitrageTrader - INFO - No profitable arbitrage opportunities found
2025-05-08 09:39:50,438 - ArbitrageTrader - INFO - Strategy adjusted for london_ny_overlap session: profit threshold=0.080%, check interval=1s
2025-05-08 09:39:51,194 - ArbitrageTrader - INFO - Updated 136 exchange rates
2025-05-08 09:39:51,267 - ArbitrageTrader - INFO - No profitable arbitrage opportunities found
2025-05-08 09:39:54,272 - ArbitrageTrader - INFO - Strategy adjusted for london_ny_overlap session: profit threshold=0.080%, check interval=1s
2025-05-08 09:39:54,841 - ArbitrageTrader - INFO - Updated 136 exchange rates
2025-05-08 09:39:54,937 - ArbitrageTrader - INFO - No profitable arbitrage opportunities found
2025-05-08 09:39:57,941 - ArbitrageTrader - INFO - Strategy adjusted for london_ny_overlap session: profit threshold=0.080%, check interval=1s
2025-05-08 09:39:58,623 - ArbitrageTrader - INFO - Updated 136 exchange rates
2025-05-08 09:39:58,693 - ArbitrageTrader - INFO - No profitable arbitrage opportunities found
2025-05-08 09:40:01,696 - ArbitrageTrader - INFO - Strategy adjusted for london_ny_overlap session: profit threshold=0.080%, check interval=1s
2025-05-08 09:40:02,305 - ArbitrageTrader - INFO - Updated 136 exchange rates
2025-05-08 09:40:02,498 - ArbitrageTrader - INFO - No profitable arbitrage opportunities found
2025-05-08 09:40:05,503 - ArbitrageTrader - INFO - Strategy adjusted for london_ny_overlap session: profit threshold=0.080%, check interval=1s
2025-05-08 09:40:24,580 - ArbitrageTrader - INFO - Updated 136 exchange rates
2025-05-08 09:40:24,663 - ArbitrageTrader - INFO - No profitable arbitrage opportunities found
2025-05-08 09:40:27,665 - ArbitrageTrader - INFO - Strategy adjusted for london_ny_overlap session: profit threshold=0.080%, check interval=1s
2025-05-08 09:40:28,359 - ArbitrageTrader - INFO - Updated 136 exchange rates
2025-05-08 09:40:28,432 - ArbitrageTrader - INFO - No profitable arbitrage opportunities found
2025-05-08 09:40:31,437 - ArbitrageTrader - INFO - Strategy adjusted for london_ny_overlap session: profit threshold=0.080%, check interval=1s
2025-05-08 09:40:32,228 - ArbitrageTrader - INFO - Updated 136 exchange rates
2025-05-08 09:40:32,301 - ArbitrageTrader - INFO - No profitable arbitrage opportunities found
2025-05-08 09:40:35,306 - ArbitrageTrader - INFO - Strategy adjusted for london_ny_overlap session: profit threshold=0.080%, check interval=1s
2025-05-08 09:40:35,983 - ArbitrageTrader - INFO - Updated 136 exchange rates
2025-05-08 09:40:36,228 - ArbitrageTrader - INFO - No profitable arbitrage opportunities found
2025-05-08 09:40:39,233 - ArbitrageTrader - INFO - Strategy adjusted for london_ny_overlap session: profit threshold=0.080%, check interval=1s
2025-05-08 09:40:39,896 - ArbitrageTrader - INFO - Updated 136 exchange rates
2025-05-08 09:40:39,958 - ArbitrageTrader - INFO - No profitable arbitrage opportunities found
2025-05-08 09:40:42,964 - ArbitrageTrader - INFO - Strategy adjusted for london_ny_overlap session: profit threshold=0.080%, check interval=1s
2025-05-08 09:40:43,561 - ArbitrageTrader - INFO - Updated 136 exchange rates
2025-05-08 09:40:43,631 - ArbitrageTrader - INFO - No profitable arbitrage opportunities found
2025-05-08 09:40:46,639 - ArbitrageTrader - INFO - Strategy adjusted for london_ny_overlap session: profit threshold=0.080%, check interval=1s
2025-05-08 09:40:47,216 - ArbitrageTrader - INFO - Updated 136 exchange rates
2025-05-08 09:40:47,289 - ArbitrageTrader - INFO - No profitable arbitrage opportunities found
2025-05-08 09:40:50,294 - ArbitrageTrader - INFO - Strategy adjusted for london_ny_overlap session: profit threshold=0.080%, check interval=1s
2025-05-08 09:40:50,998 - ArbitrageTrader - INFO - Updated 136 exchange rates
2025-05-08 09:40:51,064 - ArbitrageTrader - INFO - No profitable arbitrage opportunities found
2025-05-08 09:40:54,071 - ArbitrageTrader - INFO - Strategy adjusted for london_ny_overlap session: profit threshold=0.080%, check interval=1s
2025-05-08 09:40:54,641 - ArbitrageTrader - INFO - Updated 136 exchange rates
2025-05-08 09:40:54,712 - ArbitrageTrader - INFO - No profitable arbitrage opportunities found
2025-05-08 09:40:57,717 - ArbitrageTrader - INFO - Strategy adjusted for london_ny_overlap session: profit threshold=0.080%, check interval=1s
2025-05-08 09:40:58,450 - ArbitrageTrader - INFO - Updated 136 exchange rates
2025-05-08 09:40:58,525 - ArbitrageTrader - INFO - No profitable arbitrage opportunities found
2025-05-08 09:41:01,530 - ArbitrageTrader - INFO - Strategy adjusted for london_ny_overlap session: profit threshold=0.080%, check interval=1s
2025-05-08 09:41:02,226 - ArbitrageTrader - INFO - Updated 136 exchange rates
2025-05-08 09:41:02,317 - ArbitrageTrader - INFO - No profitable arbitrage opportunities found
2025-05-08 09:41:05,321 - ArbitrageTrader - INFO - Strategy adjusted for london_ny_overlap session: profit threshold=0.080%, check interval=1s
2025-05-08 09:41:06,033 - ArbitrageTrader - INFO - Updated 136 exchange rates
2025-05-08 09:41:06,188 - ArbitrageTrader - INFO - No profitable arbitrage opportunities found
2025-05-08 09:41:09,193 - ArbitrageTrader - INFO - Strategy adjusted for london_ny_overlap session: profit threshold=0.080%, check interval=1s
2025-05-08 09:41:10,051 - ArbitrageTrader - INFO - Updated 136 exchange rates
2025-05-08 09:41:10,122 - ArbitrageTrader - INFO - No profitable arbitrage opportunities found
2025-05-08 09:41:13,124 - ArbitrageTrader - INFO - Strategy adjusted for london_ny_overlap session: profit threshold=0.080%, check interval=1s
2025-05-08 09:41:13,783 - ArbitrageTrader - INFO - Updated 136 exchange rates
2025-05-08 09:41:13,863 - ArbitrageTrader - INFO - No profitable arbitrage opportunities found
2025-05-08 09:41:16,868 - ArbitrageTrader - INFO - Strategy adjusted for london_ny_overlap session: profit threshold=0.080%, check interval=1s
2025-05-08 09:41:17,479 - ArbitrageTrader - INFO - Updated 136 exchange rates
2025-05-08 09:41:17,546 - ArbitrageTrader - INFO - No profitable arbitrage opportunities found
2025-05-08 09:41:20,552 - ArbitrageTrader - INFO - Strategy adjusted for london_ny_overlap session: profit threshold=0.080%, check interval=1s
2025-05-08 09:41:21,327 - ArbitrageTrader - INFO - Updated 136 exchange rates
2025-05-08 09:41:21,467 - ArbitrageTrader - INFO - No profitable arbitrage opportunities found
2025-05-08 09:41:24,469 - ArbitrageTrader - INFO - Strategy adjusted for london_ny_overlap session: profit threshold=0.080%, check interval=1s
2025-05-08 09:41:25,150 - ArbitrageTrader - INFO - Updated 136 exchange rates
2025-05-08 09:41:25,222 - ArbitrageTrader - INFO - No profitable arbitrage opportunities found
2025-05-08 09:41:28,227 - ArbitrageTrader - INFO - Strategy adjusted for london_ny_overlap session: profit threshold=0.080%, check interval=1s
2025-05-08 09:41:28,870 - ArbitrageTrader - INFO - Updated 136 exchange rates
2025-05-08 09:41:28,935 - ArbitrageTrader - INFO - No profitable arbitrage opportunities found
2025-05-08 09:41:31,940 - ArbitrageTrader - INFO - Strategy adjusted for london_ny_overlap session: profit threshold=0.080%, check interval=1s
2025-05-08 09:41:32,591 - ArbitrageTrader - INFO - Updated 136 exchange rates
2025-05-08 09:41:32,669 - ArbitrageTrader - INFO - No profitable arbitrage opportunities found
2025-05-08 09:41:35,674 - ArbitrageTrader - INFO - Strategy adjusted for london_ny_overlap session: profit threshold=0.080%, check interval=1s
2025-05-08 09:41:36,329 - ArbitrageTrader - INFO - Updated 136 exchange rates
2025-05-08 09:41:36,466 - ArbitrageTrader - INFO - No profitable arbitrage opportunities found
2025-05-08 09:41:39,470 - ArbitrageTrader - INFO - Strategy adjusted for london_ny_overlap session: profit threshold=0.080%, check interval=1s
2025-05-08 09:41:40,194 - ArbitrageTrader - INFO - Updated 136 exchange rates
2025-05-08 09:41:40,281 - ArbitrageTrader - INFO - No profitable arbitrage opportunities found
2025-05-08 09:41:43,286 - ArbitrageTrader - INFO - Strategy adjusted for london_ny_overlap session: profit threshold=0.080%, check interval=1s
2025-05-08 09:41:43,943 - ArbitrageTrader - INFO - Updated 136 exchange rates
2025-05-08 09:41:44,079 - ArbitrageTrader - INFO - No profitable arbitrage opportunities found
2025-05-08 09:41:47,090 - ArbitrageTrader - INFO - Strategy adjusted for london_ny_overlap session: profit threshold=0.080%, check interval=1s
2025-05-08 09:41:47,900 - ArbitrageTrader - INFO - Updated 136 exchange rates
2025-05-08 09:41:47,985 - ArbitrageTrader - INFO - No profitable arbitrage opportunities found
2025-05-08 09:41:50,990 - ArbitrageTrader - INFO - Strategy adjusted for london_ny_overlap session: profit threshold=0.080%, check interval=1s
2025-05-08 09:41:51,650 - ArbitrageTrader - INFO - Updated 136 exchange rates
2025-05-08 09:41:51,712 - ArbitrageTrader - INFO - No profitable arbitrage opportunities found
2025-05-08 09:41:54,716 - ArbitrageTrader - INFO - Strategy adjusted for london_ny_overlap session: profit threshold=0.080%, check interval=1s
2025-05-08 09:41:55,414 - ArbitrageTrader - INFO - Updated 136 exchange rates
2025-05-08 09:41:55,477 - ArbitrageTrader - INFO - No profitable arbitrage opportunities found
2025-05-08 09:41:58,478 - ArbitrageTrader - INFO - Strategy adjusted for london_ny_overlap session: profit threshold=0.080%, check interval=1s
2025-05-08 09:41:59,043 - ArbitrageTrader - INFO - Updated 136 exchange rates
2025-05-08 09:41:59,144 - ArbitrageTrader - INFO - No profitable arbitrage opportunities found
2025-05-08 09:42:02,149 - ArbitrageTrader - INFO - Strategy adjusted for london_ny_overlap session: profit threshold=0.080%, check interval=1s
2025-05-08 09:42:02,781 - ArbitrageTrader - INFO - Updated 136 exchange rates
2025-05-08 09:42:02,854 - ArbitrageTrader - INFO - No profitable arbitrage opportunities found
2025-05-08 09:42:05,856 - ArbitrageTrader - INFO - Strategy adjusted for london_ny_overlap session: profit threshold=0.080%, check interval=1s
2025-05-08 09:42:06,554 - ArbitrageTrader - INFO - Updated 136 exchange rates
2025-05-08 09:42:06,711 - ArbitrageTrader - INFO - No profitable arbitrage opportunities found
2025-05-08 09:42:09,714 - ArbitrageTrader - INFO - Strategy adjusted for london_ny_overlap session: profit threshold=0.080%, check interval=1s
2025-05-08 09:42:10,283 - ArbitrageTrader - INFO - Updated 136 exchange rates
2025-05-08 09:42:10,350 - ArbitrageTrader - INFO - No profitable arbitrage opportunities found
2025-05-08 09:42:13,352 - ArbitrageTrader - INFO - Strategy adjusted for london_ny_overlap session: profit threshold=0.080%, check interval=1s
2025-05-08 09:42:14,053 - ArbitrageTrader - INFO - Updated 136 exchange rates
2025-05-08 09:42:14,138 - ArbitrageTrader - INFO - No profitable arbitrage opportunities found
2025-05-08 09:42:17,143 - ArbitrageTrader - INFO - Strategy adjusted for london_ny_overlap session: profit threshold=0.080%, check interval=1s
2025-05-08 09:42:17,885 - ArbitrageTrader - INFO - Updated 136 exchange rates
2025-05-08 09:42:17,953 - ArbitrageTrader - INFO - No profitable arbitrage opportunities found
2025-05-08 09:42:20,958 - ArbitrageTrader - INFO - Strategy adjusted for london_ny_overlap session: profit threshold=0.080%, check interval=1s
2025-05-08 09:42:21,705 - ArbitrageTrader - INFO - Updated 136 exchange rates
2025-05-08 09:42:21,771 - ArbitrageTrader - INFO - No profitable arbitrage opportunities found
2025-05-08 09:42:24,776 - ArbitrageTrader - INFO - Strategy adjusted for london_ny_overlap session: profit threshold=0.080%, check interval=1s
2025-05-08 09:42:25,434 - ArbitrageTrader - INFO - Updated 136 exchange rates
2025-05-08 09:42:25,508 - ArbitrageTrader - INFO - No profitable arbitrage opportunities found
2025-05-08 09:42:28,513 - ArbitrageTrader - INFO - Strategy adjusted for london_ny_overlap session: profit threshold=0.080%, check interval=1s
2025-05-08 09:42:29,302 - ArbitrageTrader - INFO - Updated 136 exchange rates
2025-05-08 09:42:29,383 - ArbitrageTrader - INFO - No profitable arbitrage opportunities found
2025-05-08 09:42:32,388 - ArbitrageTrader - INFO - Strategy adjusted for london_ny_overlap session: profit threshold=0.080%, check interval=1s
2025-05-08 09:42:32,948 - ArbitrageTrader - INFO - Updated 136 exchange rates
2025-05-08 09:42:33,037 - ArbitrageTrader - INFO - No profitable arbitrage opportunities found
2025-05-08 09:42:36,042 - ArbitrageTrader - INFO - Strategy adjusted for london_ny_overlap session: profit threshold=0.080%, check interval=1s
2025-05-08 09:42:36,779 - ArbitrageTrader - INFO - Updated 136 exchange rates
2025-05-08 09:42:36,942 - ArbitrageTrader - INFO - No profitable arbitrage opportunities found
2025-05-08 09:42:39,947 - ArbitrageTrader - INFO - Strategy adjusted for london_ny_overlap session: profit threshold=0.080%, check interval=1s
2025-05-08 09:42:40,553 - ArbitrageTrader - INFO - Updated 136 exchange rates
2025-05-08 09:42:40,627 - ArbitrageTrader - INFO - No profitable arbitrage opportunities found
2025-05-08 09:42:43,631 - ArbitrageTrader - INFO - Strategy adjusted for london_ny_overlap session: profit threshold=0.080%, check interval=1s
2025-05-08 09:42:44,295 - ArbitrageTrader - INFO - Updated 136 exchange rates
2025-05-08 09:42:44,362 - ArbitrageTrader - INFO - No profitable arbitrage opportunities found
2025-05-08 09:42:47,381 - ArbitrageTrader - INFO - Strategy adjusted for london_ny_overlap session: profit threshold=0.080%, check interval=1s
2025-05-08 09:42:47,962 - ArbitrageTrader - INFO - Updated 136 exchange rates
2025-05-08 09:42:48,051 - ArbitrageTrader - INFO - No profitable arbitrage opportunities found
2025-05-08 09:42:51,056 - ArbitrageTrader - INFO - Strategy adjusted for london_ny_overlap session: profit threshold=0.080%, check interval=1s
2025-05-08 09:42:51,746 - ArbitrageTrader - INFO - Updated 136 exchange rates
2025-05-08 09:42:51,839 - ArbitrageTrader - INFO - No profitable arbitrage opportunities found
2025-05-08 09:42:54,844 - ArbitrageTrader - INFO - Strategy adjusted for london_ny_overlap session: profit threshold=0.080%, check interval=1s
2025-05-08 09:42:55,459 - ArbitrageTrader - INFO - Updated 136 exchange rates
2025-05-08 09:42:55,523 - ArbitrageTrader - INFO - No profitable arbitrage opportunities found
2025-05-08 09:42:58,527 - ArbitrageTrader - INFO - Strategy adjusted for london_ny_overlap session: profit threshold=0.080%, check interval=1s
2025-05-08 09:42:59,333 - ArbitrageTrader - INFO - Updated 136 exchange rates
2025-05-08 09:42:59,429 - ArbitrageTrader - INFO - No profitable arbitrage opportunities found
2025-05-08 09:43:02,434 - ArbitrageTrader - INFO - Strategy adjusted for london_ny_overlap session: profit threshold=0.080%, check interval=1s
2025-05-08 09:43:02,995 - ArbitrageTrader - INFO - Updated 136 exchange rates
2025-05-08 09:43:03,079 - ArbitrageTrader - INFO - No profitable arbitrage opportunities found
2025-05-08 09:43:06,085 - ArbitrageTrader - INFO - Strategy adjusted for london_ny_overlap session: profit threshold=0.080%, check interval=1s
2025-05-08 09:43:06,888 - ArbitrageTrader - INFO - Updated 136 exchange rates
2025-05-08 09:43:07,071 - ArbitrageTrader - INFO - No profitable arbitrage opportunities found
2025-05-08 09:43:10,076 - ArbitrageTrader - INFO - Strategy adjusted for london_ny_overlap session: profit threshold=0.080%, check interval=1s
2025-05-08 09:43:10,827 - ArbitrageTrader - INFO - Updated 136 exchange rates
2025-05-08 09:43:10,891 - ArbitrageTrader - INFO - No profitable arbitrage opportunities found
2025-05-08 09:43:13,897 - ArbitrageTrader - INFO - Strategy adjusted for london_ny_overlap session: profit threshold=0.080%, check interval=1s
2025-05-08 09:43:14,554 - ArbitrageTrader - INFO - Updated 136 exchange rates
2025-05-08 09:43:14,618 - ArbitrageTrader - INFO - No profitable arbitrage opportunities found
2025-05-08 09:43:16,600 - ArbitrageTrader - INFO - Arbitrage trading stopped by user
2025-05-08 09:43:16,684 - ArbitrageTrader - INFO - Trading session complete. Final balance: 100177.6106
2025-05-08 09:43:16,684 - ArbitrageTrader - INFO - Total profit/loss: 0.0 (0.00%)
2025-05-08 09:43:16,686 - ArbitrageTrader - INFO - Performance data saved to ./data/performance_20250508_094316.json
2025-05-08 09:43:16,687 - ArbitrageTrader - INFO - Performance report saved to ./data/summary_20250508_094316.txt
